#
# A fatal error has been detected by the Java Runtime Environment:
#
#  SIGSEGV (0xb) at pc=0x00007ff3f3fce6fa, pid=32151, tid=140685346486016
#
# JRE version: OpenJDK Runtime Environment (7.0_75-b13) (build 1.7.0_75-b13)
# Java VM: OpenJDK 64-Bit Server VM (24.75-b04 mixed mode linux-amd64 compressed oops)
# Derivative: IcedTea 2.5.4
# Distribution: Ubuntu 14.04 LTS, package 7u75-2.5.4-1~trusty1
# Problematic frame:
# v  ~BufferBlob::jni_fast_GetLongField
#
# Failed to write core dump. Core dumps have been disabled. To enable core dumping, try "ulimit -c unlimited" before starting Java again
#
# If you would like to submit a bug report, please include
# instructions on how to reproduce the bug and visit:
#   http://icedtea.classpath.org/bugzilla
# The crash happened outside the Java Virtual Machine in native code.
# See problematic frame for where to report the bug.
#

---------------  T H R E A D  ---------------

Current thread (0x00007ff3f8207800):  JavaThread "AWT-XAWT" daemon [_thread_in_native, id=32172, stack(0x00007ff3dc0a3000,0x00007ff3dc1a4000)]

siginfo:si_signo=SIGSEGV: si_errno=0, si_code=1 (SEGV_MAPERR), si_addr=0x0000000000000000

Registers:
RAX=0x00007ff3fd72f080, RBX=0x00007ff3f82079d8, RCX=0x00007ff3fdba6320, RDX=0x0000000000000042
RSP=0x00007ff3dc1a27f8, RBP=0x00007ff3dc1a2820, RSI=0x0000000000000000, RDI=0x00007ff3f82079d8
R8 =0x0000000000000005, R9 =0x0000000000000000, R10=0x00000000000002d6, R11=0x00007ff3fd1cddd0
R12=0x00007ff3a005d340, R13=0x0000000000000000, R14=0x00007ff3f0cf4d80, R15=0x00007ff3f8207800
RIP=0x00007ff3f3fce6fa, EFLAGS=0x0000000000010246, CSGSFS=0x0000000000000033, ERR=0x0000000000000004
  TRAPNO=0x000000000000000e

Top of Stack: (sp=0x00007ff3dc1a27f8)
0x00007ff3dc1a27f8:   00007ff3f0ac66f4 000000077b208f68
0x00007ff3dc1a2808:   00007ff3a005d340 000000077b208f68
0x00007ff3dc1a2818:   00007ff3dc1a2910 0000000000000000
0x00007ff3dc1a2828:   00007ff3f05a7ae8 000000077b208f68
0x00007ff3dc1a2838:   00007ff3dc1a2860 0000000000000000
0x00007ff3dc1a2848:   00007ff3f059f9a3 000000077b208f68
0x00007ff3dc1a2858:   00007ff3f0abb20f 00007ff3dc1a28d8
0x00007ff3dc1a2868:   00007ff3f3f85d98 0000000000000000
0x00007ff3dc1a2878:   00000007d90183d8 00000007d9114c78
0x00007ff3dc1a2888:   00007ff3dc1a2888 000000077b6cbdf6
0x00007ff3dc1a2898:   00007ff3dc1a2898 0000000000000000
0x00007ff3dc1a28a8:   00007ff3dc1a2910 000000077b20f0f0
0x00007ff3dc1a28b8:   0000000000000000 000000077b208f68
0x00007ff3dc1a28c8:   0000000000000000 00007ff3dc1a2920
0x00007ff3dc1a28d8:   0000000000000000 00007ff3f4104834
0x00007ff3dc1a28e8:   00000007d939f6d0 00007ff3f3f81cc0
0x00007ff3dc1a28f8:   0000000000000000 0000000000000000
0x00007ff3dc1a2908:   00007ff3a8002dc0 0000000000000000
0x00007ff3dc1a2918:   00007ff3f4104834 00000007d913efa0
0x00007ff3dc1a2928:   0000000500000000 0000000000000000
0x00007ff3dc1a2938:   00000007d9008760 fb227df4fb227df4
0x00007ff3dc1a2948:   00000007fb201088 00000000000000bf
0x00007ff3dc1a2958:   fb227df4fb227df4 00000007d90183d8
0x00007ff3dc1a2968:   00000007d9036b18 0000000000000009
0x00007ff3dc1a2978:   0000000000000000 00007ff3dc1a29e0
0x00007ff3dc1a2988:   00007ff3f3f79058 0000000000000000
0x00007ff3dc1a2998:   00000007d9008760 00007ff3dc1a29a0
0x00007ff3dc1a29a8:   000000077b365575 00007ff3dc1a29f0
0x00007ff3dc1a29b8:   000000077b3725c0 0000000000000000
0x00007ff3dc1a29c8:   000000077b365590 00007ff3dc1a2990
0x00007ff3dc1a29d8:   00007ff3dc1a29f0 00007ff3dc1a2a38
0x00007ff3dc1a29e8:   00007ff3f3f79706 00000007d9008760 

Instructions: (pc=0x00007ff3f3fce6fa)
0x00007ff3f3fce6da:   00 00 00 00 00 00 44 8b 15 7d b1 78 09 4c 8b ce
0x00007ff3f3fce6ea:   41 f6 c2 01 0f 85 2e 00 00 00 4d 33 ca 4d 33 ca
0x00007ff3f3fce6fa:   4d 8b 09 4c 8b da 49 c1 eb 02 4b 8b 04 19 49 bb
0x00007ff3f3fce70a:   64 98 75 fd f3 7f 00 00 4c 33 d8 4c 33 d8 45 3b 

Register to memory mapping:

RAX=0x00007ff3fd72f080: <offset 0xdbe080> in /usr/lib/jvm/java-7-openjdk-amd64/jre/lib/amd64/server/libjvm.so at 0x00007ff3fc971000
RBX=0x00007ff3f82079d8 is an unknown value
RCX=0x00007ff3fdba6320: <offset 0x219320> in /lib/x86_64-linux-gnu/libpthread.so.0 at 0x00007ff3fd98d000
RDX=0x0000000000000042 is an unknown value
RSP=0x00007ff3dc1a27f8 is pointing into the stack for thread: 0x00007ff3f8207800
RBP=0x00007ff3dc1a2820 is pointing into the stack for thread: 0x00007ff3f8207800
RSI=0x0000000000000000 is an unknown value
RDI=0x00007ff3f82079d8 is an unknown value
R8 =0x0000000000000005 is an unknown value
R9 =0x0000000000000000 is an unknown value
R10=0x00000000000002d6 is an unknown value
R11=0x00007ff3fd1cddd0: <offset 0x85cdd0> in /usr/lib/jvm/java-7-openjdk-amd64/jre/lib/amd64/server/libjvm.so at 0x00007ff3fc971000
R12=0x00007ff3a005d340 is an unknown value
R13=0x0000000000000000 is an unknown value
R14=0x00007ff3f0cf4d80: <offset 0x24ad80> in /usr/lib/jvm/java-7-openjdk-amd64/jre/lib/amd64/xawt/libmawt.so at 0x00007ff3f0aaa000
R15=0x00007ff3f8207800 is a thread


Stack: [0x00007ff3dc0a3000,0x00007ff3dc1a4000],  sp=0x00007ff3dc1a27f8,  free space=1021k
Native frames: (J=compiled Java code, j=interpreted, Vv=VM code, C=native code)
v  ~BufferBlob::jni_fast_GetLongField

Java frames: (J=compiled Java code, j=interpreted, Vv=VM code)
j  sun.awt.X11.XlibWrapper.XFilterEvent(JJ)Z+0
J 453% C2 sun.awt.X11.XToolkit.run(Z)V (410 bytes) @ 0x00007ff3f4104834 [0x00007ff3f4103ca0+0xb94]
j  sun.awt.X11.XToolkit.run()V+5
j  java.lang.Thread.run()V+11
v  ~StubRoutines::call_stub

---------------  P R O C E S S  ---------------

Java Threads: ( => current thread )
  0x00007ff388001000 JavaThread "XToolkt-Shutdown-Thread" [_thread_in_native, id=19230, stack(0x00007ff3b49e9000,0x00007ff3b4aea000)]
  0x00007ff3cc001000 JavaThread "SIGTERM handler" daemon [_thread_blocked, id=19222, stack(0x00007ff3b48e8000,0x00007ff3b49e9000)]
  0x00007ff3a01d1000 JavaThread "SwingWorker-pool-1-thread-3" daemon [_thread_blocked, id=32262, stack(0x00007ff3b4aea000,0x00007ff3b4beb000)]
  0x00007ff3a01cf800 JavaThread "SwingWorker-pool-1-thread-2" daemon [_thread_blocked, id=32215, stack(0x00007ff3b4beb000,0x00007ff3b4cec000)]
  0x00007ff3a0294800 JavaThread "SwingWorker-pool-1-thread-1" daemon [_thread_blocked, id=32182, stack(0x00007ff3b4cec000,0x00007ff3b4ded000)]
  0x00007ff3a0081800 JavaThread "TimerQueue" daemon [_thread_blocked, id=32176, stack(0x00007ff3b6749000,0x00007ff3b684a000)]
  0x00007ff3f800a000 JavaThread "DestroyJavaVM" [_thread_blocked, id=32158, stack(0x00007ff3fe47f000,0x00007ff3fe580000)]
  0x00007ff3f826c000 JavaThread "AWT-EventQueue-0" [_thread_blocked, id=32174, stack(0x00007ff3b6f3c000,0x00007ff3b703d000)]
  0x00007ff3f8232800 JavaThread "AWT-Shutdown" [_thread_blocked, id=32173, stack(0x00007ff3b703d000,0x00007ff3b713e000)]
=>0x00007ff3f8207800 JavaThread "AWT-XAWT" daemon [_thread_in_native, id=32172, stack(0x00007ff3dc0a3000,0x00007ff3dc1a4000)]
  0x00007ff3f81e4800 JavaThread "Java2D Disposer" daemon [_thread_blocked, id=32171, stack(0x00007ff3f0035000,0x00007ff3f0136000)]
  0x00007ff3f80ae000 JavaThread "Service Thread" daemon [_thread_blocked, id=32169, stack(0x00007ff3f10c8000,0x00007ff3f11c9000)]
  0x00007ff3f80ab800 JavaThread "C2 CompilerThread1" daemon [_thread_blocked, id=32168, stack(0x00007ff3f11c9000,0x00007ff3f12ca000)]
  0x00007ff3f80a8800 JavaThread "C2 CompilerThread0" daemon [_thread_blocked, id=32167, stack(0x00007ff3f12ca000,0x00007ff3f13cb000)]
  0x00007ff3f80a6800 JavaThread "Signal Dispatcher" daemon [_thread_blocked, id=32166, stack(0x00007ff3f13cb000,0x00007ff3f14cc000)]
  0x00007ff3f807c000 JavaThread "Finalizer" daemon [_thread_blocked, id=32165, stack(0x00007ff3f1bae000,0x00007ff3f1caf000)]
  0x00007ff3f807a000 JavaThread "Reference Handler" daemon [_thread_blocked, id=32164, stack(0x00007ff3f1caf000,0x00007ff3f1db0000)]

Other Threads:
  0x00007ff3f8075800 VMThread [stack: 0x00007ff3f1db0000,0x00007ff3f1eb1000] [id=32163]
  0x00007ff3f80b8800 WatcherThread [stack: 0x00007ff3f0fc7000,0x00007ff3f10c8000] [id=32170]

VM state:not at safepoint (normal execution)

VM Mutex/Monitor currently owned by a thread: None

Heap
 PSYoungGen      total 36864K, used 27219K [0x00000007d7100000, 0x00000007d9a00000, 0x0000000800000000)
  eden space 31744K, 69% used [0x00000007d7100000,0x00000007d86986f8,0x00000007d9000000)
  from space 5120K, 99% used [0x00000007d9000000,0x00000007d94fc780,0x00000007d9500000)
  to   space 5120K, 0% used [0x00000007d9500000,0x00000007d9500000,0x00000007d9a00000)
 ParOldGen       total 83456K, used 2169K [0x0000000785400000, 0x000000078a580000, 0x00000007d7100000)
  object space 83456K, 2% used [0x0000000785400000,0x000000078561e7a8,0x000000078a580000)
 PSPermGen       total 21504K, used 19062K [0x000000077ae00000, 0x000000077c300000, 0x0000000785400000)
  object space 21504K, 88% used [0x000000077ae00000,0x000000077c09d8e0,0x000000077c300000)

Card table byte_map: [0x00007ff3f3b49000,0x00007ff3f3f73000] byte_map_base: 0x00007ff3eff72000

Polling page: 0x00007ff3fe5a1000

Code Cache  [0x00007ff3f3f73000, 0x00007ff3f41e3000, 0x00007ff3f6f73000)
 total_blobs=985 nmethods=422 adapters=516 free_code_cache=47603Kb largest_free_block=48650944

Compilation events (10 events):
Event: 2692.595 Thread 0x00007ff3f80a8800  449             java.util.TreeMap::get (19 bytes)
Event: 2692.599 Thread 0x00007ff3f80a8800 nmethod 449 0x00007ff3f4055310 code [0x00007ff3f4055480, 0x00007ff3f40556a8]
Event: 2725.770 Thread 0x00007ff3f80ab800  450             sun.awt.X11.XEvent::get_xany (22 bytes)
Event: 2725.775 Thread 0x00007ff3f80ab800 nmethod 450 0x00007ff3f40ef7d0 code [0x00007ff3f40ef9a0, 0x00007ff3f40efdd0]
Event: 3027.976 Thread 0x00007ff3f80a8800  451   !         sun.awt.X11.XToolkit::getNextTaskTime (55 bytes)
Event: 3027.986 Thread 0x00007ff3f80a8800 nmethod 451 0x00007ff3f4074f90 code [0x00007ff3f4075120, 0x00007ff3f4075470]
Event: 3687.448 Thread 0x00007ff3f80ab800  453 % !         sun.awt.X11.XToolkit::run @ 59 (410 bytes)
Event: 3687.546 Thread 0x00007ff3f80ab800 nmethod 453% 0x00007ff3f4103350 code [0x00007ff3f4103ca0, 0x00007ff3f4107fd8]
Event: 3694.558 Thread 0x00007ff3f80a8800  454   !         sun.awt.X11.XToolkit::windowToXWindow (27 bytes)
Event: 3694.564 Thread 0x00007ff3f80a8800 nmethod 454 0x00007ff3f40eed10 code [0x00007ff3f40eeea0, 0x00007ff3f40ef428]

GC Heap History (2 events):
Event: 19.066 GC heap before
{Heap before GC invocations=1 (full 0):
 PSYoungGen      total 36864K, used 31744K [0x00000007d7100000, 0x00000007d9a00000, 0x0000000800000000)
  eden space 31744K, 100% used [0x00000007d7100000,0x00000007d9000000,0x00000007d9000000)
  from space 5120K, 0% used [0x00000007d9500000,0x00000007d9500000,0x00000007d9a00000)
  to   space 5120K, 0% used [0x00000007d9000000,0x00000007d9000000,0x00000007d9500000)
 ParOldGen       total 83456K, used 0K [0x0000000785400000, 0x000000078a580000, 0x00000007d7100000)
  object space 83456K, 0% used [0x0000000785400000,0x0000000785400000,0x000000078a580000)
 PSPermGen       total 21504K, used 18669K [0x000000077ae00000, 0x000000077c300000, 0x0000000785400000)
  object space 21504K, 86% used [0x000000077ae00000,0x000000077c03b728,0x000000077c300000)
Event: 19.082 GC heap after
Heap after GC invocations=1 (full 0):
 PSYoungGen      total 36864K, used 5105K [0x00000007d7100000, 0x00000007d9a00000, 0x0000000800000000)
  eden space 31744K, 0% used [0x00000007d7100000,0x00000007d7100000,0x00000007d9000000)
  from space 5120K, 99% used [0x00000007d9000000,0x00000007d94fc780,0x00000007d9500000)
  to   space 5120K, 0% used [0x00000007d9500000,0x00000007d9500000,0x00000007d9a00000)
 ParOldGen       total 83456K, used 2169K [0x0000000785400000, 0x000000078a580000, 0x00000007d7100000)
  object space 83456K, 2% used [0x0000000785400000,0x000000078561e7a8,0x000000078a580000)
 PSPermGen       total 21504K, used 18669K [0x000000077ae00000, 0x000000077c300000, 0x0000000785400000)
  object space 21504K, 86% used [0x000000077ae00000,0x000000077c03b728,0x000000077c300000)
}

Deoptimization events (10 events):
Event: 65.551 Thread 0x00007ff3f826c000 Uncommon trap: reason=bimorphic action=maybe_recompile pc=0x00007ff3f40b0058 method=javax.swing.text.View.getEndOffset()I @ 4
Event: 65.553 Thread 0x00007ff3f826c000 Uncommon trap: reason=bimorphic action=maybe_recompile pc=0x00007ff3f40b0058 method=javax.swing.text.View.getEndOffset()I @ 4
Event: 65.553 Thread 0x00007ff3f826c000 Uncommon trap: reason=bimorphic action=maybe_recompile pc=0x00007ff3f4055668 method=javax.swing.text.View.getStartOffset()I @ 4
Event: 65.553 Thread 0x00007ff3f826c000 Uncommon trap: reason=bimorphic action=maybe_recompile pc=0x00007ff3f40b0058 method=javax.swing.text.View.getEndOffset()I @ 4
Event: 66.049 Thread 0x00007ff3f826c000 Uncommon trap: reason=bimorphic action=maybe_recompile pc=0x00007ff3f4055668 method=javax.swing.text.View.getStartOffset()I @ 4
Event: 66.548 Thread 0x00007ff3f826c000 Uncommon trap: reason=bimorphic action=maybe_recompile pc=0x00007ff3f4055668 method=javax.swing.text.View.getStartOffset()I @ 4
Event: 68.830 Thread 0x00007ff3a01d1000 Uncommon trap: reason=bimorphic action=maybe_recompile pc=0x00007ff3f40b95c4 method=sun.font.AttributeValues.equals(Ljava/lang/Object;Ljava/lang/Object;)Z @ 18
Event: 68.832 Thread 0x00007ff3a01d1000 Uncommon trap: reason=bimorphic action=maybe_recompile pc=0x00007ff3f40b95c4 method=sun.font.AttributeValues.equals(Ljava/lang/Object;Ljava/lang/Object;)Z @ 18
Event: 68.832 Thread 0x00007ff3a01d1000 Uncommon trap: reason=bimorphic action=maybe_recompile pc=0x00007ff3f40b95c4 method=sun.font.AttributeValues.equals(Ljava/lang/Object;Ljava/lang/Object;)Z @ 18
Event: 68.832 Thread 0x00007ff3a01d1000 Uncommon trap: reason=bimorphic action=maybe_recompile pc=0x00007ff3f40b95c4 method=sun.font.AttributeValues.equals(Ljava/lang/Object;Ljava/lang/Object;)Z @ 18

Internal exceptions (10 events):
Event: 68.833 Thread 0x00007ff3a01d1000 Threw 0x00000007d7de8bf0 at /build/buildd/openjdk-7-7u75-2.5.4/build/openjdk/hotspot/src/share/vm/interpreter/interpreterRuntime.cpp:388
Event: 68.862 Thread 0x00007ff3a01d1000 Threw 0x00000007d7e86670 at /build/buildd/openjdk-7-7u75-2.5.4/build/openjdk/hotspot/src/share/vm/interpreter/interpreterRuntime.cpp:388
Event: 68.865 Thread 0x00007ff3a01d1000 Threw 0x00000007d7e92438 at /build/buildd/openjdk-7-7u75-2.5.4/build/openjdk/hotspot/src/share/vm/interpreter/interpreterRuntime.cpp:388
Event: 69.002 Thread 0x00007ff3a01d1000 Threw 0x00000007d7ea3df0 at /build/buildd/openjdk-7-7u75-2.5.4/build/openjdk/hotspot/src/share/vm/interpreter/interpreterRuntime.cpp:388
Event: 69.003 Thread 0x00007ff3a01d1000 Threw 0x00000007d7ea6988 at /build/buildd/openjdk-7-7u75-2.5.4/build/openjdk/hotspot/src/share/vm/interpreter/interpreterRuntime.cpp:388
Event: 69.004 Thread 0x00007ff3a01d1000 Threw 0x00000007d7f50a10 at /build/buildd/openjdk-7-7u75-2.5.4/build/openjdk/hotspot/src/share/vm/interpreter/interpreterRuntime.cpp:388
Event: 69.006 Thread 0x00007ff3a01d1000 Threw 0x00000007d7f5aa78 at /build/buildd/openjdk-7-7u75-2.5.4/build/openjdk/hotspot/src/share/vm/interpreter/interpreterRuntime.cpp:388
Event: 69.023 Thread 0x00007ff3a01d1000 Threw 0x00000007d7f933f8 at /build/buildd/openjdk-7-7u75-2.5.4/build/openjdk/hotspot/src/share/vm/interpreter/interpreterRuntime.cpp:388
Event: 69.025 Thread 0x00007ff3a01d1000 Threw 0x00000007d7f98850 at /build/buildd/openjdk-7-7u75-2.5.4/build/openjdk/hotspot/src/share/vm/interpreter/interpreterRuntime.cpp:388
Event: 69.026 Thread 0x00007ff3a01d1000 Threw 0x00000007d7f9ba68 at /build/buildd/openjdk-7-7u75-2.5.4/build/openjdk/hotspot/src/share/vm/interpreter/interpreterRuntime.cpp:388

Events (10 events):
Event: 2692.599 Thread 0x00007ff3f80a8800 flushing nmethod 0x00007ff3f405f0d0
Event: 2692.599 Thread 0x00007ff3f80a8800 flushing nmethod 0x00007ff3f4061850
Event: 2725.775 Thread 0x00007ff3f80ab800 flushing nmethod 0x00007ff3f4074cd0
Event: 3694.564 Thread 0x00007ff3f80a8800 flushing nmethod 0x00007ff3f40a3cd0
Event: 24805.506 loading class 0x00007ff3c005eb50
Event: 24806.325 loading class 0x00007ff3c005eb50 done
Event: 24806.326 loading class 0x00007ff3c005fd20
Event: 24806.412 loading class 0x00007ff3c005fd20 done
Event: 63553.110 loading class 0x00007ff3c001a5c0
Event: 63553.375 loading class 0x00007ff3c001a5c0 done


Dynamic libraries:
00400000-00401000 r-xp 00000000 08:02 22818494                           /usr/lib/jvm/java-7-openjdk-amd64/jre/bin/java
00600000-00601000 r--p 00000000 08:02 22818494                           /usr/lib/jvm/java-7-openjdk-amd64/jre/bin/java
00601000-00602000 rw-p 00001000 08:02 22818494                           /usr/lib/jvm/java-7-openjdk-amd64/jre/bin/java
022f6000-02317000 rw-p 00000000 00:00 0                                  [heap]
77ae00000-77c300000 rw-p 00000000 00:00 0 
77c300000-785400000 rw-p 00000000 00:00 0 
785400000-78a580000 rw-p 00000000 00:00 0 
78a580000-7d7100000 rw-p 00000000 00:00 0 
7d7100000-7d9a00000 rw-p 00000000 00:00 0 
7d9a00000-800000000 rw-p 00000000 00:00 0 
7ff380000000-7ff380021000 rw-p 00000000 00:00 0 
7ff380021000-7ff384000000 ---p 00000000 00:00 0 
7ff384000000-7ff384021000 rw-p 00000000 00:00 0 
7ff384021000-7ff388000000 ---p 00000000 00:00 0 
7ff388000000-7ff388021000 rw-p 00000000 00:00 0 
7ff388021000-7ff38c000000 ---p 00000000 00:00 0 
7ff38c000000-7ff38c021000 rw-p 00000000 00:00 0 
7ff38c021000-7ff390000000 ---p 00000000 00:00 0 
7ff390000000-7ff390021000 rw-p 00000000 00:00 0 
7ff390021000-7ff394000000 ---p 00000000 00:00 0 
7ff394000000-7ff39402f000 rw-p 00000000 00:00 0 
7ff39402f000-7ff398000000 ---p 00000000 00:00 0 
7ff398000000-7ff398166000 rw-p 00000000 00:00 0 
7ff398166000-7ff39c000000 ---p 00000000 00:00 0 
7ff39c000000-7ff39c021000 rw-p 00000000 00:00 0 
7ff39c021000-7ff3a0000000 ---p 00000000 00:00 0 
7ff3a0000000-7ff3a02c1000 rw-p 00000000 00:00 0 
7ff3a02c1000-7ff3a4000000 ---p 00000000 00:00 0 
7ff3a4000000-7ff3a4021000 rw-p 00000000 00:00 0 
7ff3a4021000-7ff3a8000000 ---p 00000000 00:00 0 
7ff3a8000000-7ff3a8021000 rw-p 00000000 00:00 0 
7ff3a8021000-7ff3ac000000 ---p 00000000 00:00 0 
7ff3ac000000-7ff3ac021000 rw-p 00000000 00:00 0 
7ff3ac021000-7ff3b0000000 ---p 00000000 00:00 0 
7ff3b0000000-7ff3b0021000 rw-p 00000000 00:00 0 
7ff3b0021000-7ff3b4000000 ---p 00000000 00:00 0 
7ff3b4204000-7ff3b4207000 ---p 00000000 00:00 0 
7ff3b4207000-7ff3b4305000 rw-p 00000000 00:00 0 
7ff3b4305000-7ff3b4308000 ---p 00000000 00:00 0 
7ff3b4308000-7ff3b4406000 rw-p 00000000 00:00 0 
7ff3b4406000-7ff3b4409000 ---p 00000000 00:00 0 
7ff3b4409000-7ff3b4507000 rw-p 00000000 00:00 0 
7ff3b4507000-7ff3b48e8000 rw-s 00000000 00:04 71172134                   /SYSV00000000 (deleted)
7ff3b48e8000-7ff3b48eb000 ---p 00000000 00:00 0 
7ff3b48eb000-7ff3b49e9000 rw-p 00000000 00:00 0                          [stack:19222]
7ff3b49e9000-7ff3b49ec000 ---p 00000000 00:00 0 
7ff3b49ec000-7ff3b4aea000 rw-p 00000000 00:00 0                          [stack:19230]
7ff3b4aea000-7ff3b4aed000 ---p 00000000 00:00 0 
7ff3b4aed000-7ff3b4beb000 rw-p 00000000 00:00 0                          [stack:32262]
7ff3b4beb000-7ff3b4bee000 ---p 00000000 00:00 0 
7ff3b4bee000-7ff3b4cec000 rw-p 00000000 00:00 0                          [stack:32215]
7ff3b4cec000-7ff3b4cef000 ---p 00000000 00:00 0 
7ff3b4cef000-7ff3b4ded000 rw-p 00000000 00:00 0                          [stack:32182]
7ff3b4ded000-7ff3b4df2000 r-xp 00000000 08:02 29098185                   /lib/x86_64-linux-gnu/libnss_dns-2.19.so
7ff3b4df2000-7ff3b4ff1000 ---p 00005000 08:02 29098185                   /lib/x86_64-linux-gnu/libnss_dns-2.19.so
7ff3b4ff1000-7ff3b4ff2000 r--p 00004000 08:02 29098185                   /lib/x86_64-linux-gnu/libnss_dns-2.19.so
7ff3b4ff2000-7ff3b4ff3000 rw-p 00005000 08:02 29098185                   /lib/x86_64-linux-gnu/libnss_dns-2.19.so
7ff3b4ff3000-7ff3b4ff5000 r-xp 00000000 08:02 29102030                   /lib/x86_64-linux-gnu/libnss_mdns4_minimal.so.2
7ff3b4ff5000-7ff3b51f4000 ---p 00002000 08:02 29102030                   /lib/x86_64-linux-gnu/libnss_mdns4_minimal.so.2
7ff3b51f4000-7ff3b51f5000 r--p 00001000 08:02 29102030                   /lib/x86_64-linux-gnu/libnss_mdns4_minimal.so.2
7ff3b51f5000-7ff3b51f6000 rw-p 00002000 08:02 29102030                   /lib/x86_64-linux-gnu/libnss_mdns4_minimal.so.2
7ff3b51f6000-7ff3b526e000 r-xp 00000000 08:02 21633402                   /usr/lib/x86_64-linux-gnu/nss/libfreebl3.so
7ff3b526e000-7ff3b546e000 ---p 00078000 08:02 21633402                   /usr/lib/x86_64-linux-gnu/nss/libfreebl3.so
7ff3b546e000-7ff3b5470000 r--p 00078000 08:02 21633402                   /usr/lib/x86_64-linux-gnu/nss/libfreebl3.so
7ff3b5470000-7ff3b5471000 rw-p 0007a000 08:02 21633402                   /usr/lib/x86_64-linux-gnu/nss/libfreebl3.so
7ff3b5471000-7ff3b5475000 rw-p 00000000 00:00 0 
7ff3b5475000-7ff3b5529000 r-xp 00000000 08:02 21242112                   /usr/lib/x86_64-linux-gnu/libsqlite3.so.0.8.6
7ff3b5529000-7ff3b5729000 ---p 000b4000 08:02 21242112                   /usr/lib/x86_64-linux-gnu/libsqlite3.so.0.8.6
7ff3b5729000-7ff3b572b000 r--p 000b4000 08:02 21242112                   /usr/lib/x86_64-linux-gnu/libsqlite3.so.0.8.6
7ff3b572b000-7ff3b572d000 rw-p 000b6000 08:02 21242112                   /usr/lib/x86_64-linux-gnu/libsqlite3.so.0.8.6
7ff3b572d000-7ff3b572e000 rw-p 00000000 00:00 0 
7ff3b572e000-7ff3b576e000 r-xp 00000000 08:02 21633400                   /usr/lib/x86_64-linux-gnu/nss/libsoftokn3.so
7ff3b576e000-7ff3b596e000 ---p 00040000 08:02 21633400                   /usr/lib/x86_64-linux-gnu/nss/libsoftokn3.so
7ff3b596e000-7ff3b596f000 r--p 00040000 08:02 21633400                   /usr/lib/x86_64-linux-gnu/nss/libsoftokn3.so
7ff3b596f000-7ff3b5970000 rw-p 00041000 08:02 21633400                   /usr/lib/x86_64-linux-gnu/nss/libsoftokn3.so
7ff3b5970000-7ff3b59a8000 r-xp 00000000 08:02 21235920                   /usr/lib/x86_64-linux-gnu/libnspr4.so
7ff3b59a8000-7ff3b5ba8000 ---p 00038000 08:02 21235920                   /usr/lib/x86_64-linux-gnu/libnspr4.so
7ff3b5ba8000-7ff3b5ba9000 r--p 00038000 08:02 21235920                   /usr/lib/x86_64-linux-gnu/libnspr4.so
7ff3b5ba9000-7ff3b5baa000 rw-p 00039000 08:02 21235920                   /usr/lib/x86_64-linux-gnu/libnspr4.so
7ff3b5baa000-7ff3b5bad000 rw-p 00000000 00:00 0 
7ff3b5bad000-7ff3b5bb0000 r-xp 00000000 08:02 21235918                   /usr/lib/x86_64-linux-gnu/libplds4.so
7ff3b5bb0000-7ff3b5daf000 ---p 00003000 08:02 21235918                   /usr/lib/x86_64-linux-gnu/libplds4.so
7ff3b5daf000-7ff3b5db0000 r--p 00002000 08:02 21235918                   /usr/lib/x86_64-linux-gnu/libplds4.so
7ff3b5db0000-7ff3b5db1000 rw-p 00003000 08:02 21235918                   /usr/lib/x86_64-linux-gnu/libplds4.so
7ff3b5db1000-7ff3b5db5000 r-xp 00000000 08:02 21235919                   /usr/lib/x86_64-linux-gnu/libplc4.so
7ff3b5db5000-7ff3b5fb4000 ---p 00004000 08:02 21235919                   /usr/lib/x86_64-linux-gnu/libplc4.so
7ff3b5fb4000-7ff3b5fb5000 r--p 00003000 08:02 21235919                   /usr/lib/x86_64-linux-gnu/libplc4.so
7ff3b5fb5000-7ff3b5fb6000 rw-p 00004000 08:02 21235919                   /usr/lib/x86_64-linux-gnu/libplc4.so
7ff3b5fb6000-7ff3b5fdb000 r-xp 00000000 08:02 21233763                   /usr/lib/x86_64-linux-gnu/libnssutil3.so
7ff3b5fdb000-7ff3b61da000 ---p 00025000 08:02 21233763                   /usr/lib/x86_64-linux-gnu/libnssutil3.so
7ff3b61da000-7ff3b61e0000 r--p 00024000 08:02 21233763                   /usr/lib/x86_64-linux-gnu/libnssutil3.so
7ff3b61e0000-7ff3b61e1000 rw-p 0002a000 08:02 21233763                   /usr/lib/x86_64-linux-gnu/libnssutil3.so
7ff3b61e1000-7ff3b6314000 r-xp 00000000 08:02 21233764                   /usr/lib/x86_64-linux-gnu/libnss3.so
7ff3b6314000-7ff3b6513000 ---p 00133000 08:02 21233764                   /usr/lib/x86_64-linux-gnu/libnss3.so
7ff3b6513000-7ff3b6518000 r--p 00132000 08:02 21233764                   /usr/lib/x86_64-linux-gnu/libnss3.so
7ff3b6518000-7ff3b651a000 rw-p 00137000 08:02 21233764                   /usr/lib/x86_64-linux-gnu/libnss3.so
7ff3b651a000-7ff3b651b000 rw-p 00000000 00:00 0 
7ff3b6538000-7ff3b6548000 r-xp 00000000 08:02 22427647                   /usr/lib/jvm/java-7-openjdk-amd64/jre/lib/amd64/libj2pkcs11.so
7ff3b6548000-7ff3b6747000 ---p 00010000 08:02 22427647                   /usr/lib/jvm/java-7-openjdk-amd64/jre/lib/amd64/libj2pkcs11.so
7ff3b6747000-7ff3b6748000 r--p 0000f000 08:02 22427647                   /usr/lib/jvm/java-7-openjdk-amd64/jre/lib/amd64/libj2pkcs11.so
7ff3b6748000-7ff3b6749000 rw-p 00010000 08:02 22427647                   /usr/lib/jvm/java-7-openjdk-amd64/jre/lib/amd64/libj2pkcs11.so
7ff3b6749000-7ff3b674c000 ---p 00000000 00:00 0 
7ff3b674c000-7ff3b684a000 rw-p 00000000 00:00 0                          [stack:32176]
7ff3b684a000-7ff3b685a000 r--s 00000000 08:02 25167923                   /usr/share/texlive/texmf-dist/fonts/type1/adobe/courier/pcrb8a.pfb
7ff3b685a000-7ff3b6872000 r--s 00000000 08:02 22285132                   /usr/share/fonts/type1/gsfonts/n022003l.pfb
7ff3b6872000-7ff3b6883000 r--s 00000000 08:02 22285105                   /usr/share/fonts/type1/gsfonts/n019024l.pfb
7ff3b689c000-7ff3b68ae000 r--s 00000000 08:02 22285099                   /usr/share/fonts/type1/gsfonts/n019004l.pfb
7ff3b68ae000-7ff3b68bd000 r--s 00000000 08:02 25167924                   /usr/share/texlive/texmf-dist/fonts/type1/adobe/courier/pcrro8a.pfb
7ff3b68bd000-7ff3b68cd000 r-xp 00000000 08:02 22427291                   /usr/lib/jvm/java-7-openjdk-amd64/jre/lib/amd64/libnio.so
7ff3b68cd000-7ff3b6acd000 ---p 00010000 08:02 22427291                   /usr/lib/jvm/java-7-openjdk-amd64/jre/lib/amd64/libnio.so
7ff3b6acd000-7ff3b6ace000 r--p 00010000 08:02 22427291                   /usr/lib/jvm/java-7-openjdk-amd64/jre/lib/amd64/libnio.so
7ff3b6ace000-7ff3b6acf000 rw-p 00011000 08:02 22427291                   /usr/lib/jvm/java-7-openjdk-amd64/jre/lib/amd64/libnio.so
7ff3b6acf000-7ff3b6ae6000 r-xp 00000000 08:02 22427299                   /usr/lib/jvm/java-7-openjdk-amd64/jre/lib/amd64/libnet.so
7ff3b6ae6000-7ff3b6ce5000 ---p 00017000 08:02 22427299                   /usr/lib/jvm/java-7-openjdk-amd64/jre/lib/amd64/libnet.so
7ff3b6ce5000-7ff3b6ce6000 r--p 00016000 08:02 22427299                   /usr/lib/jvm/java-7-openjdk-amd64/jre/lib/amd64/libnet.so
7ff3b6ce6000-7ff3b6ce7000 rw-p 00017000 08:02 22427299                   /usr/lib/jvm/java-7-openjdk-amd64/jre/lib/amd64/libnet.so
7ff3b6ce7000-7ff3b6d38000 r-xp 00000000 08:02 22427619                   /usr/lib/jvm/java-7-openjdk-amd64/jre/lib/amd64/libfontmanager.so
7ff3b6d38000-7ff3b6f38000 ---p 00051000 08:02 22427619                   /usr/lib/jvm/java-7-openjdk-amd64/jre/lib/amd64/libfontmanager.so
7ff3b6f38000-7ff3b6f3b000 r--p 00051000 08:02 22427619                   /usr/lib/jvm/java-7-openjdk-amd64/jre/lib/amd64/libfontmanager.so
7ff3b6f3b000-7ff3b6f3c000 rw-p 00054000 08:02 22427619                   /usr/lib/jvm/java-7-openjdk-amd64/jre/lib/amd64/libfontmanager.so
7ff3b6f3c000-7ff3b6f3f000 ---p 00000000 00:00 0 
7ff3b6f3f000-7ff3b703d000 rw-p 00000000 00:00 0                          [stack:32174]
7ff3b703d000-7ff3b7040000 ---p 00000000 00:00 0 
7ff3b7040000-7ff3b713e000 rw-p 00000000 00:00 0                          [stack:32173]
7ff3b713e000-7ff3b7143000 r-xp 00000000 08:02 21241231                   /usr/lib/x86_64-linux-gnu/libXfixes.so.3.1.0
7ff3b7143000-7ff3b7342000 ---p 00005000 08:02 21241231                   /usr/lib/x86_64-linux-gnu/libXfixes.so.3.1.0
7ff3b7342000-7ff3b7343000 r--p 00004000 08:02 21241231                   /usr/lib/x86_64-linux-gnu/libXfixes.so.3.1.0
7ff3b7343000-7ff3b7344000 rw-p 00005000 08:02 21241231                   /usr/lib/x86_64-linux-gnu/libXfixes.so.3.1.0
7ff3b7344000-7ff3b734d000 r-xp 00000000 08:02 21241223                   /usr/lib/x86_64-linux-gnu/libXcursor.so.1.0.2
7ff3b734d000-7ff3b754c000 ---p 00009000 08:02 21241223                   /usr/lib/x86_64-linux-gnu/libXcursor.so.1.0.2
7ff3b754c000-7ff3b754d000 r--p 00008000 08:02 21241223                   /usr/lib/x86_64-linux-gnu/libXcursor.so.1.0.2
7ff3b754d000-7ff3b754e000 rw-p 00009000 08:02 21241223                   /usr/lib/x86_64-linux-gnu/libXcursor.so.1.0.2
7ff3b754e000-7ff3b7552000 r-xp 00000000 08:02 29101982                   /lib/x86_64-linux-gnu/libgpg-error.so.0.10.0
7ff3b7552000-7ff3b7751000 ---p 00004000 08:02 29101982                   /lib/x86_64-linux-gnu/libgpg-error.so.0.10.0
7ff3b7751000-7ff3b7752000 r--p 00003000 08:02 29101982                   /lib/x86_64-linux-gnu/libgpg-error.so.0.10.0
7ff3b7752000-7ff3b7753000 rw-p 00004000 08:02 29101982                   /lib/x86_64-linux-gnu/libgpg-error.so.0.10.0
7ff3b7753000-7ff3b7755000 r-xp 00000000 08:02 29101992                   /lib/x86_64-linux-gnu/libkeyutils.so.1.4
7ff3b7755000-7ff3b7955000 ---p 00002000 08:02 29101992                   /lib/x86_64-linux-gnu/libkeyutils.so.1.4
7ff3b7955000-7ff3b7956000 r--p 00002000 08:02 29101992                   /lib/x86_64-linux-gnu/libkeyutils.so.1.4
7ff3b7956000-7ff3b7957000 rw-p 00003000 08:02 29101992                   /lib/x86_64-linux-gnu/libkeyutils.so.1.4
7ff3b7957000-7ff3b7994000 r-xp 00000000 08:02 29102052                   /lib/x86_64-linux-gnu/libpcre.so.3.13.1
7ff3b7994000-7ff3b7b93000 ---p 0003d000 08:02 29102052                   /lib/x86_64-linux-gnu/libpcre.so.3.13.1
7ff3b7b93000-7ff3b7b94000 r--p 0003c000 08:02 29102052                   /lib/x86_64-linux-gnu/libpcre.so.3.13.1
7ff3b7b94000-7ff3b7b95000 rw-p 0003d000 08:02 29102052                   /lib/x86_64-linux-gnu/libpcre.so.3.13.1
7ff3b7b95000-7ff3b7bba000 r-xp 00000000 08:02 29102064                   /lib/x86_64-linux-gnu/libpng12.so.0.50.0
7ff3b7bba000-7ff3b7db9000 ---p 00025000 08:02 29102064                   /lib/x86_64-linux-gnu/libpng12.so.0.50.0
7ff3b7db9000-7ff3b7dba000 r--p 00024000 08:02 29102064                   /lib/x86_64-linux-gnu/libpng12.so.0.50.0
7ff3b7dba000-7ff3b7dbb000 rw-p 00025000 08:02 29102064                   /lib/x86_64-linux-gnu/libpng12.so.0.50.0
7ff3b7dbb000-7ff3b7dff000 r-xp 00000000 08:02 29101967                   /lib/x86_64-linux-gnu/libdbus-1.so.3.7.6
7ff3b7dff000-7ff3b7ffe000 ---p 00044000 08:02 29101967                   /lib/x86_64-linux-gnu/libdbus-1.so.3.7.6
7ff3b7ffe000-7ff3b7fff000 r--p 00043000 08:02 29101967                   /lib/x86_64-linux-gnu/libdbus-1.so.3.7.6
7ff3b7fff000-7ff3b8000000 rw-p 00044000 08:02 29101967                   /lib/x86_64-linux-gnu/libdbus-1.so.3.7.6
7ff3b8000000-7ff3b8021000 rw-p 00000000 00:00 0 
7ff3b8021000-7ff3bc000000 ---p 00000000 00:00 0 
7ff3bc000000-7ff3bc021000 rw-p 00000000 00:00 0 
7ff3bc021000-7ff3c0000000 ---p 00000000 00:00 0 
7ff3c0000000-7ff3c07ae000 rw-p 00000000 00:00 0 
7ff3c07ae000-7ff3c4000000 ---p 00000000 00:00 0 
7ff3c4000000-7ff3c4ad2000 rw-p 00000000 00:00 0 
7ff3c4ad2000-7ff3c8000000 ---p 00000000 00:00 0 
7ff3c8000000-7ff3c8021000 rw-p 00000000 00:00 0 
7ff3c8021000-7ff3cc000000 ---p 00000000 00:00 0 
7ff3cc000000-7ff3cc021000 rw-p 00000000 00:00 0 
7ff3cc021000-7ff3d0000000 ---p 00000000 00:00 0 
7ff3d0000000-7ff3d0031000 rw-p 00000000 00:00 0 
7ff3d0031000-7ff3d4000000 ---p 00000000 00:00 0 
7ff3d4000000-7ff3d4021000 rw-p 00000000 00:00 0 
7ff3d4021000-7ff3d8000000 ---p 00000000 00:00 0 
7ff3d8000000-7ff3d8021000 rw-p 00000000 00:00 0 
7ff3d8021000-7ff3dc000000 ---p 00000000 00:00 0 
7ff3dc009000-7ff3dc022000 r--s 00000000 08:02 22285135                   /usr/share/fonts/type1/gsfonts/n022004l.pfb
7ff3dc022000-7ff3dc03b000 r--s 00000000 08:02 22285120                   /usr/share/fonts/type1/gsfonts/n021003l.pfb
7ff3dc03b000-7ff3dc051000 r--s 00000000 08:02 22285129                   /usr/share/fonts/type1/gsfonts/n021024l.pfb
7ff3dc051000-7ff3dc067000 r--s 00000000 08:02 22285138                   /usr/share/fonts/type1/gsfonts/n022023l.pfb
7ff3dc0a3000-7ff3dc0a6000 ---p 00000000 00:00 0 
7ff3dc0a6000-7ff3dc1a4000 rw-p 00000000 00:00 0                          [stack:32172]
7ff3dc1a4000-7ff3dc1df000 r-xp 00000000 08:02 21241943                   /usr/lib/x86_64-linux-gnu/libp11-kit.so.0.0.0
7ff3dc1df000-7ff3dc3de000 ---p 0003b000 08:02 21241943                   /usr/lib/x86_64-linux-gnu/libp11-kit.so.0.0.0
7ff3dc3de000-7ff3dc3e4000 r--p 0003a000 08:02 21241943                   /usr/lib/x86_64-linux-gnu/libp11-kit.so.0.0.0
7ff3dc3e4000-7ff3dc3e6000 rw-p 00040000 08:02 21241943                   /usr/lib/x86_64-linux-gnu/libp11-kit.so.0.0.0
7ff3dc3e6000-7ff3dc3f8000 r-xp 00000000 08:02 21233894                   /usr/lib/x86_64-linux-gnu/libtasn1.so.6.2.0
7ff3dc3f8000-7ff3dc5f8000 ---p 00012000 08:02 21233894                   /usr/lib/x86_64-linux-gnu/libtasn1.so.6.2.0
7ff3dc5f8000-7ff3dc5f9000 r--p 00012000 08:02 21233894                   /usr/lib/x86_64-linux-gnu/libtasn1.so.6.2.0
7ff3dc5f9000-7ff3dc5fa000 rw-p 00013000 08:02 21233894                   /usr/lib/x86_64-linux-gnu/libtasn1.so.6.2.0
7ff3dc5fa000-7ff3dc676000 r-xp 00000000 08:02 29098248                   /lib/x86_64-linux-gnu/libgcrypt.so.11.8.2
7ff3dc676000-7ff3dc876000 ---p 0007c000 08:02 29098248                   /lib/x86_64-linux-gnu/libgcrypt.so.11.8.2
7ff3dc876000-7ff3dc877000 r--p 0007c000 08:02 29098248                   /lib/x86_64-linux-gnu/libgcrypt.so.11.8.2
7ff3dc877000-7ff3dc87a000 rw-p 0007d000 08:02 29098248                   /lib/x86_64-linux-gnu/libgcrypt.so.11.8.2
7ff3dc87a000-7ff3dc884000 r-xp 00000000 08:02 21234515                   /usr/lib/x86_64-linux-gnu/libkrb5support.so.0.1
7ff3dc884000-7ff3dca83000 ---p 0000a000 08:02 21234515                   /usr/lib/x86_64-linux-gnu/libkrb5support.so.0.1
7ff3dca83000-7ff3dca84000 r--p 00009000 08:02 21234515                   /usr/lib/x86_64-linux-gnu/libkrb5support.so.0.1
7ff3dca84000-7ff3dca85000 rw-p 0000a000 08:02 21234515                   /usr/lib/x86_64-linux-gnu/libkrb5support.so.0.1
7ff3dca85000-7ff3dca88000 r-xp 00000000 08:02 29098802                   /lib/x86_64-linux-gnu/libcom_err.so.2.1
7ff3dca88000-7ff3dcc87000 ---p 00003000 08:02 29098802                   /lib/x86_64-linux-gnu/libcom_err.so.2.1
7ff3dcc87000-7ff3dcc88000 r--p 00002000 08:02 29098802                   /lib/x86_64-linux-gnu/libcom_err.so.2.1
7ff3dcc88000-7ff3dcc89000 rw-p 00003000 08:02 29098802                   /lib/x86_64-linux-gnu/libcom_err.so.2.1
7ff3dcc89000-7ff3dccb5000 r-xp 00000000 08:02 21234061                   /usr/lib/x86_64-linux-gnu/libk5crypto.so.3.1
7ff3dccb5000-7ff3dceb4000 ---p 0002c000 08:02 21234061                   /usr/lib/x86_64-linux-gnu/libk5crypto.so.3.1
7ff3dceb4000-7ff3dceb6000 r--p 0002b000 08:02 21234061                   /usr/lib/x86_64-linux-gnu/libk5crypto.so.3.1
7ff3dceb6000-7ff3dceb7000 rw-p 0002d000 08:02 21234061                   /usr/lib/x86_64-linux-gnu/libk5crypto.so.3.1
7ff3dceb7000-7ff3dceb8000 rw-p 00000000 00:00 0 
7ff3dceb8000-7ff3dcf74000 r-xp 00000000 08:02 21234369                   /usr/lib/x86_64-linux-gnu/libkrb5.so.3.3
7ff3dcf74000-7ff3dd174000 ---p 000bc000 08:02 21234369                   /usr/lib/x86_64-linux-gnu/libkrb5.so.3.3
7ff3dd174000-7ff3dd181000 r--p 000bc000 08:02 21234369                   /usr/lib/x86_64-linux-gnu/libkrb5.so.3.3
7ff3dd181000-7ff3dd183000 rw-p 000c9000 08:02 21234369                   /usr/lib/x86_64-linux-gnu/libkrb5.so.3.3
7ff3dd183000-7ff3dd188000 r-xp 00000000 08:02 21241227                   /usr/lib/x86_64-linux-gnu/libXdmcp.so.6.0.0
7ff3dd188000-7ff3dd387000 ---p 00005000 08:02 21241227                   /usr/lib/x86_64-linux-gnu/libXdmcp.so.6.0.0
7ff3dd387000-7ff3dd388000 r--p 00004000 08:02 21241227                   /usr/lib/x86_64-linux-gnu/libXdmcp.so.6.0.0
7ff3dd388000-7ff3dd389000 rw-p 00005000 08:02 21241227                   /usr/lib/x86_64-linux-gnu/libXdmcp.so.6.0.0
7ff3dd389000-7ff3dd38b000 r-xp 00000000 08:02 21241216                   /usr/lib/x86_64-linux-gnu/libXau.so.6.0.0
7ff3dd38b000-7ff3dd58b000 ---p 00002000 08:02 21241216                   /usr/lib/x86_64-linux-gnu/libXau.so.6.0.0
7ff3dd58b000-7ff3dd58c000 r--p 00002000 08:02 21241216                   /usr/lib/x86_64-linux-gnu/libXau.so.6.0.0
7ff3dd58c000-7ff3dd58d000 rw-p 00003000 08:02 21241216                   /usr/lib/x86_64-linux-gnu/libXau.so.6.0.0
7ff3dd58d000-7ff3dd594000 r-xp 00000000 08:02 21241494                   /usr/lib/x86_64-linux-gnu/libffi.so.6.0.1
7ff3dd594000-7ff3dd793000 ---p 00007000 08:02 21241494                   /usr/lib/x86_64-linux-gnu/libffi.so.6.0.1
7ff3dd793000-7ff3dd794000 r--p 00006000 08:02 21241494                   /usr/lib/x86_64-linux-gnu/libffi.so.6.0.1
7ff3dd794000-7ff3dd795000 rw-p 00007000 08:02 21241494                   /usr/lib/x86_64-linux-gnu/libffi.so.6.0.1
7ff3dd795000-7ff3dd7ac000 r-xp 00000000 08:02 29098080                   /lib/x86_64-linux-gnu/libresolv-2.19.so
7ff3dd7ac000-7ff3dd9ac000 ---p 00017000 08:02 29098080                   /lib/x86_64-linux-gnu/libresolv-2.19.so
7ff3dd9ac000-7ff3dd9ad000 r--p 00017000 08:02 29098080                   /lib/x86_64-linux-gnu/libresolv-2.19.so
7ff3dd9ad000-7ff3dd9ae000 rw-p 00018000 08:02 29098080                   /lib/x86_64-linux-gnu/libresolv-2.19.so
7ff3dd9ae000-7ff3dd9b0000 rw-p 00000000 00:00 0 
7ff3dd9b0000-7ff3dd9d0000 r-xp 00000000 08:02 29102079                   /lib/x86_64-linux-gnu/libselinux.so.1
7ff3dd9d0000-7ff3ddbcf000 ---p 00020000 08:02 29102079                   /lib/x86_64-linux-gnu/libselinux.so.1
7ff3ddbcf000-7ff3ddbd0000 r--p 0001f000 08:02 29102079                   /lib/x86_64-linux-gnu/libselinux.so.1
7ff3ddbd0000-7ff3ddbd1000 rw-p 00020000 08:02 29102079                   /lib/x86_64-linux-gnu/libselinux.so.1
7ff3ddbd1000-7ff3ddbd3000 rw-p 00000000 00:00 0 
7ff3ddbd3000-7ff3ddcd9000 r-xp 00000000 08:02 29101894                   /lib/x86_64-linux-gnu/libglib-2.0.so.0.4002.0
7ff3ddcd9000-7ff3dded8000 ---p 00106000 08:02 29101894                   /lib/x86_64-linux-gnu/libglib-2.0.so.0.4002.0
7ff3dded8000-7ff3dded9000 r--p 00105000 08:02 29101894                   /lib/x86_64-linux-gnu/libglib-2.0.so.0.4002.0
7ff3dded9000-7ff3ddeda000 rw-p 00106000 08:02 29101894                   /lib/x86_64-linux-gnu/libglib-2.0.so.0.4002.0
7ff3ddeda000-7ff3ddedb000 rw-p 00000000 00:00 0 
7ff3ddedb000-7ff3ddede000 r-xp 00000000 08:02 21234028                   /usr/lib/x86_64-linux-gnu/libgmodule-2.0.so.0.4002.0
7ff3ddede000-7ff3de0dd000 ---p 00003000 08:02 21234028                   /usr/lib/x86_64-linux-gnu/libgmodule-2.0.so.0.4002.0
7ff3de0dd000-7ff3de0de000 r--p 00002000 08:02 21234028                   /usr/lib/x86_64-linux-gnu/libgmodule-2.0.so.0.4002.0
7ff3de0de000-7ff3de0df000 rw-p 00003000 08:02 21234028                   /usr/lib/x86_64-linux-gnu/libgmodule-2.0.so.0.4002.0
7ff3de0df000-7ff3de106000 r-xp 00000000 08:02 29101971                   /lib/x86_64-linux-gnu/libexpat.so.1.6.0
7ff3de106000-7ff3de306000 ---p 00027000 08:02 29101971                   /lib/x86_64-linux-gnu/libexpat.so.1.6.0
7ff3de306000-7ff3de308000 r--p 00027000 08:02 29101971                   /lib/x86_64-linux-gnu/libexpat.so.1.6.0
7ff3de308000-7ff3de309000 rw-p 00029000 08:02 29101971                   /lib/x86_64-linux-gnu/libexpat.so.1.6.0
7ff3de309000-7ff3de3a6000 r-xp 00000000 08:02 21233752                   /usr/lib/x86_64-linux-gnu/libfreetype.so.6.11.1
7ff3de3a6000-7ff3de5a5000 ---p 0009d000 08:02 21233752                   /usr/lib/x86_64-linux-gnu/libfreetype.so.6.11.1
7ff3de5a5000-7ff3de5ab000 r--p 0009c000 08:02 21233752                   /usr/lib/x86_64-linux-gnu/libfreetype.so.6.11.1
7ff3de5ab000-7ff3de5ac000 rw-p 000a2000 08:02 21233752                   /usr/lib/x86_64-linux-gnu/libfreetype.so.6.11.1
7ff3de5ac000-7ff3de5bb000 r-xp 00000000 08:02 21241320                   /usr/lib/x86_64-linux-gnu/libavahi-client.so.3.2.9
7ff3de5bb000-7ff3de7bb000 ---p 0000f000 08:02 21241320                   /usr/lib/x86_64-linux-gnu/libavahi-client.so.3.2.9
7ff3de7bb000-7ff3de7bc000 r--p 0000f000 08:02 21241320                   /usr/lib/x86_64-linux-gnu/libavahi-client.so.3.2.9
7ff3de7bc000-7ff3de7bd000 rw-p 00010000 08:02 21241320                   /usr/lib/x86_64-linux-gnu/libavahi-client.so.3.2.9
7ff3de7bd000-7ff3de7c8000 r-xp 00000000 08:02 21241322                   /usr/lib/x86_64-linux-gnu/libavahi-common.so.3.5.3
7ff3de7c8000-7ff3de9c7000 ---p 0000b000 08:02 21241322                   /usr/lib/x86_64-linux-gnu/libavahi-common.so.3.5.3
7ff3de9c7000-7ff3de9c8000 r--p 0000a000 08:02 21241322                   /usr/lib/x86_64-linux-gnu/libavahi-common.so.3.5.3
7ff3de9c8000-7ff3de9c9000 rw-p 0000b000 08:02 21241322                   /usr/lib/x86_64-linux-gnu/libavahi-common.so.3.5.3
7ff3de9c9000-7ff3dea7f000 r-xp 00000000 08:02 21235744                   /usr/lib/x86_64-linux-gnu/libgnutls.so.26.22.6
7ff3dea7f000-7ff3dec7f000 ---p 000b6000 08:02 21235744                   /usr/lib/x86_64-linux-gnu/libgnutls.so.26.22.6
7ff3dec7f000-7ff3dec85000 r--p 000b6000 08:02 21235744                   /usr/lib/x86_64-linux-gnu/libgnutls.so.26.22.6
7ff3dec85000-7ff3dec86000 rw-p 000bc000 08:02 21235744                   /usr/lib/x86_64-linux-gnu/libgnutls.so.26.22.6
7ff3dec86000-7ff3dec87000 rw-p 00000000 00:00 0 
7ff3dec87000-7ff3decca000 r-xp 00000000 08:02 21234145                   /usr/lib/x86_64-linux-gnu/libgssapi_krb5.so.2.2
7ff3decca000-7ff3deeca000 ---p 00043000 08:02 21234145                   /usr/lib/x86_64-linux-gnu/libgssapi_krb5.so.2.2
7ff3deeca000-7ff3deecb000 r--p 00043000 08:02 21234145                   /usr/lib/x86_64-linux-gnu/libgssapi_krb5.so.2.2
7ff3deecb000-7ff3deecd000 rw-p 00044000 08:02 21234145                   /usr/lib/x86_64-linux-gnu/libgssapi_krb5.so.2.2
7ff3deecd000-7ff3deeea000 r-xp 00000000 08:02 21242286                   /usr/lib/x86_64-linux-gnu/libxcb.so.1.1.0
7ff3deeea000-7ff3df0ea000 ---p 0001d000 08:02 21242286                   /usr/lib/x86_64-linux-gnu/libxcb.so.1.1.0
7ff3df0ea000-7ff3df0eb000 r--p 0001d000 08:02 21242286                   /usr/lib/x86_64-linux-gnu/libxcb.so.1.1.0
7ff3df0eb000-7ff3df0ec000 rw-p 0001e000 08:02 21242286                   /usr/lib/x86_64-linux-gnu/libxcb.so.1.1.0
7ff3df0ec000-7ff3df13b000 r-xp 00000000 08:02 21234046                   /usr/lib/x86_64-linux-gnu/libgobject-2.0.so.0.4002.0
7ff3df13b000-7ff3df33b000 ---p 0004f000 08:02 21234046                   /usr/lib/x86_64-linux-gnu/libgobject-2.0.so.0.4002.0
7ff3df33b000-7ff3df33c000 r--p 0004f000 08:02 21234046                   /usr/lib/x86_64-linux-gnu/libgobject-2.0.so.0.4002.0
7ff3df33c000-7ff3df33d000 rw-p 00050000 08:02 21234046                   /usr/lib/x86_64-linux-gnu/libgobject-2.0.so.0.4002.0
7ff3df33d000-7ff3df4a9000 r-xp 00000000 08:02 21234050                   /usr/lib/x86_64-linux-gnu/libgio-2.0.so.0.4002.0
7ff3df4a9000-7ff3df6a8000 ---p 0016c000 08:02 21234050                   /usr/lib/x86_64-linux-gnu/libgio-2.0.so.0.4002.0
7ff3df6a8000-7ff3df6ac000 r--p 0016b000 08:02 21234050                   /usr/lib/x86_64-linux-gnu/libgio-2.0.so.0.4002.0
7ff3df6ac000-7ff3df6ae000 rw-p 0016f000 08:02 21234050                   /usr/lib/x86_64-linux-gnu/libgio-2.0.so.0.4002.0
7ff3df6ae000-7ff3df6b0000 rw-p 00000000 00:00 0 
7ff3df6b0000-7ff3df6ea000 r-xp 00000000 08:02 21241508                   /usr/lib/x86_64-linux-gnu/libfontconfig.so.1.8.0
7ff3df6ea000-7ff3df8e9000 ---p 0003a000 08:02 21241508                   /usr/lib/x86_64-linux-gnu/libfontconfig.so.1.8.0
7ff3df8e9000-7ff3df8eb000 r--p 00039000 08:02 21241508                   /usr/lib/x86_64-linux-gnu/libfontconfig.so.1.8.0
7ff3df8eb000-7ff3df8ec000 rw-p 0003b000 08:02 21241508                   /usr/lib/x86_64-linux-gnu/libfontconfig.so.1.8.0
7ff3df8ec000-7ff3df958000 r-xp 00000000 08:02 21234526                   /usr/lib/x86_64-linux-gnu/libcups.so.2
7ff3df958000-7ff3dfb58000 ---p 0006c000 08:02 21234526                   /usr/lib/x86_64-linux-gnu/libcups.so.2
7ff3dfb58000-7ff3dfb5f000 r--p 0006c000 08:02 21234526                   /usr/lib/x86_64-linux-gnu/libcups.so.2
7ff3dfb5f000-7ff3dfb60000 rw-p 00073000 08:02 21234526                   /usr/lib/x86_64-linux-gnu/libcups.so.2
7ff3dfb60000-7ff3dfb6f000 r-xp 00000000 08:02 21241237                   /usr/lib/x86_64-linux-gnu/libXi.so.6.1.0
7ff3dfb6f000-7ff3dfd6e000 ---p 0000f000 08:02 21241237                   /usr/lib/x86_64-linux-gnu/libXi.so.6.1.0
7ff3dfd6e000-7ff3dfd6f000 r--p 0000e000 08:02 21241237                   /usr/lib/x86_64-linux-gnu/libXi.so.6.1.0
7ff3dfd6f000-7ff3dfd70000 rw-p 0000f000 08:02 21241237                   /usr/lib/x86_64-linux-gnu/libXi.so.6.1.0
7ff3dfd70000-7ff3e4000000 rw-p 00000000 00:00 0 
7ff3e4000000-7ff3e4021000 rw-p 00000000 00:00 0 
7ff3e4021000-7ff3e8000000 ---p 00000000 00:00 0 
7ff3e8000000-7ff3e8021000 rw-p 00000000 00:00 0 
7ff3e8021000-7ff3ec000000 ---p 00000000 00:00 0 
7ff3ec000000-7ff3ec021000 rw-p 00000000 00:00 0 
7ff3ec021000-7ff3f0000000 ---p 00000000 00:00 0 
7ff3f0004000-7ff3f0035000 rw-p 00000000 00:00 0 
7ff3f0035000-7ff3f0038000 ---p 00000000 00:00 0 
7ff3f0038000-7ff3f0136000 rw-p 00000000 00:00 0                          [stack:32171]
7ff3f0136000-7ff3f013b000 r-xp 00000000 08:02 21241257                   /usr/lib/x86_64-linux-gnu/libXtst.so.6.1.0
7ff3f013b000-7ff3f033a000 ---p 00005000 08:02 21241257                   /usr/lib/x86_64-linux-gnu/libXtst.so.6.1.0
7ff3f033a000-7ff3f033b000 r--p 00004000 08:02 21241257                   /usr/lib/x86_64-linux-gnu/libXtst.so.6.1.0
7ff3f033b000-7ff3f033c000 rw-p 00005000 08:02 21241257                   /usr/lib/x86_64-linux-gnu/libXtst.so.6.1.0
7ff3f033c000-7ff3f0345000 r-xp 00000000 08:02 21241251                   /usr/lib/x86_64-linux-gnu/libXrender.so.1.3.0
7ff3f0345000-7ff3f0544000 ---p 00009000 08:02 21241251                   /usr/lib/x86_64-linux-gnu/libXrender.so.1.3.0
7ff3f0544000-7ff3f0545000 r--p 00008000 08:02 21241251                   /usr/lib/x86_64-linux-gnu/libXrender.so.1.3.0
7ff3f0545000-7ff3f0546000 rw-p 00009000 08:02 21241251                   /usr/lib/x86_64-linux-gnu/libXrender.so.1.3.0
7ff3f0546000-7ff3f0676000 r-xp 00000000 08:02 21241212                   /usr/lib/x86_64-linux-gnu/libX11.so.6.3.0
7ff3f0676000-7ff3f0876000 ---p 00130000 08:02 21241212                   /usr/lib/x86_64-linux-gnu/libX11.so.6.3.0
7ff3f0876000-7ff3f0877000 r--p 00130000 08:02 21241212                   /usr/lib/x86_64-linux-gnu/libX11.so.6.3.0
7ff3f0877000-7ff3f087b000 rw-p 00131000 08:02 21241212                   /usr/lib/x86_64-linux-gnu/libX11.so.6.3.0
7ff3f087b000-7ff3f088c000 r-xp 00000000 08:02 21241229                   /usr/lib/x86_64-linux-gnu/libXext.so.6.4.0
7ff3f088c000-7ff3f0a8b000 ---p 00011000 08:02 21241229                   /usr/lib/x86_64-linux-gnu/libXext.so.6.4.0
7ff3f0a8b000-7ff3f0a8c000 r--p 00010000 08:02 21241229                   /usr/lib/x86_64-linux-gnu/libXext.so.6.4.0
7ff3f0a8c000-7ff3f0a8d000 rw-p 00011000 08:02 21241229                   /usr/lib/x86_64-linux-gnu/libXext.so.6.4.0
7ff3f0aaa000-7ff3f0af2000 r-xp 00000000 08:02 25429955                   /usr/lib/jvm/java-7-openjdk-amd64/jre/lib/amd64/xawt/libmawt.so
7ff3f0af2000-7ff3f0cf1000 ---p 00048000 08:02 25429955                   /usr/lib/jvm/java-7-openjdk-amd64/jre/lib/amd64/xawt/libmawt.so
7ff3f0cf1000-7ff3f0cf2000 r--p 00047000 08:02 25429955                   /usr/lib/jvm/java-7-openjdk-amd64/jre/lib/amd64/xawt/libmawt.so
7ff3f0cf2000-7ff3f0cf5000 rw-p 00048000 08:02 25429955                   /usr/lib/jvm/java-7-openjdk-amd64/jre/lib/amd64/xawt/libmawt.so
7ff3f0cf5000-7ff3f0cf6000 rw-p 00000000 00:00 0 
7ff3f0cf6000-7ff3f0d96000 r-xp 00000000 08:02 22427627                   /usr/lib/jvm/java-7-openjdk-amd64/jre/lib/amd64/libawt.so
7ff3f0d96000-7ff3f0f96000 ---p 000a0000 08:02 22427627                   /usr/lib/jvm/java-7-openjdk-amd64/jre/lib/amd64/libawt.so
7ff3f0f96000-7ff3f0f97000 r--p 000a0000 08:02 22427627                   /usr/lib/jvm/java-7-openjdk-amd64/jre/lib/amd64/libawt.so
7ff3f0f97000-7ff3f0fa2000 rw-p 000a1000 08:02 22427627                   /usr/lib/jvm/java-7-openjdk-amd64/jre/lib/amd64/libawt.so
7ff3f0fa2000-7ff3f0fc7000 rw-p 00000000 00:00 0 
7ff3f0fc7000-7ff3f0fc8000 ---p 00000000 00:00 0 
7ff3f0fc8000-7ff3f10c8000 rw-p 00000000 00:00 0                          [stack:32170]
7ff3f10c8000-7ff3f10cb000 ---p 00000000 00:00 0 
7ff3f10cb000-7ff3f11c9000 rw-p 00000000 00:00 0                          [stack:32169]
7ff3f11c9000-7ff3f11cc000 ---p 00000000 00:00 0 
7ff3f11cc000-7ff3f12ca000 rw-p 00000000 00:00 0                          [stack:32168]
7ff3f12ca000-7ff3f12cd000 ---p 00000000 00:00 0 
7ff3f12cd000-7ff3f13cb000 rw-p 00000000 00:00 0                          [stack:32167]
7ff3f13cb000-7ff3f13ce000 ---p 00000000 00:00 0 
7ff3f13ce000-7ff3f14cc000 rw-p 00000000 00:00 0                          [stack:32166]
7ff3f14cc000-7ff3f1bae000 r--p 00000000 08:02 21240327                   /usr/lib/locale/locale-archive
7ff3f1bae000-7ff3f1bb1000 ---p 00000000 00:00 0 
7ff3f1bb1000-7ff3f1caf000 rw-p 00000000 00:00 0                          [stack:32165]
7ff3f1caf000-7ff3f1cb2000 ---p 00000000 00:00 0 
7ff3f1cb2000-7ff3f1db0000 rw-p 00000000 00:00 0                          [stack:32164]
7ff3f1db0000-7ff3f1db1000 ---p 00000000 00:00 0 
7ff3f1db1000-7ff3f2e65000 rw-p 00000000 00:00 0                          [stack:32163]
7ff3f2e65000-7ff3f3017000 r--s 01d23000 08:02 22427265                   /usr/lib/jvm/java-7-openjdk-amd64/jre/lib/rt.jar
7ff3f3017000-7ff3f34b6000 rw-p 00000000 00:00 0 
7ff3f34b6000-7ff3f34b7000 ---p 00000000 00:00 0 
7ff3f34b7000-7ff3f35b7000 rw-p 00000000 00:00 0                          [stack:32162]
7ff3f35b7000-7ff3f35b8000 ---p 00000000 00:00 0 
7ff3f35b8000-7ff3f36b8000 rw-p 00000000 00:00 0                          [stack:32161]
7ff3f36b8000-7ff3f36b9000 ---p 00000000 00:00 0 
7ff3f36b9000-7ff3f37b9000 rw-p 00000000 00:00 0                          [stack:32160]
7ff3f37b9000-7ff3f37ba000 ---p 00000000 00:00 0 
7ff3f37ba000-7ff3f38e3000 rw-p 00000000 00:00 0                          [stack:32159]
7ff3f38e3000-7ff3f3b49000 rw-p 00000000 00:00 0 
7ff3f3b49000-7ff3f3b54000 rw-p 00000000 00:00 0 
7ff3f3b54000-7ff3f3b9c000 rw-p 00000000 00:00 0 
7ff3f3b9c000-7ff3f3bc5000 rw-p 00000000 00:00 0 
7ff3f3bc5000-7ff3f3e2a000 rw-p 00000000 00:00 0 
7ff3f3e2a000-7ff3f3e3f000 rw-p 00000000 00:00 0 
7ff3f3e3f000-7ff3f3f72000 rw-p 00000000 00:00 0 
7ff3f3f72000-7ff3f3f73000 rw-p 00000000 00:00 0 
7ff3f3f73000-7ff3f41e3000 rwxp 00000000 00:00 0 
7ff3f41e3000-7ff3f6f73000 rw-p 00000000 00:00 0 
7ff3f6f73000-7ff3f6f7b000 r-xp 00000000 08:02 22427663                   /usr/lib/jvm/java-7-openjdk-amd64/jre/lib/amd64/libzip.so
7ff3f6f7b000-7ff3f717a000 ---p 00008000 08:02 22427663                   /usr/lib/jvm/java-7-openjdk-amd64/jre/lib/amd64/libzip.so
7ff3f717a000-7ff3f717b000 r--p 00007000 08:02 22427663                   /usr/lib/jvm/java-7-openjdk-amd64/jre/lib/amd64/libzip.so
7ff3f717b000-7ff3f717c000 rw-p 00008000 08:02 22427663                   /usr/lib/jvm/java-7-openjdk-amd64/jre/lib/amd64/libzip.so
7ff3f717c000-7ff3f7187000 r-xp 00000000 08:02 29098086                   /lib/x86_64-linux-gnu/libnss_files-2.19.so
7ff3f7187000-7ff3f7386000 ---p 0000b000 08:02 29098086                   /lib/x86_64-linux-gnu/libnss_files-2.19.so
7ff3f7386000-7ff3f7387000 r--p 0000a000 08:02 29098086                   /lib/x86_64-linux-gnu/libnss_files-2.19.so
7ff3f7387000-7ff3f7388000 rw-p 0000b000 08:02 29098086                   /lib/x86_64-linux-gnu/libnss_files-2.19.so
7ff3f7388000-7ff3f7393000 r-xp 00000000 08:02 29098221                   /lib/x86_64-linux-gnu/libnss_nis-2.19.so
7ff3f7393000-7ff3f7592000 ---p 0000b000 08:02 29098221                   /lib/x86_64-linux-gnu/libnss_nis-2.19.so
7ff3f7592000-7ff3f7593000 r--p 0000a000 08:02 29098221                   /lib/x86_64-linux-gnu/libnss_nis-2.19.so
7ff3f7593000-7ff3f7594000 rw-p 0000b000 08:02 29098221                   /lib/x86_64-linux-gnu/libnss_nis-2.19.so
7ff3f7594000-7ff3f75ab000 r-xp 00000000 08:02 29098199                   /lib/x86_64-linux-gnu/libnsl-2.19.so
7ff3f75ab000-7ff3f77aa000 ---p 00017000 08:02 29098199                   /lib/x86_64-linux-gnu/libnsl-2.19.so
7ff3f77aa000-7ff3f77ab000 r--p 00016000 08:02 29098199                   /lib/x86_64-linux-gnu/libnsl-2.19.so
7ff3f77ab000-7ff3f77ac000 rw-p 00017000 08:02 29098199                   /lib/x86_64-linux-gnu/libnsl-2.19.so
7ff3f77ac000-7ff3f77ae000 rw-p 00000000 00:00 0 
7ff3f77ae000-7ff3f77b7000 r-xp 00000000 08:02 29098197                   /lib/x86_64-linux-gnu/libnss_compat-2.19.so
7ff3f77b7000-7ff3f79b6000 ---p 00009000 08:02 29098197                   /lib/x86_64-linux-gnu/libnss_compat-2.19.so
7ff3f79b6000-7ff3f79b7000 r--p 00008000 08:02 29098197                   /lib/x86_64-linux-gnu/libnss_compat-2.19.so
7ff3f79b7000-7ff3f79b8000 rw-p 00009000 08:02 29098197                   /lib/x86_64-linux-gnu/libnss_compat-2.19.so
7ff3f79b8000-7ff3f79e3000 r-xp 00000000 08:02 22427625                   /usr/lib/jvm/java-7-openjdk-amd64/jre/lib/amd64/libjava.so
7ff3f79e3000-7ff3f7be3000 ---p 0002b000 08:02 22427625                   /usr/lib/jvm/java-7-openjdk-amd64/jre/lib/amd64/libjava.so
7ff3f7be3000-7ff3f7be4000 r--p 0002b000 08:02 22427625                   /usr/lib/jvm/java-7-openjdk-amd64/jre/lib/amd64/libjava.so
7ff3f7be4000-7ff3f7be6000 rw-p 0002c000 08:02 22427625                   /usr/lib/jvm/java-7-openjdk-amd64/jre/lib/amd64/libjava.so
7ff3f7be6000-7ff3f7bf6000 r-xp 00000000 08:02 22427623                   /usr/lib/jvm/java-7-openjdk-amd64/jre/lib/amd64/libverify.so
7ff3f7bf6000-7ff3f7df5000 ---p 00010000 08:02 22427623                   /usr/lib/jvm/java-7-openjdk-amd64/jre/lib/amd64/libverify.so
7ff3f7df5000-7ff3f7df7000 r--p 0000f000 08:02 22427623                   /usr/lib/jvm/java-7-openjdk-amd64/jre/lib/amd64/libverify.so
7ff3f7df7000-7ff3f7df8000 rw-p 00011000 08:02 22427623                   /usr/lib/jvm/java-7-openjdk-amd64/jre/lib/amd64/libverify.so
7ff3f7df8000-7ff3f7dff000 r-xp 00000000 08:02 29098215                   /lib/x86_64-linux-gnu/librt-2.19.so
7ff3f7dff000-7ff3f7ffe000 ---p 00007000 08:02 29098215                   /lib/x86_64-linux-gnu/librt-2.19.so
7ff3f7ffe000-7ff3f7fff000 r--p 00006000 08:02 29098215                   /lib/x86_64-linux-gnu/librt-2.19.so
7ff3f7fff000-7ff3f8000000 rw-p 00007000 08:02 29098215                   /lib/x86_64-linux-gnu/librt-2.19.so
7ff3f8000000-7ff3f82a6000 rw-p 00000000 00:00 0 
7ff3f82a6000-7ff3fc000000 ---p 00000000 00:00 0 
7ff3fc001000-7ff3fc004000 r--s 00017000 08:02 22424099                   /usr/lib/jvm/java-7-openjdk-amd64/jre/lib/jce.jar
7ff3fc004000-7ff3fc008000 r--s 0004d000 08:02 22427271                   /usr/lib/jvm/java-7-openjdk-amd64/jre/lib/jsse.jar
7ff3fc008000-7ff3fc109000 rw-p 00000000 00:00 0 
7ff3fc109000-7ff3fc151000 rw-p 00000000 00:00 0 
7ff3fc151000-7ff3fc167000 r-xp 00000000 08:02 29101926                   /lib/x86_64-linux-gnu/libgcc_s.so.1
7ff3fc167000-7ff3fc366000 ---p 00016000 08:02 29101926                   /lib/x86_64-linux-gnu/libgcc_s.so.1
7ff3fc366000-7ff3fc367000 rw-p 00015000 08:02 29101926                   /lib/x86_64-linux-gnu/libgcc_s.so.1
7ff3fc367000-7ff3fc46c000 r-xp 00000000 08:02 29098083                   /lib/x86_64-linux-gnu/libm-2.19.so
7ff3fc46c000-7ff3fc66b000 ---p 00105000 08:02 29098083                   /lib/x86_64-linux-gnu/libm-2.19.so
7ff3fc66b000-7ff3fc66c000 r--p 00104000 08:02 29098083                   /lib/x86_64-linux-gnu/libm-2.19.so
7ff3fc66c000-7ff3fc66d000 rw-p 00105000 08:02 29098083                   /lib/x86_64-linux-gnu/libm-2.19.so
7ff3fc66d000-7ff3fc753000 r-xp 00000000 08:02 21242122                   /usr/lib/x86_64-linux-gnu/libstdc++.so.6.0.19
7ff3fc753000-7ff3fc952000 ---p 000e6000 08:02 21242122                   /usr/lib/x86_64-linux-gnu/libstdc++.so.6.0.19
7ff3fc952000-7ff3fc95a000 r--p 000e5000 08:02 21242122                   /usr/lib/x86_64-linux-gnu/libstdc++.so.6.0.19
7ff3fc95a000-7ff3fc95c000 rw-p 000ed000 08:02 21242122                   /usr/lib/x86_64-linux-gnu/libstdc++.so.6.0.19
7ff3fc95c000-7ff3fc971000 rw-p 00000000 00:00 0 
7ff3fc971000-7ff3fd489000 r-xp 00000000 08:02 22566066                   /usr/lib/jvm/java-7-openjdk-amd64/jre/lib/amd64/server/libjvm.so
7ff3fd489000-7ff3fd689000 ---p 00b18000 08:02 22566066                   /usr/lib/jvm/java-7-openjdk-amd64/jre/lib/amd64/server/libjvm.so
7ff3fd689000-7ff3fd723000 r--p 00b18000 08:02 22566066                   /usr/lib/jvm/java-7-openjdk-amd64/jre/lib/amd64/server/libjvm.so
7ff3fd723000-7ff3fd746000 rw-p 00bb2000 08:02 22566066                   /usr/lib/jvm/java-7-openjdk-amd64/jre/lib/amd64/server/libjvm.so
7ff3fd746000-7ff3fd774000 rw-p 00000000 00:00 0 
7ff3fd774000-7ff3fd78c000 r-xp 00000000 08:02 29102112                   /lib/x86_64-linux-gnu/libz.so.1.2.8
7ff3fd78c000-7ff3fd98b000 ---p 00018000 08:02 29102112                   /lib/x86_64-linux-gnu/libz.so.1.2.8
7ff3fd98b000-7ff3fd98c000 r--p 00017000 08:02 29102112                   /lib/x86_64-linux-gnu/libz.so.1.2.8
7ff3fd98c000-7ff3fd98d000 rw-p 00018000 08:02 29102112                   /lib/x86_64-linux-gnu/libz.so.1.2.8
7ff3fd98d000-7ff3fd9a6000 r-xp 00000000 08:02 29098211                   /lib/x86_64-linux-gnu/libpthread-2.19.so
7ff3fd9a6000-7ff3fdba5000 ---p 00019000 08:02 29098211                   /lib/x86_64-linux-gnu/libpthread-2.19.so
7ff3fdba5000-7ff3fdba6000 r--p 00018000 08:02 29098211                   /lib/x86_64-linux-gnu/libpthread-2.19.so
7ff3fdba6000-7ff3fdba7000 rw-p 00019000 08:02 29098211                   /lib/x86_64-linux-gnu/libpthread-2.19.so
7ff3fdba7000-7ff3fdbab000 rw-p 00000000 00:00 0 
7ff3fdbab000-7ff3fdbae000 r-xp 00000000 08:02 29098187                   /lib/x86_64-linux-gnu/libdl-2.19.so
7ff3fdbae000-7ff3fddad000 ---p 00003000 08:02 29098187                   /lib/x86_64-linux-gnu/libdl-2.19.so
7ff3fddad000-7ff3fddae000 r--p 00002000 08:02 29098187                   /lib/x86_64-linux-gnu/libdl-2.19.so
7ff3fddae000-7ff3fddaf000 rw-p 00003000 08:02 29098187                   /lib/x86_64-linux-gnu/libdl-2.19.so
7ff3fddaf000-7ff3fdf6a000 r-xp 00000000 08:02 29098209                   /lib/x86_64-linux-gnu/libc-2.19.so
7ff3fdf6a000-7ff3fe169000 ---p 001bb000 08:02 29098209                   /lib/x86_64-linux-gnu/libc-2.19.so
7ff3fe169000-7ff3fe16d000 r--p 001ba000 08:02 29098209                   /lib/x86_64-linux-gnu/libc-2.19.so
7ff3fe16d000-7ff3fe16f000 rw-p 001be000 08:02 29098209                   /lib/x86_64-linux-gnu/libc-2.19.so
7ff3fe16f000-7ff3fe174000 rw-p 00000000 00:00 0 
7ff3fe174000-7ff3fe181000 r-xp 00000000 08:02 22566054                   /usr/lib/jvm/java-7-openjdk-amd64/jre/lib/amd64/jli/libjli.so
7ff3fe181000-7ff3fe380000 ---p 0000d000 08:02 22566054                   /usr/lib/jvm/java-7-openjdk-amd64/jre/lib/amd64/jli/libjli.so
7ff3fe380000-7ff3fe381000 r--p 0000c000 08:02 22566054                   /usr/lib/jvm/java-7-openjdk-amd64/jre/lib/amd64/jli/libjli.so
7ff3fe381000-7ff3fe382000 rw-p 0000d000 08:02 22566054                   /usr/lib/jvm/java-7-openjdk-amd64/jre/lib/amd64/jli/libjli.so
7ff3fe382000-7ff3fe3a5000 r-xp 00000000 08:02 29098203                   /lib/x86_64-linux-gnu/ld-2.19.so
7ff3fe3a6000-7ff3fe3ac000 rw-s 00000000 00:04 76578853                   /SYSV00000000 (deleted)
7ff3fe3b6000-7ff3fe3bf000 r--s 000b9000 08:02 22427269                   /usr/lib/jvm/java-7-openjdk-amd64/jre/lib/resources.jar
7ff3fe3bf000-7ff3fe3c9000 rw-p 00000000 00:00 0 
7ff3fe3c9000-7ff3fe47f000 rw-p 00000000 00:00 0 
7ff3fe47f000-7ff3fe482000 ---p 00000000 00:00 0 
7ff3fe482000-7ff3fe585000 rw-p 00000000 00:00 0                          [stack:32158]
7ff3fe585000-7ff3fe588000 r--s 00086000 08:02 22695073                   /usr/lib/jvm/java-7-openjdk-amd64/jre/lib/ext/localedata.jar
7ff3fe588000-7ff3fe58c000 r--s 00034000 08:02 22695070                   /usr/lib/jvm/java-7-openjdk-amd64/jre/lib/ext/sunjce_provider.jar
7ff3fe58c000-7ff3fe58e000 r--s 00006000 08:02 21630820                   /usr/share/java/java-atk-wrapper.jar
7ff3fe58e000-7ff3fe590000 r--s 00012000 08:02 22695071                   /usr/lib/jvm/java-7-openjdk-amd64/jre/lib/ext/zipfs.jar
7ff3fe590000-7ff3fe593000 r--s 0000f000 08:02 22695068                   /usr/lib/jvm/java-7-openjdk-amd64/jre/lib/ext/icedtea-sound.jar
7ff3fe593000-7ff3fe594000 r--s 00002000 08:02 22695072                   /usr/lib/jvm/java-7-openjdk-amd64/jre/lib/ext/dnsns.jar
7ff3fe594000-7ff3fe598000 r--s 0003c000 08:02 22695069                   /usr/lib/jvm/java-7-openjdk-amd64/jre/lib/ext/sunpkcs11.jar
7ff3fe598000-7ff3fe5a0000 rw-s 00000000 08:02 15729216                   /tmp/hsperfdata_sohamp/32151
7ff3fe5a0000-7ff3fe5a1000 rw-p 00000000 00:00 0 
7ff3fe5a1000-7ff3fe5a2000 r--p 00000000 00:00 0 
7ff3fe5a2000-7ff3fe5a4000 rw-p 00000000 00:00 0 
7ff3fe5a4000-7ff3fe5a5000 r--p 00022000 08:02 29098203                   /lib/x86_64-linux-gnu/ld-2.19.so
7ff3fe5a5000-7ff3fe5a6000 rw-p 00023000 08:02 29098203                   /lib/x86_64-linux-gnu/ld-2.19.so
7ff3fe5a6000-7ff3fe5a7000 rw-p 00000000 00:00 0 
7fff83735000-7fff83756000 rw-p 00000000 00:00 0                          [stack]
7fff837bf000-7fff837c1000 r-xp 00000000 00:00 0                          [vdso]
ffffffffff600000-ffffffffff601000 r-xp 00000000 00:00 0                  [vsyscall]

VM Arguments:
jvm_args: -Dfile.encoding=UTF-8 
java_command: Driver
Launcher Type: SUN_STANDARD

Environment Variables:
PATH=/usr/local/sbin:/usr/local/bin:/usr/sbin:/usr/bin:/sbin:/bin:/usr/games:/usr/local/games
SHELL=/bin/bash
DISPLAY=:0

Signal Handlers:
SIGSEGV: [libjvm.so+0x94b4b0], sa_mask[0]=0x7ffbfeff, sa_flags=0x10000004
SIGBUS: [libjvm.so+0x94b4b0], sa_mask[0]=0x7ffbfeff, sa_flags=0x10000004
SIGFPE: [libjvm.so+0x7c3390], sa_mask[0]=0x7ffbfeff, sa_flags=0x10000004
SIGPIPE: SIG_IGN, sa_mask[0]=0x00000000, sa_flags=0x00000000
SIGXFSZ: [libjvm.so+0x7c3390], sa_mask[0]=0x7ffbfeff, sa_flags=0x10000004
SIGILL: [libjvm.so+0x7c3390], sa_mask[0]=0x7ffbfeff, sa_flags=0x10000004
SIGUSR1: SIG_DFL, sa_mask[0]=0x00000000, sa_flags=0x00000000
SIGUSR2: [libjvm.so+0x7c3230], sa_mask[0]=0x00000004, sa_flags=0x10000004
SIGHUP: [libjvm.so+0x7c3410], sa_mask[0]=0x7ffbfeff, sa_flags=0x10000004
SIGINT: [libjvm.so+0x7c3410], sa_mask[0]=0x7ffbfeff, sa_flags=0x10000004
SIGTERM: [libjvm.so+0x7c3410], sa_mask[0]=0x7ffbfeff, sa_flags=0x10000004
SIGQUIT: [libjvm.so+0x7c3410], sa_mask[0]=0x7ffbfeff, sa_flags=0x10000004
SIGTRAP: SIG_DFL, sa_mask[0]=0x00000000, sa_flags=0x00000000


---------------  S Y S T E M  ---------------

OS:Ubuntu 14.04 (trusty)
uname:Linux 3.13.0-49-generic #81-Ubuntu SMP Tue Mar 24 19:29:48 UTC 2015 x86_64
libc:glibc 2.19 NPTL 2.19 
rlimit: STACK 8192k, CORE 0k, NPROC 62149, NOFILE 4096, AS infinity
load average:15.77 4.71 2.21

/proc/meminfo:
MemTotal:        8042708 kB
MemFree:         1906788 kB
Buffers:           13580 kB
Cached:           801236 kB
SwapCached:       122808 kB
Active:          4731544 kB
Inactive:        1088356 kB
Active(anon):    4662364 kB
Inactive(anon):   978488 kB
Active(file):      69180 kB
Inactive(file):   109868 kB
Unevictable:           0 kB
Mlocked:               0 kB
SwapTotal:       8254460 kB
SwapFree:        7671320 kB
Dirty:              4780 kB
Writeback:             0 kB
AnonPages:       4887164 kB
Mapped:           214072 kB
Shmem:            635484 kB
Slab:             140948 kB
SReclaimable:      80408 kB
SUnreclaim:        60540 kB
KernelStack:       16216 kB
PageTables:        52636 kB
NFS_Unstable:          0 kB
Bounce:                0 kB
WritebackTmp:          0 kB
CommitLimit:    12275812 kB
Committed_AS:   18868036 kB
VmallocTotal:   34359738367 kB
VmallocUsed:      570412 kB
VmallocChunk:   34359143420 kB
HardwareCorrupted:     0 kB
AnonHugePages:   2588672 kB
HugePages_Total:       0
HugePages_Free:        0
HugePages_Rsvd:        0
HugePages_Surp:        0
Hugepagesize:       2048 kB
DirectMap4k:      128764 kB
DirectMap2M:     8126464 kB


CPU:total 4 (2 cores per cpu, 2 threads per core) family 6 model 58 stepping 9, cmov, cx8, fxsr, mmx, sse, sse2, sse3, ssse3, sse4.1, sse4.2, popcnt, avx, aes, erms, ht, tsc, tscinvbit, tscinv

/proc/cpuinfo:
processor	: 0
vendor_id	: GenuineIntel
cpu family	: 6
model		: 58
model name	: Intel(R) Core(TM) i7-3537U CPU @ 2.00GHz
stepping	: 9
microcode	: 0x17
cpu MHz		: 2000.000
cache size	: 4096 KB
physical id	: 0
siblings	: 4
core id		: 0
cpu cores	: 2
apicid		: 0
initial apicid	: 0
fpu		: yes
fpu_exception	: yes
cpuid level	: 13
wp		: yes
flags		: fpu vme de pse tsc msr pae mce cx8 apic sep mtrr pge mca cmov pat pse36 clflush dts acpi mmx fxsr sse sse2 ss ht tm pbe syscall nx rdtscp lm constant_tsc arch_perfmon pebs bts rep_good nopl xtopology nonstop_tsc aperfmperf eagerfpu pni pclmulqdq dtes64 monitor ds_cpl vmx est tm2 ssse3 cx16 xtpr pdcm pcid sse4_1 sse4_2 x2apic popcnt tsc_deadline_timer aes xsave avx f16c rdrand lahf_lm ida arat epb xsaveopt pln pts dtherm tpr_shadow vnmi flexpriority ept vpid fsgsbase smep erms
bogomips	: 4988.50
clflush size	: 64
cache_alignment	: 64
address sizes	: 36 bits physical, 48 bits virtual
power management:

processor	: 1
vendor_id	: GenuineIntel
cpu family	: 6
model		: 58
model name	: Intel(R) Core(TM) i7-3537U CPU @ 2.00GHz
stepping	: 9
microcode	: 0x17
cpu MHz		: 2000.000
cache size	: 4096 KB
physical id	: 0
siblings	: 4
core id		: 0
cpu cores	: 2
apicid		: 1
initial apicid	: 1
fpu		: yes
fpu_exception	: yes
cpuid level	: 13
wp		: yes
flags		: fpu vme de pse tsc msr pae mce cx8 apic sep mtrr pge mca cmov pat pse36 clflush dts acpi mmx fxsr sse sse2 ss ht tm pbe syscall nx rdtscp lm constant_tsc arch_perfmon pebs bts rep_good nopl xtopology nonstop_tsc aperfmperf eagerfpu pni pclmulqdq dtes64 monitor ds_cpl vmx est tm2 ssse3 cx16 xtpr pdcm pcid sse4_1 sse4_2 x2apic popcnt tsc_deadline_timer aes xsave avx f16c rdrand lahf_lm ida arat epb xsaveopt pln pts dtherm tpr_shadow vnmi flexpriority ept vpid fsgsbase smep erms
bogomips	: 4988.50
clflush size	: 64
cache_alignment	: 64
address sizes	: 36 bits physical, 48 bits virtual
power management:

processor	: 2
vendor_id	: GenuineIntel
cpu family	: 6
model		: 58
model name	: Intel(R) Core(TM) i7-3537U CPU @ 2.00GHz
stepping	: 9
microcode	: 0x17
cpu MHz		: 2000.000
cache size	: 4096 KB
physical id	: 0
siblings	: 4
core id		: 1
cpu cores	: 2
apicid		: 2
initial apicid	: 2
fpu		: yes
fpu_exception	: yes
cpuid level	: 13
wp		: yes
flags		: fpu vme de pse tsc msr pae mce cx8 apic sep mtrr pge mca cmov pat pse36 clflush dts acpi mmx fxsr sse sse2 ss ht tm pbe syscall nx rdtscp lm constant_tsc arch_perfmon pebs bts rep_good nopl xtopology nonstop_tsc aperfmperf eagerfpu pni pclmulqdq dtes64 monitor ds_cpl vmx est tm2 ssse3 cx16 xtpr pdcm pcid sse4_1 sse4_2 x2apic popcnt tsc_deadline_timer aes xsave avx f16c rdrand lahf_lm ida arat epb xsaveopt pln pts dtherm tpr_shadow vnmi flexpriority ept vpid fsgsbase smep erms
bogomips	: 4988.50
clflush size	: 64
cache_alignment	: 64
address sizes	: 36 bits physical, 48 bits virtual
power management:

processor	: 3
vendor_id	: GenuineIntel
cpu family	: 6
model		: 58
model name	: Intel(R) Core(TM) i7-3537U CPU @ 2.00GHz
stepping	: 9
microcode	: 0x17
cpu MHz		: 2000.000
cache size	: 4096 KB
physical id	: 0
siblings	: 4
core id		: 1
cpu cores	: 2
apicid		: 3
initial apicid	: 3
fpu		: yes
fpu_exception	: yes
cpuid level	: 13
wp		: yes
flags		: fpu vme de pse tsc msr pae mce cx8 apic sep mtrr pge mca cmov pat pse36 clflush dts acpi mmx fxsr sse sse2 ss ht tm pbe syscall nx rdtscp lm constant_tsc arch_perfmon pebs bts rep_good nopl xtopology nonstop_tsc aperfmperf eagerfpu pni pclmulqdq dtes64 monitor ds_cpl vmx est tm2 ssse3 cx16 xtpr pdcm pcid sse4_1 sse4_2 x2apic popcnt tsc_deadline_timer aes xsave avx f16c rdrand lahf_lm ida arat epb xsaveopt pln pts dtherm tpr_shadow vnmi flexpriority ept vpid fsgsbase smep erms
bogomips	: 4988.50
clflush size	: 64
cache_alignment	: 64
address sizes	: 36 bits physical, 48 bits virtual
power management:



Memory: 4k page, physical 8042708k(1906788k free), swap 8254460k(7671320k free)

vm_info: OpenJDK 64-Bit Server VM (24.75-b04) for linux-amd64 JRE (1.7.0_75-b13), built on Jan 27 2015 00:38:59 by "buildd" with gcc 4.8.2

time: Sun Apr 12 10:23:59 2015
elapsed time: 63567 seconds

