#
# A fatal error has been detected by the Java Runtime Environment:
#
#  SIGSEGV (0xb) at pc=0x00007fc8648206fa, pid=29997, tid=140497634895616
#
# JRE version: OpenJDK Runtime Environment (7.0_75-b13) (build 1.7.0_75-b13)
# Java VM: OpenJDK 64-Bit Server VM (24.75-b04 mixed mode linux-amd64 compressed oops)
# Derivative: IcedTea 2.5.4
# Distribution: Ubuntu 14.04 LTS, package 7u75-2.5.4-1~trusty1
# Problematic frame:
# v  ~BufferBlob::jni_fast_GetLongField
#
# Failed to write core dump. Core dumps have been disabled. To enable core dumping, try "ulimit -c unlimited" before starting Java again
#
# If you would like to submit a bug report, please include
# instructions on how to reproduce the bug and visit:
#   http://icedtea.classpath.org/bugzilla
# The crash happened outside the Java Virtual Machine in native code.
# See problematic frame for where to report the bug.
#

---------------  T H R E A D  ---------------

Current thread (0x00007fc868209800):  JavaThread "AWT-XAWT" daemon [_thread_in_native, id=30017, stack(0x00007fc8278ea000,0x00007fc8279eb000)]

siginfo:si_signo=SIGSEGV: si_errno=0, si_code=1 (SEGV_MAPERR), si_addr=0x0000000000000000

Registers:
RAX=0x00007fc86de84080, RBX=0x00007fc8682099d8, RCX=0x00007fc86e2fb320, RDX=0x0000000000000042
RSP=0x00007fc8279e97f8, RBP=0x00007fc8279e9820, RSI=0x0000000000000000, RDI=0x00007fc8682099d8
R8 =0x0000000000000320, R9 =0x0000000000000000, R10=0x00000000000005f0, R11=0x00007fc86d922dd0
R12=0x00007fc810067b50, R13=0x0000000000000000, R14=0x00007fc85d1c0d80, R15=0x00007fc868209800
RIP=0x00007fc8648206fa, EFLAGS=0x0000000000010246, CSGSFS=0x0000000000000033, ERR=0x0000000000000004
  TRAPNO=0x000000000000000e

Top of Stack: (sp=0x00007fc8279e97f8)
0x00007fc8279e97f8:   00007fc85cf926f4 000000077b2064f0
0x00007fc8279e9808:   00007fc810067b50 000000077b2064f0
0x00007fc8279e9818:   00007fc8279e9910 0000000000000000
0x00007fc8279e9828:   00007fc85ca73ae8 000000077b2064f0
0x00007fc8279e9838:   00007fc8279e9860 0000000000000000
0x00007fc8279e9848:   00007fc85ca6b9a3 000000077b2064f0
0x00007fc8279e9858:   00007fc85cf8720f 00007fc8279e98d8
0x00007fc8279e9868:   00007fc8647d7d98 0000000000000000
0x00007fc8279e9878:   0000000785b8ec50 00000007859ba358
0x00007fc8279e9888:   00007fc8279e9888 000000077b6c64b6
0x00007fc8279e9898:   00007fc8279e9898 0000000000000000
0x00007fc8279e98a8:   00007fc8279e9910 000000077b20c678
0x00007fc8279e98b8:   0000000000000000 000000077b2064f0
0x00007fc8279e98c8:   0000000000000000 00007fc8279e9920
0x00007fc8279e98d8:   0000000000000000 00007fc864b84fc4
0x00007fc8279e98e8:   0000000785430de8 00007fc8647d3cc0
0x00007fc8279e98f8:   0000000000000000 0000000000000000
0x00007fc8279e9908:   00007fc818002dc0 0000000000000000
0x00007fc8279e9918:   00007fc864b84fc4 0000000785b6bcd0
0x00007fc8279e9928:   0000000500000000 0000000000000000
0x00007fc8279e9938:   0000000786e8bb00 f0b6d79af0b6d79a
0x00007fc8279e9948:   00000007f0d91177 00000000000000bf
0x00007fc8279e9958:   f0b6d79af0b6d79a 0000000785b8ec50
0x00007fc8279e9968:   0000000786cbba20 0000000000000011
0x00007fc8279e9978:   0000000000000000 00007fc8279e99e0
0x00007fc8279e9988:   00007fc8647cb058 0000000000000000
0x00007fc8279e9998:   0000000786e8bb00 00007fc8279e99a0
0x00007fc8279e99a8:   000000077b3651f5 00007fc8279e99f0
0x00007fc8279e99b8:   000000077b372240 0000000000000000
0x00007fc8279e99c8:   000000077b365210 00007fc8279e9990
0x00007fc8279e99d8:   00007fc8279e99f0 00007fc8279e9a38
0x00007fc8279e99e8:   00007fc8647cb706 0000000786e8bb00 

Instructions: (pc=0x00007fc8648206fa)
0x00007fc8648206da:   00 00 00 00 00 00 44 8b 15 7d e1 68 09 4c 8b ce
0x00007fc8648206ea:   41 f6 c2 01 0f 85 2e 00 00 00 4d 33 ca 4d 33 ca
0x00007fc8648206fa:   4d 8b 09 4c 8b da 49 c1 eb 02 4b 8b 04 19 49 bb
0x00007fc86482070a:   64 e8 ea 6d c8 7f 00 00 4c 33 d8 4c 33 d8 45 3b 

Register to memory mapping:

RAX=0x00007fc86de84080: <offset 0xdbe080> in /usr/lib/jvm/java-7-openjdk-amd64/jre/lib/amd64/server/libjvm.so at 0x00007fc86d0c6000
RBX=0x00007fc8682099d8 is an unknown value
RCX=0x00007fc86e2fb320: <offset 0x219320> in /lib/x86_64-linux-gnu/libpthread.so.0 at 0x00007fc86e0e2000
RDX=0x0000000000000042 is an unknown value
RSP=0x00007fc8279e97f8 is pointing into the stack for thread: 0x00007fc868209800
RBP=0x00007fc8279e9820 is pointing into the stack for thread: 0x00007fc868209800
RSI=0x0000000000000000 is an unknown value
RDI=0x00007fc8682099d8 is an unknown value
R8 =0x0000000000000320 is an unknown value
R9 =0x0000000000000000 is an unknown value
R10=0x00000000000005f0 is an unknown value
R11=0x00007fc86d922dd0: <offset 0x85cdd0> in /usr/lib/jvm/java-7-openjdk-amd64/jre/lib/amd64/server/libjvm.so at 0x00007fc86d0c6000
R12=0x00007fc810067b50 is an unknown value
R13=0x0000000000000000 is an unknown value
R14=0x00007fc85d1c0d80: <offset 0x24ad80> in /usr/lib/jvm/java-7-openjdk-amd64/jre/lib/amd64/xawt/libmawt.so at 0x00007fc85cf76000
R15=0x00007fc868209800 is a thread


Stack: [0x00007fc8278ea000,0x00007fc8279eb000],  sp=0x00007fc8279e97f8,  free space=1021k
Native frames: (J=compiled Java code, j=interpreted, Vv=VM code, C=native code)
v  ~BufferBlob::jni_fast_GetLongField

Java frames: (J=compiled Java code, j=interpreted, Vv=VM code)
j  sun.awt.X11.XlibWrapper.XFilterEvent(JJ)Z+0
J 1044% C2 sun.awt.X11.XToolkit.run(Z)V (410 bytes) @ 0x00007fc864b84fc4 [0x00007fc864b84480+0xb44]
j  sun.awt.X11.XToolkit.run()V+5
j  java.lang.Thread.run()V+11
v  ~StubRoutines::call_stub

---------------  P R O C E S S  ---------------

Java Threads: ( => current thread )
  0x00007fc7f400c800 JavaThread "XToolkt-Shutdown-Thread" [_thread_in_native, id=19351, stack(0x00007fc824a8b000,0x00007fc824b8c000)]
  0x00007fc838001000 JavaThread "SIGTERM handler" daemon [_thread_blocked, id=19347, stack(0x00007fc82498a000,0x00007fc824a8b000)]
  0x00007fc810070000 JavaThread "SwingWorker-pool-1-thread-6" daemon [_thread_blocked, id=30129, stack(0x00007fc8260c2000,0x00007fc8261c3000)]
  0x00007fc7e8013800 JavaThread "Keep-Alive-SocketCleaner" daemon [_thread_blocked, id=30093, stack(0x00007fc824687000,0x00007fc824788000)]
  0x00007fc81001c000 JavaThread "SwingWorker-pool-1-thread-5" daemon [_thread_blocked, id=30081, stack(0x00007fc82667c000,0x00007fc82677d000)]
  0x00007fc81001a000 JavaThread "SwingWorker-pool-1-thread-4" daemon [_thread_blocked, id=30080, stack(0x00007fc82687e000,0x00007fc82697f000)]
  0x00007fc810018000 JavaThread "SwingWorker-pool-1-thread-3" daemon [_thread_blocked, id=30030, stack(0x00007fc8261dc000,0x00007fc8262dd000)]
  0x00007fc8100d6000 JavaThread "SwingWorker-pool-1-thread-2" daemon [_thread_blocked, id=30026, stack(0x00007fc82677d000,0x00007fc82687e000)]
  0x00007fc8100a2000 JavaThread "SwingWorker-pool-1-thread-1" daemon [_thread_blocked, id=30021, stack(0x00007fc82697f000,0x00007fc826a80000)]
  0x00007fc81008e800 JavaThread "TimerQueue" daemon [_thread_blocked, id=30020, stack(0x00007fc826ea6000,0x00007fc826fa7000)]
  0x00007fc86800a000 JavaThread "DestroyJavaVM" [_thread_blocked, id=30003, stack(0x00007fc86ebd4000,0x00007fc86ecd5000)]
  0x00007fc86826e000 JavaThread "AWT-EventQueue-0" [_thread_blocked, id=30019, stack(0x00007fc8276e8000,0x00007fc8277e9000)]
  0x00007fc868234800 JavaThread "AWT-Shutdown" [_thread_blocked, id=30018, stack(0x00007fc8277e9000,0x00007fc8278ea000)]
=>0x00007fc868209800 JavaThread "AWT-XAWT" daemon [_thread_in_native, id=30017, stack(0x00007fc8278ea000,0x00007fc8279eb000)]
  0x00007fc8681e7000 JavaThread "Java2D Disposer" daemon [_thread_blocked, id=30016, stack(0x00007fc85c07d000,0x00007fc85c17e000)]
  0x00007fc8680b0000 JavaThread "Service Thread" daemon [_thread_blocked, id=30014, stack(0x00007fc85d594000,0x00007fc85d695000)]
  0x00007fc8680ad800 JavaThread "C2 CompilerThread1" daemon [_thread_blocked, id=30013, stack(0x00007fc85d695000,0x00007fc85d796000)]
  0x00007fc8680aa800 JavaThread "C2 CompilerThread0" daemon [_thread_blocked, id=30012, stack(0x00007fc85d796000,0x00007fc85d897000)]
  0x00007fc8680a8800 JavaThread "Signal Dispatcher" daemon [_thread_blocked, id=30011, stack(0x00007fc85d897000,0x00007fc85d998000)]
  0x00007fc86807c000 JavaThread "Finalizer" daemon [_thread_blocked, id=30010, stack(0x00007fc85e07a000,0x00007fc85e17b000)]
  0x00007fc86807a000 JavaThread "Reference Handler" daemon [_thread_blocked, id=30009, stack(0x00007fc85e17b000,0x00007fc85e27c000)]

Other Threads:
  0x00007fc868075800 VMThread [stack: 0x00007fc85e27c000,0x00007fc85e37d000] [id=30008]
  0x00007fc8680ba800 WatcherThread [stack: 0x00007fc85d493000,0x00007fc85d594000] [id=30015]

VM state:not at safepoint (normal execution)

VM Mutex/Monitor currently owned by a thread: None

Heap
 PSYoungGen      total 48128K, used 32052K [0x00000007d7100000, 0x00000007dbb00000, 0x0000000800000000)
  eden space 24576K, 51% used [0x00000007d7100000,0x00000007d7d624e8,0x00000007d8900000)
  from space 23552K, 82% used [0x00000007da180000,0x00000007db46ae18,0x00000007db880000)
  to   space 25088K, 0% used [0x00000007d8900000,0x00000007d8900000,0x00000007da180000)
 ParOldGen       total 83456K, used 30429K [0x0000000785400000, 0x000000078a580000, 0x00000007d7100000)
  object space 83456K, 36% used [0x0000000785400000,0x00000007871b7760,0x000000078a580000)
 PSPermGen       total 21504K, used 19665K [0x000000077ae00000, 0x000000077c300000, 0x0000000785400000)
  object space 21504K, 91% used [0x000000077ae00000,0x000000077c1345c0,0x000000077c300000)

Card table byte_map: [0x00007fc86439b000,0x00007fc8647c5000] byte_map_base: 0x00007fc8607c4000

Polling page: 0x00007fc86ecf6000

Code Cache  [0x00007fc8647c5000, 0x00007fc864b95000, 0x00007fc8677c5000)
 total_blobs=1555 nmethods=972 adapters=535 free_code_cache=45361Kb largest_free_block=46360768

Compilation events (10 events):
Event: 3517.676 Thread 0x00007fc8680aa800 1043             java.util.Collections$UnmodifiableCollection$1::next (10 bytes)
Event: 3517.678 Thread 0x00007fc8680aa800 nmethod 1043 0x00007fc864b07d10 code [0x00007fc864b07e60, 0x00007fc864b07ef8]
Event: 3700.167 Thread 0x00007fc8680ad800 1044 % !         sun.awt.X11.XToolkit::run @ 59 (410 bytes)
Event: 3700.256 Thread 0x00007fc8680ad800 nmethod 1044% 0x00007fc864b83ad0 code [0x00007fc864b84480, 0x00007fc864b88a48]
Event: 5243.145 Thread 0x00007fc8680aa800 1045   !         sun.awt.X11.XToolkit::windowToXWindow (27 bytes)
Event: 5243.152 Thread 0x00007fc8680aa800 nmethod 1045 0x00007fc864b072d0 code [0x00007fc864b07440, 0x00007fc864b07998]
Event: 6141.206 Thread 0x00007fc8680ad800 1046             sun.awt.X11.XAnyEvent::<init> (30 bytes)
Event: 6141.209 Thread 0x00007fc8680ad800 nmethod 1046 0x00007fc8649de150 code [0x00007fc8649de2c0, 0x00007fc8649de4f8]
Event: 28104.750 Thread 0x00007fc8680aa800 1047             sun.awt.X11.XEvent::get_xany (22 bytes)
Event: 28104.759 Thread 0x00007fc8680aa800 nmethod 1047 0x00007fc8649df550 code [0x00007fc8649df720, 0x00007fc8649dfb50]

GC Heap History (10 events):
Event: 90.080 GC heap before
{Heap before GC invocations=4 (full 0):
 PSYoungGen      total 36864K, used 36834K [0x00000007d7100000, 0x00000007d9a00000, 0x0000000800000000)
  eden space 31744K, 100% used [0x00000007d7100000,0x00000007d9000000,0x00000007d9000000)
  from space 5120K, 99% used [0x00000007d9000000,0x00000007d94f8840,0x00000007d9500000)
  to   space 5120K, 0% used [0x00000007d9500000,0x00000007d9500000,0x00000007d9a00000)
 ParOldGen       total 83456K, used 8352K [0x0000000785400000, 0x000000078a580000, 0x00000007d7100000)
  object space 83456K, 10% used [0x0000000785400000,0x0000000785c28230,0x000000078a580000)
 PSPermGen       total 21504K, used 19138K [0x000000077ae00000, 0x000000077c300000, 0x0000000785400000)
  object space 21504K, 88% used [0x000000077ae00000,0x000000077c0b08f8,0x000000077c300000)
Event: 90.092 GC heap after
Heap after GC invocations=4 (full 0):
 PSYoungGen      total 36864K, used 5116K [0x00000007d7100000, 0x00000007d9a00000, 0x0000000800000000)
  eden space 31744K, 0% used [0x00000007d7100000,0x00000007d7100000,0x00000007d9000000)
  from space 5120K, 99% used [0x00000007d9500000,0x00000007d99ff3f8,0x00000007d9a00000)
  to   space 5120K, 0% used [0x00000007d9000000,0x00000007d9000000,0x00000007d9500000)
 ParOldGen       total 83456K, used 13521K [0x0000000785400000, 0x000000078a580000, 0x00000007d7100000)
  object space 83456K, 16% used [0x0000000785400000,0x0000000786134778,0x000000078a580000)
 PSPermGen       total 21504K, used 19138K [0x000000077ae00000, 0x000000077c300000, 0x0000000785400000)
  object space 21504K, 88% used [0x000000077ae00000,0x000000077c0b08f8,0x000000077c300000)
}
Event: 91.022 GC heap before
{Heap before GC invocations=5 (full 0):
 PSYoungGen      total 36864K, used 36860K [0x00000007d7100000, 0x00000007d9a00000, 0x0000000800000000)
  eden space 31744K, 100% used [0x00000007d7100000,0x00000007d9000000,0x00000007d9000000)
  from space 5120K, 99% used [0x00000007d9500000,0x00000007d99ff3f8,0x00000007d9a00000)
  to   space 5120K, 0% used [0x00000007d9000000,0x00000007d9000000,0x00000007d9500000)
 ParOldGen       total 83456K, used 13521K [0x0000000785400000, 0x000000078a580000, 0x00000007d7100000)
  object space 83456K, 16% used [0x0000000785400000,0x0000000786134778,0x000000078a580000)
 PSPermGen       total 21504K, used 19248K [0x000000077ae00000, 0x000000077c300000, 0x0000000785400000)
  object space 21504K, 89% used [0x000000077ae00000,0x000000077c0cc3c8,0x000000077c300000)
Event: 91.035 GC heap after
Heap after GC invocations=5 (full 0):
 PSYoungGen      total 36352K, used 5115K [0x00000007d7100000, 0x00000007dab80000, 0x0000000800000000)
  eden space 31232K, 0% used [0x00000007d7100000,0x00000007d7100000,0x00000007d8f80000)
  from space 5120K, 99% used [0x00000007d9000000,0x00000007d94fef58,0x00000007d9500000)
  to   space 14336K, 0% used [0x00000007d9d80000,0x00000007d9d80000,0x00000007dab80000)
 ParOldGen       total 83456K, used 20692K [0x0000000785400000, 0x000000078a580000, 0x00000007d7100000)
  object space 83456K, 24% used [0x0000000785400000,0x0000000786835328,0x000000078a580000)
 PSPermGen       total 21504K, used 19248K [0x000000077ae00000, 0x000000077c300000, 0x0000000785400000)
  object space 21504K, 89% used [0x000000077ae00000,0x000000077c0cc3c8,0x000000077c300000)
}
Event: 94.810 GC heap before
{Heap before GC invocations=6 (full 0):
 PSYoungGen      total 36352K, used 36347K [0x00000007d7100000, 0x00000007dab80000, 0x0000000800000000)
  eden space 31232K, 100% used [0x00000007d7100000,0x00000007d8f80000,0x00000007d8f80000)
  from space 5120K, 99% used [0x00000007d9000000,0x00000007d94fef58,0x00000007d9500000)
  to   space 14336K, 0% used [0x00000007d9d80000,0x00000007d9d80000,0x00000007dab80000)
 ParOldGen       total 83456K, used 20700K [0x0000000785400000, 0x000000078a580000, 0x00000007d7100000)
  object space 83456K, 24% used [0x0000000785400000,0x0000000786837338,0x000000078a580000)
 PSPermGen       total 21504K, used 19411K [0x000000077ae00000, 0x000000077c300000, 0x0000000785400000)
  object space 21504K, 90% used [0x000000077ae00000,0x000000077c0f4ce8,0x000000077c300000)
Event: 94.830 GC heap after
Heap after GC invocations=6 (full 0):
 PSYoungGen      total 40960K, used 14320K [0x00000007d7100000, 0x00000007db400000, 0x0000000800000000)
  eden space 26624K, 0% used [0x00000007d7100000,0x00000007d7100000,0x00000007d8b00000)
  from space 14336K, 99% used [0x00000007d9d80000,0x00000007dab7c238,0x00000007dab80000)
  to   space 18944K, 0% used [0x00000007d8b00000,0x00000007d8b00000,0x00000007d9d80000)
 ParOldGen       total 83456K, used 24968K [0x0000000785400000, 0x000000078a580000, 0x00000007d7100000)
  object space 83456K, 29% used [0x0000000785400000,0x0000000786c620c8,0x000000078a580000)
 PSPermGen       total 21504K, used 19411K [0x000000077ae00000, 0x000000077c300000, 0x0000000785400000)
  object space 21504K, 90% used [0x000000077ae00000,0x000000077c0f4ce8,0x000000077c300000)
}
Event: 132.267 GC heap before
{Heap before GC invocations=7 (full 0):
 PSYoungGen      total 40960K, used 40944K [0x00000007d7100000, 0x00000007db400000, 0x0000000800000000)
  eden space 26624K, 100% used [0x00000007d7100000,0x00000007d8b00000,0x00000007d8b00000)
  from space 14336K, 99% used [0x00000007d9d80000,0x00000007dab7c238,0x00000007dab80000)
  to   space 18944K, 0% used [0x00000007d8b00000,0x00000007d8b00000,0x00000007d9d80000)
 ParOldGen       total 83456K, used 24977K [0x0000000785400000, 0x000000078a580000, 0x00000007d7100000)
  object space 83456K, 29% used [0x0000000785400000,0x0000000786c646c8,0x000000078a580000)
 PSPermGen       total 21504K, used 19441K [0x000000077ae00000, 0x000000077c300000, 0x0000000785400000)
  object space 21504K, 90% used [0x000000077ae00000,0x000000077c0fc448,0x000000077c300000)
Event: 132.283 GC heap after
Heap after GC invocations=7 (full 0):
 PSYoungGen      total 45056K, used 18931K [0x00000007d7100000, 0x00000007db880000, 0x0000000800000000)
  eden space 26112K, 0% used [0x00000007d7100000,0x00000007d7100000,0x00000007d8a80000)
  from space 18944K, 99% used [0x00000007d8b00000,0x00000007d9d7ce68,0x00000007d9d80000)
  to   space 23552K, 0% used [0x00000007da180000,0x00000007da180000,0x00000007db880000)
 ParOldGen       total 83456K, used 28435K [0x0000000785400000, 0x000000078a580000, 0x00000007d7100000)
  object space 83456K, 34% used [0x0000000785400000,0x0000000786fc4cb8,0x000000078a580000)
 PSPermGen       total 21504K, used 19441K [0x000000077ae00000, 0x000000077c300000, 0x0000000785400000)
  object space 21504K, 90% used [0x000000077ae00000,0x000000077c0fc448,0x000000077c300000)
}
Event: 133.208 GC heap before
{Heap before GC invocations=8 (full 0):
 PSYoungGen      total 45056K, used 45043K [0x00000007d7100000, 0x00000007db880000, 0x0000000800000000)
  eden space 26112K, 100% used [0x00000007d7100000,0x00000007d8a80000,0x00000007d8a80000)
  from space 18944K, 99% used [0x00000007d8b00000,0x00000007d9d7ce68,0x00000007d9d80000)
  to   space 23552K, 0% used [0x00000007da180000,0x00000007da180000,0x00000007db880000)
 ParOldGen       total 83456K, used 28435K [0x0000000785400000, 0x000000078a580000, 0x00000007d7100000)
  object space 83456K, 34% used [0x0000000785400000,0x0000000786fc4cb8,0x000000078a580000)
 PSPermGen       total 21504K, used 19478K [0x000000077ae00000, 0x000000077c300000, 0x0000000785400000)
  object space 21504K, 90% used [0x000000077ae00000,0x000000077c1058d0,0x000000077c300000)
Event: 133.223 GC heap after
Heap after GC invocations=8 (full 0):
 PSYoungGen      total 48128K, used 19371K [0x00000007d7100000, 0x00000007dbb00000, 0x0000000800000000)
  eden space 24576K, 0% used [0x00000007d7100000,0x00000007d7100000,0x00000007d8900000)
  from space 23552K, 82% used [0x00000007da180000,0x00000007db46ae18,0x00000007db880000)
  to   space 25088K, 0% used [0x00000007d8900000,0x00000007d8900000,0x00000007da180000)
 ParOldGen       total 83456K, used 30429K [0x0000000785400000, 0x000000078a580000, 0x00000007d7100000)
  object space 83456K, 36% used [0x0000000785400000,0x00000007871b7760,0x000000078a580000)
 PSPermGen       total 21504K, used 19478K [0x000000077ae00000, 0x000000077c300000, 0x0000000785400000)
  object space 21504K, 90% used [0x000000077ae00000,0x000000077c1058d0,0x000000077c300000)
}

Deoptimization events (10 events):
Event: 133.246 Thread 0x00007fc86826e000 Uncommon trap: reason=bimorphic action=maybe_recompile pc=0x00007fc864a5bb5c method=javax.swing.text.View.getMaximumSpan(I)F @ 12
Event: 133.277 Thread 0x00007fc86826e000 Uncommon trap: reason=class_check action=maybe_recompile pc=0x00007fc864a7c0c8 method=javax.swing.text.GlyphView.getPreferredSpan(I)F @ 92
Event: 133.278 Thread 0x00007fc86826e000 Uncommon trap: reason=class_check action=maybe_recompile pc=0x00007fc864a7c0c8 method=javax.swing.text.GlyphView.getPreferredSpan(I)F @ 92
Event: 133.284 Thread 0x00007fc86826e000 Uncommon trap: reason=class_check action=maybe_recompile pc=0x00007fc864a7f778 method=javax.swing.UIDefaults.getFromResourceBundle(Ljava/lang/Object;Ljava/util/Locale;)Ljava/lang/Object; @ 18
Event: 133.288 Thread 0x00007fc86826e000 Uncommon trap: reason=bimorphic action=maybe_recompile pc=0x00007fc864ab7660 method=java.beans.PropertyChangeSupport.fire([Ljava/beans/PropertyChangeListener;Ljava/beans/PropertyChangeEvent;)V @ 27
Event: 133.288 Thread 0x00007fc86826e000 Uncommon trap: reason=bimorphic action=maybe_recompile pc=0x00007fc864ab7660 method=java.beans.PropertyChangeSupport.fire([Ljava/beans/PropertyChangeListener;Ljava/beans/PropertyChangeEvent;)V @ 27
Event: 133.288 Thread 0x00007fc86826e000 Uncommon trap: reason=bimorphic action=maybe_recompile pc=0x00007fc864a8b158 method=java.awt.Component.firePropertyChange(Ljava/lang/String;Ljava/lang/Object;Ljava/lang/Object;)V @ 43
Event: 133.289 Thread 0x00007fc86826e000 Uncommon trap: reason=bimorphic action=maybe_recompile pc=0x00007fc8649d2ea4 method=java.awt.Container.updateGraphicsData(Ljava/awt/GraphicsConfiguration;)Z @ 49
Event: 133.289 Thread 0x00007fc86826e000 Uncommon trap: reason=bimorphic action=maybe_recompile pc=0x00007fc864ac1970 method=java.awt.Component.getLocationOnWindow()Ljava/awt/Point; @ 10
Event: 212.752 Thread 0x00007fc86826e000 Uncommon trap: reason=unreached action=reinterpret pc=0x00007fc864ac7fb8 method=java.awt.Component.areBoundsValid()Z @ 6

Internal exceptions (10 events):
Event: 90.717 Thread 0x00007fc86826e000 Implicit null exception at 0x00007fc864a0accc to 0x00007fc864a0ad15
Event: 91.036 Thread 0x00007fc86826e000 Implicit null exception at 0x00007fc864a795a2 to 0x00007fc864a7a3a9
Event: 91.036 Thread 0x00007fc86826e000 Implicit null exception at 0x00007fc864998d6f to 0x00007fc864998e8e
Event: 91.167 Thread 0x00007fc86826e000 Implicit null exception at 0x00007fc864a969a8 to 0x00007fc864a99f05
Event: 91.281 Thread 0x00007fc86826e000 Implicit null exception at 0x00007fc864aa694a to 0x00007fc864aa9bfd
Event: 91.414 Thread 0x00007fc86826e000 Implicit null exception at 0x00007fc864a8c91c to 0x00007fc864a8cb99
Event: 91.606 Thread 0x00007fc86826e000 Implicit null exception at 0x00007fc86494a1d9 to 0x00007fc86494a725
Event: 123.961 Thread 0x00007fc86826e000 Implicit null exception at 0x00007fc8649dcb1b to 0x00007fc8649de249
Event: 133.103 Thread 0x00007fc810070000 Implicit null exception at 0x00007fc8649c3534 to 0x00007fc8649c46d9
Event: 212.752 Thread 0x00007fc86826e000 Implicit null exception at 0x00007fc864ac7728 to 0x00007fc864ac7fa5

Events (10 events):
Event: 212.752 Thread 0x00007fc86826e000 DEOPT UNPACKING pc=0x00007fc8647fe445 sp=0x00007fc8277e5970 mode 2
Event: 212.752 loading class 0x00007fc83c03cbf0
Event: 212.753 loading class 0x00007fc83c03cbf0 done
Event: 3700.256 Thread 0x00007fc8680ad800 flushing nmethod 0x00007fc8649dc250
Event: 26632.093 loading class 0x00007fc83c0262d0
Event: 26632.915 loading class 0x00007fc83c0262d0 done
Event: 26632.915 loading class 0x00007fc83c0274a0
Event: 26633.000 loading class 0x00007fc83c0274a0 done
Event: 65381.258 loading class 0x00007fc83c03cbc0
Event: 65384.538 loading class 0x00007fc83c03cbc0 done


Dynamic libraries:
00400000-00401000 r-xp 00000000 08:02 22818494                           /usr/lib/jvm/java-7-openjdk-amd64/jre/bin/java
00600000-00601000 r--p 00000000 08:02 22818494                           /usr/lib/jvm/java-7-openjdk-amd64/jre/bin/java
00601000-00602000 rw-p 00001000 08:02 22818494                           /usr/lib/jvm/java-7-openjdk-amd64/jre/bin/java
01ef5000-01f16000 rw-p 00000000 00:00 0                                  [heap]
77ae00000-77c300000 rw-p 00000000 00:00 0 
77c300000-785400000 rw-p 00000000 00:00 0 
785400000-78a580000 rw-p 00000000 00:00 0 
78a580000-7d7100000 rw-p 00000000 00:00 0 
7d7100000-7dbb00000 rw-p 00000000 00:00 0 
7dbb00000-800000000 rw-p 00000000 00:00 0 
7fc7d8000000-7fc7d8021000 rw-p 00000000 00:00 0 
7fc7d8021000-7fc7dc000000 ---p 00000000 00:00 0 
7fc7e0000000-7fc7e0021000 rw-p 00000000 00:00 0 
7fc7e0021000-7fc7e4000000 ---p 00000000 00:00 0 
7fc7e4000000-7fc7e4021000 rw-p 00000000 00:00 0 
7fc7e4021000-7fc7e8000000 ---p 00000000 00:00 0 
7fc7e8000000-7fc7e802b000 rw-p 00000000 00:00 0 
7fc7e802b000-7fc7ec000000 ---p 00000000 00:00 0 
7fc7ec000000-7fc7ec021000 rw-p 00000000 00:00 0 
7fc7ec021000-7fc7f0000000 ---p 00000000 00:00 0 
7fc7f0000000-7fc7f0021000 rw-p 00000000 00:00 0 
7fc7f0021000-7fc7f4000000 ---p 00000000 00:00 0 
7fc7f4000000-7fc7f4029000 rw-p 00000000 00:00 0 
7fc7f4029000-7fc7f8000000 ---p 00000000 00:00 0 
7fc7f8000000-7fc7f8021000 rw-p 00000000 00:00 0 
7fc7f8021000-7fc7fc000000 ---p 00000000 00:00 0 
7fc7fc000000-7fc7fc021000 rw-p 00000000 00:00 0 
7fc7fc021000-7fc800000000 ---p 00000000 00:00 0 
7fc800000000-7fc800021000 rw-p 00000000 00:00 0 
7fc800021000-7fc804000000 ---p 00000000 00:00 0 
7fc804000000-7fc8041b7000 rw-p 00000000 00:00 0 
7fc8041b7000-7fc808000000 ---p 00000000 00:00 0 
7fc808000000-7fc808163000 rw-p 00000000 00:00 0 
7fc808163000-7fc80c000000 ---p 00000000 00:00 0 
7fc80c000000-7fc80c021000 rw-p 00000000 00:00 0 
7fc80c021000-7fc810000000 ---p 00000000 00:00 0 
7fc810000000-7fc81010b000 rw-p 00000000 00:00 0 
7fc81010b000-7fc814000000 ---p 00000000 00:00 0 
7fc814000000-7fc814021000 rw-p 00000000 00:00 0 
7fc814021000-7fc818000000 ---p 00000000 00:00 0 
7fc818000000-7fc818022000 rw-p 00000000 00:00 0 
7fc818022000-7fc81c000000 ---p 00000000 00:00 0 
7fc81c000000-7fc81c021000 rw-p 00000000 00:00 0 
7fc81c021000-7fc820000000 ---p 00000000 00:00 0 
7fc820000000-7fc820021000 rw-p 00000000 00:00 0 
7fc820021000-7fc824000000 ---p 00000000 00:00 0 
7fc824025000-7fc824028000 ---p 00000000 00:00 0 
7fc824028000-7fc824126000 rw-p 00000000 00:00 0 
7fc824126000-7fc824129000 ---p 00000000 00:00 0 
7fc824129000-7fc824227000 rw-p 00000000 00:00 0 
7fc824227000-7fc82426a000 r-xp 00000000 08:02 21241816                   /usr/lib/x86_64-linux-gnu/libjpeg.so.8.0.2
7fc82426a000-7fc82446a000 ---p 00043000 08:02 21241816                   /usr/lib/x86_64-linux-gnu/libjpeg.so.8.0.2
7fc82446a000-7fc82446b000 r--p 00043000 08:02 21241816                   /usr/lib/x86_64-linux-gnu/libjpeg.so.8.0.2
7fc82446b000-7fc82446c000 rw-p 00044000 08:02 21241816                   /usr/lib/x86_64-linux-gnu/libjpeg.so.8.0.2
7fc82446c000-7fc82447c000 rw-p 00000000 00:00 0 
7fc82447c000-7fc824486000 r-xp 00000000 08:02 22427621                   /usr/lib/jvm/java-7-openjdk-amd64/jre/lib/amd64/libjavajpeg.so
7fc824486000-7fc824685000 ---p 0000a000 08:02 22427621                   /usr/lib/jvm/java-7-openjdk-amd64/jre/lib/amd64/libjavajpeg.so
7fc824685000-7fc824686000 r--p 00009000 08:02 22427621                   /usr/lib/jvm/java-7-openjdk-amd64/jre/lib/amd64/libjavajpeg.so
7fc824686000-7fc824687000 rw-p 0000a000 08:02 22427621                   /usr/lib/jvm/java-7-openjdk-amd64/jre/lib/amd64/libjavajpeg.so
7fc824687000-7fc82468a000 ---p 00000000 00:00 0 
7fc82468a000-7fc824788000 rw-p 00000000 00:00 0                          [stack:30093]
7fc824788000-7fc82478b000 ---p 00000000 00:00 0 
7fc82478b000-7fc824889000 rw-p 00000000 00:00 0 
7fc824889000-7fc82488c000 ---p 00000000 00:00 0 
7fc82488c000-7fc82498a000 rw-p 00000000 00:00 0 
7fc82498a000-7fc82498d000 ---p 00000000 00:00 0 
7fc82498d000-7fc824a8b000 rw-p 00000000 00:00 0                          [stack:19347]
7fc824a8b000-7fc824a8e000 ---p 00000000 00:00 0 
7fc824a8e000-7fc824b8c000 rw-p 00000000 00:00 0                          [stack:19351]
7fc824b8c000-7fc824c04000 r-xp 00000000 08:02 21633402                   /usr/lib/x86_64-linux-gnu/nss/libfreebl3.so
7fc824c04000-7fc824e04000 ---p 00078000 08:02 21633402                   /usr/lib/x86_64-linux-gnu/nss/libfreebl3.so
7fc824e04000-7fc824e06000 r--p 00078000 08:02 21633402                   /usr/lib/x86_64-linux-gnu/nss/libfreebl3.so
7fc824e06000-7fc824e07000 rw-p 0007a000 08:02 21633402                   /usr/lib/x86_64-linux-gnu/nss/libfreebl3.so
7fc824e07000-7fc824e0b000 rw-p 00000000 00:00 0 
7fc824e0b000-7fc824ebf000 r-xp 00000000 08:02 21242112                   /usr/lib/x86_64-linux-gnu/libsqlite3.so.0.8.6
7fc824ebf000-7fc8250bf000 ---p 000b4000 08:02 21242112                   /usr/lib/x86_64-linux-gnu/libsqlite3.so.0.8.6
7fc8250bf000-7fc8250c1000 r--p 000b4000 08:02 21242112                   /usr/lib/x86_64-linux-gnu/libsqlite3.so.0.8.6
7fc8250c1000-7fc8250c3000 rw-p 000b6000 08:02 21242112                   /usr/lib/x86_64-linux-gnu/libsqlite3.so.0.8.6
7fc8250c3000-7fc8250c4000 rw-p 00000000 00:00 0 
7fc8250c4000-7fc825104000 r-xp 00000000 08:02 21633400                   /usr/lib/x86_64-linux-gnu/nss/libsoftokn3.so
7fc825104000-7fc825304000 ---p 00040000 08:02 21633400                   /usr/lib/x86_64-linux-gnu/nss/libsoftokn3.so
7fc825304000-7fc825305000 r--p 00040000 08:02 21633400                   /usr/lib/x86_64-linux-gnu/nss/libsoftokn3.so
7fc825305000-7fc825306000 rw-p 00041000 08:02 21633400                   /usr/lib/x86_64-linux-gnu/nss/libsoftokn3.so
7fc825306000-7fc82533e000 r-xp 00000000 08:02 21235920                   /usr/lib/x86_64-linux-gnu/libnspr4.so
7fc82533e000-7fc82553e000 ---p 00038000 08:02 21235920                   /usr/lib/x86_64-linux-gnu/libnspr4.so
7fc82553e000-7fc82553f000 r--p 00038000 08:02 21235920                   /usr/lib/x86_64-linux-gnu/libnspr4.so
7fc82553f000-7fc825540000 rw-p 00039000 08:02 21235920                   /usr/lib/x86_64-linux-gnu/libnspr4.so
7fc825540000-7fc825543000 rw-p 00000000 00:00 0 
7fc825543000-7fc825546000 r-xp 00000000 08:02 21235918                   /usr/lib/x86_64-linux-gnu/libplds4.so
7fc825546000-7fc825745000 ---p 00003000 08:02 21235918                   /usr/lib/x86_64-linux-gnu/libplds4.so
7fc825745000-7fc825746000 r--p 00002000 08:02 21235918                   /usr/lib/x86_64-linux-gnu/libplds4.so
7fc825746000-7fc825747000 rw-p 00003000 08:02 21235918                   /usr/lib/x86_64-linux-gnu/libplds4.so
7fc825747000-7fc82574b000 r-xp 00000000 08:02 21235919                   /usr/lib/x86_64-linux-gnu/libplc4.so
7fc82574b000-7fc82594a000 ---p 00004000 08:02 21235919                   /usr/lib/x86_64-linux-gnu/libplc4.so
7fc82594a000-7fc82594b000 r--p 00003000 08:02 21235919                   /usr/lib/x86_64-linux-gnu/libplc4.so
7fc82594b000-7fc82594c000 rw-p 00004000 08:02 21235919                   /usr/lib/x86_64-linux-gnu/libplc4.so
7fc82594c000-7fc825971000 r-xp 00000000 08:02 21233763                   /usr/lib/x86_64-linux-gnu/libnssutil3.so
7fc825971000-7fc825b70000 ---p 00025000 08:02 21233763                   /usr/lib/x86_64-linux-gnu/libnssutil3.so
7fc825b70000-7fc825b76000 r--p 00024000 08:02 21233763                   /usr/lib/x86_64-linux-gnu/libnssutil3.so
7fc825b76000-7fc825b77000 rw-p 0002a000 08:02 21233763                   /usr/lib/x86_64-linux-gnu/libnssutil3.so
7fc825b77000-7fc825caa000 r-xp 00000000 08:02 21233764                   /usr/lib/x86_64-linux-gnu/libnss3.so
7fc825caa000-7fc825ea9000 ---p 00133000 08:02 21233764                   /usr/lib/x86_64-linux-gnu/libnss3.so
7fc825ea9000-7fc825eae000 r--p 00132000 08:02 21233764                   /usr/lib/x86_64-linux-gnu/libnss3.so
7fc825eae000-7fc825eb0000 rw-p 00137000 08:02 21233764                   /usr/lib/x86_64-linux-gnu/libnss3.so
7fc825eb0000-7fc825eb1000 rw-p 00000000 00:00 0 
7fc825eb1000-7fc825ec1000 r-xp 00000000 08:02 22427647                   /usr/lib/jvm/java-7-openjdk-amd64/jre/lib/amd64/libj2pkcs11.so
7fc825ec1000-7fc8260c0000 ---p 00010000 08:02 22427647                   /usr/lib/jvm/java-7-openjdk-amd64/jre/lib/amd64/libj2pkcs11.so
7fc8260c0000-7fc8260c1000 r--p 0000f000 08:02 22427647                   /usr/lib/jvm/java-7-openjdk-amd64/jre/lib/amd64/libj2pkcs11.so
7fc8260c1000-7fc8260c2000 rw-p 00010000 08:02 22427647                   /usr/lib/jvm/java-7-openjdk-amd64/jre/lib/amd64/libj2pkcs11.so
7fc8260c2000-7fc8260c5000 ---p 00000000 00:00 0 
7fc8260c5000-7fc8261c3000 rw-p 00000000 00:00 0                          [stack:30129]
7fc8261dc000-7fc8261df000 ---p 00000000 00:00 0 
7fc8261df000-7fc8262dd000 rw-p 00000000 00:00 0                          [stack:30030]
7fc8262dd000-7fc82666a000 rw-s 00000000 00:04 41713684                   /SYSV00000000 (deleted)
7fc82667c000-7fc82667f000 ---p 00000000 00:00 0 
7fc82667f000-7fc82677d000 rw-p 00000000 00:00 0                          [stack:30081]
7fc82677d000-7fc826780000 ---p 00000000 00:00 0 
7fc826780000-7fc82687e000 rw-p 00000000 00:00 0                          [stack:30026]
7fc82687e000-7fc826881000 ---p 00000000 00:00 0 
7fc826881000-7fc82697f000 rw-p 00000000 00:00 0                          [stack:30080]
7fc82697f000-7fc826982000 ---p 00000000 00:00 0 
7fc826982000-7fc826a80000 rw-p 00000000 00:00 0                          [stack:30021]
7fc826a80000-7fc826a85000 r-xp 00000000 08:02 29098185                   /lib/x86_64-linux-gnu/libnss_dns-2.19.so
7fc826a85000-7fc826c84000 ---p 00005000 08:02 29098185                   /lib/x86_64-linux-gnu/libnss_dns-2.19.so
7fc826c84000-7fc826c85000 r--p 00004000 08:02 29098185                   /lib/x86_64-linux-gnu/libnss_dns-2.19.so
7fc826c85000-7fc826c86000 rw-p 00005000 08:02 29098185                   /lib/x86_64-linux-gnu/libnss_dns-2.19.so
7fc826c86000-7fc826c88000 r-xp 00000000 08:02 29102030                   /lib/x86_64-linux-gnu/libnss_mdns4_minimal.so.2
7fc826c88000-7fc826e87000 ---p 00002000 08:02 29102030                   /lib/x86_64-linux-gnu/libnss_mdns4_minimal.so.2
7fc826e87000-7fc826e88000 r--p 00001000 08:02 29102030                   /lib/x86_64-linux-gnu/libnss_mdns4_minimal.so.2
7fc826e88000-7fc826e89000 rw-p 00002000 08:02 29102030                   /lib/x86_64-linux-gnu/libnss_mdns4_minimal.so.2
7fc826ea6000-7fc826ea9000 ---p 00000000 00:00 0 
7fc826ea9000-7fc826fa7000 rw-p 00000000 00:00 0                          [stack:30020]
7fc827069000-7fc827079000 r-xp 00000000 08:02 22427291                   /usr/lib/jvm/java-7-openjdk-amd64/jre/lib/amd64/libnio.so
7fc827079000-7fc827279000 ---p 00010000 08:02 22427291                   /usr/lib/jvm/java-7-openjdk-amd64/jre/lib/amd64/libnio.so
7fc827279000-7fc82727a000 r--p 00010000 08:02 22427291                   /usr/lib/jvm/java-7-openjdk-amd64/jre/lib/amd64/libnio.so
7fc82727a000-7fc82727b000 rw-p 00011000 08:02 22427291                   /usr/lib/jvm/java-7-openjdk-amd64/jre/lib/amd64/libnio.so
7fc82727b000-7fc827292000 r-xp 00000000 08:02 22427299                   /usr/lib/jvm/java-7-openjdk-amd64/jre/lib/amd64/libnet.so
7fc827292000-7fc827491000 ---p 00017000 08:02 22427299                   /usr/lib/jvm/java-7-openjdk-amd64/jre/lib/amd64/libnet.so
7fc827491000-7fc827492000 r--p 00016000 08:02 22427299                   /usr/lib/jvm/java-7-openjdk-amd64/jre/lib/amd64/libnet.so
7fc827492000-7fc827493000 rw-p 00017000 08:02 22427299                   /usr/lib/jvm/java-7-openjdk-amd64/jre/lib/amd64/libnet.so
7fc827493000-7fc8274e4000 r-xp 00000000 08:02 22427619                   /usr/lib/jvm/java-7-openjdk-amd64/jre/lib/amd64/libfontmanager.so
7fc8274e4000-7fc8276e4000 ---p 00051000 08:02 22427619                   /usr/lib/jvm/java-7-openjdk-amd64/jre/lib/amd64/libfontmanager.so
7fc8276e4000-7fc8276e7000 r--p 00051000 08:02 22427619                   /usr/lib/jvm/java-7-openjdk-amd64/jre/lib/amd64/libfontmanager.so
7fc8276e7000-7fc8276e8000 rw-p 00054000 08:02 22427619                   /usr/lib/jvm/java-7-openjdk-amd64/jre/lib/amd64/libfontmanager.so
7fc8276e8000-7fc8276eb000 ---p 00000000 00:00 0 
7fc8276eb000-7fc8277e9000 rw-p 00000000 00:00 0                          [stack:30019]
7fc8277e9000-7fc8277ec000 ---p 00000000 00:00 0 
7fc8277ec000-7fc8278ea000 rw-p 00000000 00:00 0                          [stack:30018]
7fc8278ea000-7fc8278ed000 ---p 00000000 00:00 0 
7fc8278ed000-7fc8279eb000 rw-p 00000000 00:00 0                          [stack:30017]
7fc8279eb000-7fc8279f0000 r-xp 00000000 08:02 21241231                   /usr/lib/x86_64-linux-gnu/libXfixes.so.3.1.0
7fc8279f0000-7fc827bef000 ---p 00005000 08:02 21241231                   /usr/lib/x86_64-linux-gnu/libXfixes.so.3.1.0
7fc827bef000-7fc827bf0000 r--p 00004000 08:02 21241231                   /usr/lib/x86_64-linux-gnu/libXfixes.so.3.1.0
7fc827bf0000-7fc827bf1000 rw-p 00005000 08:02 21241231                   /usr/lib/x86_64-linux-gnu/libXfixes.so.3.1.0
7fc827bf1000-7fc827bfa000 r-xp 00000000 08:02 21241223                   /usr/lib/x86_64-linux-gnu/libXcursor.so.1.0.2
7fc827bfa000-7fc827df9000 ---p 00009000 08:02 21241223                   /usr/lib/x86_64-linux-gnu/libXcursor.so.1.0.2
7fc827df9000-7fc827dfa000 r--p 00008000 08:02 21241223                   /usr/lib/x86_64-linux-gnu/libXcursor.so.1.0.2
7fc827dfa000-7fc827dfb000 rw-p 00009000 08:02 21241223                   /usr/lib/x86_64-linux-gnu/libXcursor.so.1.0.2
7fc827dfb000-7fc827dff000 r-xp 00000000 08:02 29101982                   /lib/x86_64-linux-gnu/libgpg-error.so.0.10.0
7fc827dff000-7fc827ffe000 ---p 00004000 08:02 29101982                   /lib/x86_64-linux-gnu/libgpg-error.so.0.10.0
7fc827ffe000-7fc827fff000 r--p 00003000 08:02 29101982                   /lib/x86_64-linux-gnu/libgpg-error.so.0.10.0
7fc827fff000-7fc828000000 rw-p 00004000 08:02 29101982                   /lib/x86_64-linux-gnu/libgpg-error.so.0.10.0
7fc828000000-7fc828021000 rw-p 00000000 00:00 0 
7fc828021000-7fc82c000000 ---p 00000000 00:00 0 
7fc82c007000-7fc82c00b000 r--s 0004d000 08:02 22427271                   /usr/lib/jvm/java-7-openjdk-amd64/jre/lib/jsse.jar
7fc82c00b000-7fc82c00d000 r-xp 00000000 08:02 29101992                   /lib/x86_64-linux-gnu/libkeyutils.so.1.4
7fc82c00d000-7fc82c20d000 ---p 00002000 08:02 29101992                   /lib/x86_64-linux-gnu/libkeyutils.so.1.4
7fc82c20d000-7fc82c20e000 r--p 00002000 08:02 29101992                   /lib/x86_64-linux-gnu/libkeyutils.so.1.4
7fc82c20e000-7fc82c20f000 rw-p 00003000 08:02 29101992                   /lib/x86_64-linux-gnu/libkeyutils.so.1.4
7fc82c20f000-7fc82c24c000 r-xp 00000000 08:02 29102052                   /lib/x86_64-linux-gnu/libpcre.so.3.13.1
7fc82c24c000-7fc82c44b000 ---p 0003d000 08:02 29102052                   /lib/x86_64-linux-gnu/libpcre.so.3.13.1
7fc82c44b000-7fc82c44c000 r--p 0003c000 08:02 29102052                   /lib/x86_64-linux-gnu/libpcre.so.3.13.1
7fc82c44c000-7fc82c44d000 rw-p 0003d000 08:02 29102052                   /lib/x86_64-linux-gnu/libpcre.so.3.13.1
7fc82c44d000-7fc82c472000 r-xp 00000000 08:02 29102064                   /lib/x86_64-linux-gnu/libpng12.so.0.50.0
7fc82c472000-7fc82c671000 ---p 00025000 08:02 29102064                   /lib/x86_64-linux-gnu/libpng12.so.0.50.0
7fc82c671000-7fc82c672000 r--p 00024000 08:02 29102064                   /lib/x86_64-linux-gnu/libpng12.so.0.50.0
7fc82c672000-7fc82c673000 rw-p 00025000 08:02 29102064                   /lib/x86_64-linux-gnu/libpng12.so.0.50.0
7fc82c673000-7fc82c6b7000 r-xp 00000000 08:02 29101967                   /lib/x86_64-linux-gnu/libdbus-1.so.3.7.6
7fc82c6b7000-7fc82c8b6000 ---p 00044000 08:02 29101967                   /lib/x86_64-linux-gnu/libdbus-1.so.3.7.6
7fc82c8b6000-7fc82c8b7000 r--p 00043000 08:02 29101967                   /lib/x86_64-linux-gnu/libdbus-1.so.3.7.6
7fc82c8b7000-7fc82c8b8000 rw-p 00044000 08:02 29101967                   /lib/x86_64-linux-gnu/libdbus-1.so.3.7.6
7fc82c8b8000-7fc82c8f3000 r-xp 00000000 08:02 21241943                   /usr/lib/x86_64-linux-gnu/libp11-kit.so.0.0.0
7fc82c8f3000-7fc82caf2000 ---p 0003b000 08:02 21241943                   /usr/lib/x86_64-linux-gnu/libp11-kit.so.0.0.0
7fc82caf2000-7fc82caf8000 r--p 0003a000 08:02 21241943                   /usr/lib/x86_64-linux-gnu/libp11-kit.so.0.0.0
7fc82caf8000-7fc82cafa000 rw-p 00040000 08:02 21241943                   /usr/lib/x86_64-linux-gnu/libp11-kit.so.0.0.0
7fc82cafa000-7fc82cb0c000 r-xp 00000000 08:02 21233894                   /usr/lib/x86_64-linux-gnu/libtasn1.so.6.2.0
7fc82cb0c000-7fc82cd0c000 ---p 00012000 08:02 21233894                   /usr/lib/x86_64-linux-gnu/libtasn1.so.6.2.0
7fc82cd0c000-7fc82cd0d000 r--p 00012000 08:02 21233894                   /usr/lib/x86_64-linux-gnu/libtasn1.so.6.2.0
7fc82cd0d000-7fc82cd0e000 rw-p 00013000 08:02 21233894                   /usr/lib/x86_64-linux-gnu/libtasn1.so.6.2.0
7fc82cd0e000-7fc82cd8a000 r-xp 00000000 08:02 29098248                   /lib/x86_64-linux-gnu/libgcrypt.so.11.8.2
7fc82cd8a000-7fc82cf8a000 ---p 0007c000 08:02 29098248                   /lib/x86_64-linux-gnu/libgcrypt.so.11.8.2
7fc82cf8a000-7fc82cf8b000 r--p 0007c000 08:02 29098248                   /lib/x86_64-linux-gnu/libgcrypt.so.11.8.2
7fc82cf8b000-7fc82cf8e000 rw-p 0007d000 08:02 29098248                   /lib/x86_64-linux-gnu/libgcrypt.so.11.8.2
7fc82cf8e000-7fc82cf98000 r-xp 00000000 08:02 21234515                   /usr/lib/x86_64-linux-gnu/libkrb5support.so.0.1
7fc82cf98000-7fc82d197000 ---p 0000a000 08:02 21234515                   /usr/lib/x86_64-linux-gnu/libkrb5support.so.0.1
7fc82d197000-7fc82d198000 r--p 00009000 08:02 21234515                   /usr/lib/x86_64-linux-gnu/libkrb5support.so.0.1
7fc82d198000-7fc82d199000 rw-p 0000a000 08:02 21234515                   /usr/lib/x86_64-linux-gnu/libkrb5support.so.0.1
7fc82d199000-7fc82d19c000 r-xp 00000000 08:02 29098802                   /lib/x86_64-linux-gnu/libcom_err.so.2.1
7fc82d19c000-7fc82d39b000 ---p 00003000 08:02 29098802                   /lib/x86_64-linux-gnu/libcom_err.so.2.1
7fc82d39b000-7fc82d39c000 r--p 00002000 08:02 29098802                   /lib/x86_64-linux-gnu/libcom_err.so.2.1
7fc82d39c000-7fc82d39d000 rw-p 00003000 08:02 29098802                   /lib/x86_64-linux-gnu/libcom_err.so.2.1
7fc82d39d000-7fc82d3c9000 r-xp 00000000 08:02 21234061                   /usr/lib/x86_64-linux-gnu/libk5crypto.so.3.1
7fc82d3c9000-7fc82d5c8000 ---p 0002c000 08:02 21234061                   /usr/lib/x86_64-linux-gnu/libk5crypto.so.3.1
7fc82d5c8000-7fc82d5ca000 r--p 0002b000 08:02 21234061                   /usr/lib/x86_64-linux-gnu/libk5crypto.so.3.1
7fc82d5ca000-7fc82d5cb000 rw-p 0002d000 08:02 21234061                   /usr/lib/x86_64-linux-gnu/libk5crypto.so.3.1
7fc82d5cb000-7fc82d5cc000 rw-p 00000000 00:00 0 
7fc82d5cc000-7fc82d688000 r-xp 00000000 08:02 21234369                   /usr/lib/x86_64-linux-gnu/libkrb5.so.3.3
7fc82d688000-7fc82d888000 ---p 000bc000 08:02 21234369                   /usr/lib/x86_64-linux-gnu/libkrb5.so.3.3
7fc82d888000-7fc82d895000 r--p 000bc000 08:02 21234369                   /usr/lib/x86_64-linux-gnu/libkrb5.so.3.3
7fc82d895000-7fc82d897000 rw-p 000c9000 08:02 21234369                   /usr/lib/x86_64-linux-gnu/libkrb5.so.3.3
7fc82d897000-7fc82d89c000 r-xp 00000000 08:02 21241227                   /usr/lib/x86_64-linux-gnu/libXdmcp.so.6.0.0
7fc82d89c000-7fc82da9b000 ---p 00005000 08:02 21241227                   /usr/lib/x86_64-linux-gnu/libXdmcp.so.6.0.0
7fc82da9b000-7fc82da9c000 r--p 00004000 08:02 21241227                   /usr/lib/x86_64-linux-gnu/libXdmcp.so.6.0.0
7fc82da9c000-7fc82da9d000 rw-p 00005000 08:02 21241227                   /usr/lib/x86_64-linux-gnu/libXdmcp.so.6.0.0
7fc82da9d000-7fc82da9f000 r-xp 00000000 08:02 21241216                   /usr/lib/x86_64-linux-gnu/libXau.so.6.0.0
7fc82da9f000-7fc82dc9f000 ---p 00002000 08:02 21241216                   /usr/lib/x86_64-linux-gnu/libXau.so.6.0.0
7fc82dc9f000-7fc82dca0000 r--p 00002000 08:02 21241216                   /usr/lib/x86_64-linux-gnu/libXau.so.6.0.0
7fc82dca0000-7fc82dca1000 rw-p 00003000 08:02 21241216                   /usr/lib/x86_64-linux-gnu/libXau.so.6.0.0
7fc82dca1000-7fc82dca8000 r-xp 00000000 08:02 21241494                   /usr/lib/x86_64-linux-gnu/libffi.so.6.0.1
7fc82dca8000-7fc82dea7000 ---p 00007000 08:02 21241494                   /usr/lib/x86_64-linux-gnu/libffi.so.6.0.1
7fc82dea7000-7fc82dea8000 r--p 00006000 08:02 21241494                   /usr/lib/x86_64-linux-gnu/libffi.so.6.0.1
7fc82dea8000-7fc82dea9000 rw-p 00007000 08:02 21241494                   /usr/lib/x86_64-linux-gnu/libffi.so.6.0.1
7fc82dea9000-7fc82dec0000 r-xp 00000000 08:02 29098080                   /lib/x86_64-linux-gnu/libresolv-2.19.so
7fc82dec0000-7fc82e0c0000 ---p 00017000 08:02 29098080                   /lib/x86_64-linux-gnu/libresolv-2.19.so
7fc82e0c0000-7fc82e0c1000 r--p 00017000 08:02 29098080                   /lib/x86_64-linux-gnu/libresolv-2.19.so
7fc82e0c1000-7fc82e0c2000 rw-p 00018000 08:02 29098080                   /lib/x86_64-linux-gnu/libresolv-2.19.so
7fc82e0c2000-7fc82e0c4000 rw-p 00000000 00:00 0 
7fc82e0c4000-7fc82e0e4000 r-xp 00000000 08:02 29102079                   /lib/x86_64-linux-gnu/libselinux.so.1
7fc82e0e4000-7fc82e2e3000 ---p 00020000 08:02 29102079                   /lib/x86_64-linux-gnu/libselinux.so.1
7fc82e2e3000-7fc82e2e4000 r--p 0001f000 08:02 29102079                   /lib/x86_64-linux-gnu/libselinux.so.1
7fc82e2e4000-7fc82e2e5000 rw-p 00020000 08:02 29102079                   /lib/x86_64-linux-gnu/libselinux.so.1
7fc82e2e5000-7fc82e2e7000 rw-p 00000000 00:00 0 
7fc82e2e7000-7fc82e3ed000 r-xp 00000000 08:02 29101894                   /lib/x86_64-linux-gnu/libglib-2.0.so.0.4002.0
7fc82e3ed000-7fc82e5ec000 ---p 00106000 08:02 29101894                   /lib/x86_64-linux-gnu/libglib-2.0.so.0.4002.0
7fc82e5ec000-7fc82e5ed000 r--p 00105000 08:02 29101894                   /lib/x86_64-linux-gnu/libglib-2.0.so.0.4002.0
7fc82e5ed000-7fc82e5ee000 rw-p 00106000 08:02 29101894                   /lib/x86_64-linux-gnu/libglib-2.0.so.0.4002.0
7fc82e5ee000-7fc82e5ef000 rw-p 00000000 00:00 0 
7fc82e5ef000-7fc82e5f2000 r-xp 00000000 08:02 21234028                   /usr/lib/x86_64-linux-gnu/libgmodule-2.0.so.0.4002.0
7fc82e5f2000-7fc82e7f1000 ---p 00003000 08:02 21234028                   /usr/lib/x86_64-linux-gnu/libgmodule-2.0.so.0.4002.0
7fc82e7f1000-7fc82e7f2000 r--p 00002000 08:02 21234028                   /usr/lib/x86_64-linux-gnu/libgmodule-2.0.so.0.4002.0
7fc82e7f2000-7fc82e7f3000 rw-p 00003000 08:02 21234028                   /usr/lib/x86_64-linux-gnu/libgmodule-2.0.so.0.4002.0
7fc82e7f3000-7fc82e81a000 r-xp 00000000 08:02 29101971                   /lib/x86_64-linux-gnu/libexpat.so.1.6.0
7fc82e81a000-7fc82ea1a000 ---p 00027000 08:02 29101971                   /lib/x86_64-linux-gnu/libexpat.so.1.6.0
7fc82ea1a000-7fc82ea1c000 r--p 00027000 08:02 29101971                   /lib/x86_64-linux-gnu/libexpat.so.1.6.0
7fc82ea1c000-7fc82ea1d000 rw-p 00029000 08:02 29101971                   /lib/x86_64-linux-gnu/libexpat.so.1.6.0
7fc82ea1d000-7fc82eaba000 r-xp 00000000 08:02 21233752                   /usr/lib/x86_64-linux-gnu/libfreetype.so.6.11.1
7fc82eaba000-7fc82ecb9000 ---p 0009d000 08:02 21233752                   /usr/lib/x86_64-linux-gnu/libfreetype.so.6.11.1
7fc82ecb9000-7fc82ecbf000 r--p 0009c000 08:02 21233752                   /usr/lib/x86_64-linux-gnu/libfreetype.so.6.11.1
7fc82ecbf000-7fc82ecc0000 rw-p 000a2000 08:02 21233752                   /usr/lib/x86_64-linux-gnu/libfreetype.so.6.11.1
7fc82ecc0000-7fc82eccf000 r-xp 00000000 08:02 21241320                   /usr/lib/x86_64-linux-gnu/libavahi-client.so.3.2.9
7fc82eccf000-7fc82eecf000 ---p 0000f000 08:02 21241320                   /usr/lib/x86_64-linux-gnu/libavahi-client.so.3.2.9
7fc82eecf000-7fc82eed0000 r--p 0000f000 08:02 21241320                   /usr/lib/x86_64-linux-gnu/libavahi-client.so.3.2.9
7fc82eed0000-7fc82eed1000 rw-p 00010000 08:02 21241320                   /usr/lib/x86_64-linux-gnu/libavahi-client.so.3.2.9
7fc82eed1000-7fc82eedc000 r-xp 00000000 08:02 21241322                   /usr/lib/x86_64-linux-gnu/libavahi-common.so.3.5.3
7fc82eedc000-7fc82f0db000 ---p 0000b000 08:02 21241322                   /usr/lib/x86_64-linux-gnu/libavahi-common.so.3.5.3
7fc82f0db000-7fc82f0dc000 r--p 0000a000 08:02 21241322                   /usr/lib/x86_64-linux-gnu/libavahi-common.so.3.5.3
7fc82f0dc000-7fc82f0dd000 rw-p 0000b000 08:02 21241322                   /usr/lib/x86_64-linux-gnu/libavahi-common.so.3.5.3
7fc82f0dd000-7fc82f193000 r-xp 00000000 08:02 21235744                   /usr/lib/x86_64-linux-gnu/libgnutls.so.26.22.6
7fc82f193000-7fc82f393000 ---p 000b6000 08:02 21235744                   /usr/lib/x86_64-linux-gnu/libgnutls.so.26.22.6
7fc82f393000-7fc82f399000 r--p 000b6000 08:02 21235744                   /usr/lib/x86_64-linux-gnu/libgnutls.so.26.22.6
7fc82f399000-7fc82f39a000 rw-p 000bc000 08:02 21235744                   /usr/lib/x86_64-linux-gnu/libgnutls.so.26.22.6
7fc82f39a000-7fc82f39b000 rw-p 00000000 00:00 0 
7fc82f39b000-7fc82f3de000 r-xp 00000000 08:02 21234145                   /usr/lib/x86_64-linux-gnu/libgssapi_krb5.so.2.2
7fc82f3de000-7fc82f5de000 ---p 00043000 08:02 21234145                   /usr/lib/x86_64-linux-gnu/libgssapi_krb5.so.2.2
7fc82f5de000-7fc82f5df000 r--p 00043000 08:02 21234145                   /usr/lib/x86_64-linux-gnu/libgssapi_krb5.so.2.2
7fc82f5df000-7fc82f5e1000 rw-p 00044000 08:02 21234145                   /usr/lib/x86_64-linux-gnu/libgssapi_krb5.so.2.2
7fc82f5e1000-7fc82f5fe000 r-xp 00000000 08:02 21242286                   /usr/lib/x86_64-linux-gnu/libxcb.so.1.1.0
7fc82f5fe000-7fc82f7fe000 ---p 0001d000 08:02 21242286                   /usr/lib/x86_64-linux-gnu/libxcb.so.1.1.0
7fc82f7fe000-7fc82f7ff000 r--p 0001d000 08:02 21242286                   /usr/lib/x86_64-linux-gnu/libxcb.so.1.1.0
7fc82f7ff000-7fc82f800000 rw-p 0001e000 08:02 21242286                   /usr/lib/x86_64-linux-gnu/libxcb.so.1.1.0
7fc82f800000-7fc82f84f000 r-xp 00000000 08:02 21234046                   /usr/lib/x86_64-linux-gnu/libgobject-2.0.so.0.4002.0
7fc82f84f000-7fc82fa4f000 ---p 0004f000 08:02 21234046                   /usr/lib/x86_64-linux-gnu/libgobject-2.0.so.0.4002.0
7fc82fa4f000-7fc82fa50000 r--p 0004f000 08:02 21234046                   /usr/lib/x86_64-linux-gnu/libgobject-2.0.so.0.4002.0
7fc82fa50000-7fc82fa51000 rw-p 00050000 08:02 21234046                   /usr/lib/x86_64-linux-gnu/libgobject-2.0.so.0.4002.0
7fc82fa51000-7fc82fbbd000 r-xp 00000000 08:02 21234050                   /usr/lib/x86_64-linux-gnu/libgio-2.0.so.0.4002.0
7fc82fbbd000-7fc82fdbc000 ---p 0016c000 08:02 21234050                   /usr/lib/x86_64-linux-gnu/libgio-2.0.so.0.4002.0
7fc82fdbc000-7fc82fdc0000 r--p 0016b000 08:02 21234050                   /usr/lib/x86_64-linux-gnu/libgio-2.0.so.0.4002.0
7fc82fdc0000-7fc82fdc2000 rw-p 0016f000 08:02 21234050                   /usr/lib/x86_64-linux-gnu/libgio-2.0.so.0.4002.0
7fc82fdc2000-7fc82fdc4000 rw-p 00000000 00:00 0 
7fc82fdc4000-7fc82fdfe000 r-xp 00000000 08:02 21241508                   /usr/lib/x86_64-linux-gnu/libfontconfig.so.1.8.0
7fc82fdfe000-7fc82fffd000 ---p 0003a000 08:02 21241508                   /usr/lib/x86_64-linux-gnu/libfontconfig.so.1.8.0
7fc82fffd000-7fc82ffff000 r--p 00039000 08:02 21241508                   /usr/lib/x86_64-linux-gnu/libfontconfig.so.1.8.0
7fc82ffff000-7fc830000000 rw-p 0003b000 08:02 21241508                   /usr/lib/x86_64-linux-gnu/libfontconfig.so.1.8.0
7fc830000000-7fc830e42000 rw-p 00000000 00:00 0 
7fc830e42000-7fc834000000 ---p 00000000 00:00 0 
7fc834000000-7fc834021000 rw-p 00000000 00:00 0 
7fc834021000-7fc838000000 ---p 00000000 00:00 0 
7fc838000000-7fc838021000 rw-p 00000000 00:00 0 
7fc838021000-7fc83c000000 ---p 00000000 00:00 0 
7fc83c000000-7fc83d4a3000 rw-p 00000000 00:00 0 
7fc83d4a3000-7fc840000000 ---p 00000000 00:00 0 
7fc840000000-7fc840021000 rw-p 00000000 00:00 0 
7fc840021000-7fc844000000 ---p 00000000 00:00 0 
7fc844000000-7fc844021000 rw-p 00000000 00:00 0 
7fc844021000-7fc848000000 ---p 00000000 00:00 0 
7fc848000000-7fc848021000 rw-p 00000000 00:00 0 
7fc848021000-7fc84c000000 ---p 00000000 00:00 0 
7fc84c000000-7fc84c0b9000 rw-p 00000000 00:00 0 
7fc84c0b9000-7fc850000000 ---p 00000000 00:00 0 
7fc850000000-7fc850024000 rw-p 00000000 00:00 0 
7fc850024000-7fc854000000 ---p 00000000 00:00 0 
7fc854000000-7fc854021000 rw-p 00000000 00:00 0 
7fc854021000-7fc858000000 ---p 00000000 00:00 0 
7fc858000000-7fc858021000 rw-p 00000000 00:00 0 
7fc858021000-7fc85c000000 ---p 00000000 00:00 0 
7fc85c04c000-7fc85c07d000 rw-p 00000000 00:00 0 
7fc85c07d000-7fc85c080000 ---p 00000000 00:00 0 
7fc85c080000-7fc85c17e000 rw-p 00000000 00:00 0                          [stack:30016]
7fc85c17e000-7fc85c1ea000 r-xp 00000000 08:02 21234526                   /usr/lib/x86_64-linux-gnu/libcups.so.2
7fc85c1ea000-7fc85c3ea000 ---p 0006c000 08:02 21234526                   /usr/lib/x86_64-linux-gnu/libcups.so.2
7fc85c3ea000-7fc85c3f1000 r--p 0006c000 08:02 21234526                   /usr/lib/x86_64-linux-gnu/libcups.so.2
7fc85c3f1000-7fc85c3f2000 rw-p 00073000 08:02 21234526                   /usr/lib/x86_64-linux-gnu/libcups.so.2
7fc85c3f2000-7fc85c401000 r-xp 00000000 08:02 21241237                   /usr/lib/x86_64-linux-gnu/libXi.so.6.1.0
7fc85c401000-7fc85c600000 ---p 0000f000 08:02 21241237                   /usr/lib/x86_64-linux-gnu/libXi.so.6.1.0
7fc85c600000-7fc85c601000 r--p 0000e000 08:02 21241237                   /usr/lib/x86_64-linux-gnu/libXi.so.6.1.0
7fc85c601000-7fc85c602000 rw-p 0000f000 08:02 21241237                   /usr/lib/x86_64-linux-gnu/libXi.so.6.1.0
7fc85c602000-7fc85c607000 r-xp 00000000 08:02 21241257                   /usr/lib/x86_64-linux-gnu/libXtst.so.6.1.0
7fc85c607000-7fc85c806000 ---p 00005000 08:02 21241257                   /usr/lib/x86_64-linux-gnu/libXtst.so.6.1.0
7fc85c806000-7fc85c807000 r--p 00004000 08:02 21241257                   /usr/lib/x86_64-linux-gnu/libXtst.so.6.1.0
7fc85c807000-7fc85c808000 rw-p 00005000 08:02 21241257                   /usr/lib/x86_64-linux-gnu/libXtst.so.6.1.0
7fc85c808000-7fc85c811000 r-xp 00000000 08:02 21241251                   /usr/lib/x86_64-linux-gnu/libXrender.so.1.3.0
7fc85c811000-7fc85ca10000 ---p 00009000 08:02 21241251                   /usr/lib/x86_64-linux-gnu/libXrender.so.1.3.0
7fc85ca10000-7fc85ca11000 r--p 00008000 08:02 21241251                   /usr/lib/x86_64-linux-gnu/libXrender.so.1.3.0
7fc85ca11000-7fc85ca12000 rw-p 00009000 08:02 21241251                   /usr/lib/x86_64-linux-gnu/libXrender.so.1.3.0
7fc85ca12000-7fc85cb42000 r-xp 00000000 08:02 21241212                   /usr/lib/x86_64-linux-gnu/libX11.so.6.3.0
7fc85cb42000-7fc85cd42000 ---p 00130000 08:02 21241212                   /usr/lib/x86_64-linux-gnu/libX11.so.6.3.0
7fc85cd42000-7fc85cd43000 r--p 00130000 08:02 21241212                   /usr/lib/x86_64-linux-gnu/libX11.so.6.3.0
7fc85cd43000-7fc85cd47000 rw-p 00131000 08:02 21241212                   /usr/lib/x86_64-linux-gnu/libX11.so.6.3.0
7fc85cd47000-7fc85cd58000 r-xp 00000000 08:02 21241229                   /usr/lib/x86_64-linux-gnu/libXext.so.6.4.0
7fc85cd58000-7fc85cf57000 ---p 00011000 08:02 21241229                   /usr/lib/x86_64-linux-gnu/libXext.so.6.4.0
7fc85cf57000-7fc85cf58000 r--p 00010000 08:02 21241229                   /usr/lib/x86_64-linux-gnu/libXext.so.6.4.0
7fc85cf58000-7fc85cf59000 rw-p 00011000 08:02 21241229                   /usr/lib/x86_64-linux-gnu/libXext.so.6.4.0
7fc85cf59000-7fc85cf5c000 r--s 00017000 08:02 22424099                   /usr/lib/jvm/java-7-openjdk-amd64/jre/lib/jce.jar
7fc85cf76000-7fc85cfbe000 r-xp 00000000 08:02 25429955                   /usr/lib/jvm/java-7-openjdk-amd64/jre/lib/amd64/xawt/libmawt.so
7fc85cfbe000-7fc85d1bd000 ---p 00048000 08:02 25429955                   /usr/lib/jvm/java-7-openjdk-amd64/jre/lib/amd64/xawt/libmawt.so
7fc85d1bd000-7fc85d1be000 r--p 00047000 08:02 25429955                   /usr/lib/jvm/java-7-openjdk-amd64/jre/lib/amd64/xawt/libmawt.so
7fc85d1be000-7fc85d1c1000 rw-p 00048000 08:02 25429955                   /usr/lib/jvm/java-7-openjdk-amd64/jre/lib/amd64/xawt/libmawt.so
7fc85d1c1000-7fc85d1c2000 rw-p 00000000 00:00 0 
7fc85d1c2000-7fc85d262000 r-xp 00000000 08:02 22427627                   /usr/lib/jvm/java-7-openjdk-amd64/jre/lib/amd64/libawt.so
7fc85d262000-7fc85d462000 ---p 000a0000 08:02 22427627                   /usr/lib/jvm/java-7-openjdk-amd64/jre/lib/amd64/libawt.so
7fc85d462000-7fc85d463000 r--p 000a0000 08:02 22427627                   /usr/lib/jvm/java-7-openjdk-amd64/jre/lib/amd64/libawt.so
7fc85d463000-7fc85d46e000 rw-p 000a1000 08:02 22427627                   /usr/lib/jvm/java-7-openjdk-amd64/jre/lib/amd64/libawt.so
7fc85d46e000-7fc85d493000 rw-p 00000000 00:00 0 
7fc85d493000-7fc85d494000 ---p 00000000 00:00 0 
7fc85d494000-7fc85d594000 rw-p 00000000 00:00 0                          [stack:30015]
7fc85d594000-7fc85d597000 ---p 00000000 00:00 0 
7fc85d597000-7fc85d695000 rw-p 00000000 00:00 0                          [stack:30014]
7fc85d695000-7fc85d698000 ---p 00000000 00:00 0 
7fc85d698000-7fc85d796000 rw-p 00000000 00:00 0                          [stack:30013]
7fc85d796000-7fc85d799000 ---p 00000000 00:00 0 
7fc85d799000-7fc85d897000 rw-p 00000000 00:00 0                          [stack:30012]
7fc85d897000-7fc85d89a000 ---p 00000000 00:00 0 
7fc85d89a000-7fc85d998000 rw-p 00000000 00:00 0                          [stack:30011]
7fc85d998000-7fc85e07a000 r--p 00000000 08:02 21240327                   /usr/lib/locale/locale-archive
7fc85e07a000-7fc85e07d000 ---p 00000000 00:00 0 
7fc85e07d000-7fc85e17b000 rw-p 00000000 00:00 0                          [stack:30010]
7fc85e17b000-7fc85e17e000 ---p 00000000 00:00 0 
7fc85e17e000-7fc85e27c000 rw-p 00000000 00:00 0                          [stack:30009]
7fc85e27c000-7fc85e27d000 ---p 00000000 00:00 0 
7fc85e27d000-7fc85f37a000 rw-p 00000000 00:00 0                          [stack:30008]
7fc85f37a000-7fc85f52c000 r--s 01d23000 08:02 22427265                   /usr/lib/jvm/java-7-openjdk-amd64/jre/lib/rt.jar
7fc85f52c000-7fc863d08000 rw-p 00000000 00:00 0 
7fc863d08000-7fc863d09000 ---p 00000000 00:00 0 
7fc863d09000-7fc863e09000 rw-p 00000000 00:00 0                          [stack:30007]
7fc863e09000-7fc863e0a000 ---p 00000000 00:00 0 
7fc863e0a000-7fc863f0a000 rw-p 00000000 00:00 0                          [stack:30006]
7fc863f0a000-7fc863f0b000 ---p 00000000 00:00 0 
7fc863f0b000-7fc86400b000 rw-p 00000000 00:00 0                          [stack:30005]
7fc86400b000-7fc86400c000 ---p 00000000 00:00 0 
7fc86400c000-7fc864135000 rw-p 00000000 00:00 0                          [stack:30004]
7fc864135000-7fc86439b000 rw-p 00000000 00:00 0 
7fc86439b000-7fc8643a6000 rw-p 00000000 00:00 0 
7fc8643a6000-7fc8643ee000 rw-p 00000000 00:00 0 
7fc8643ee000-7fc864417000 rw-p 00000000 00:00 0 
7fc864417000-7fc86467c000 rw-p 00000000 00:00 0 
7fc86467c000-7fc8646a2000 rw-p 00000000 00:00 0 
7fc8646a2000-7fc8647c4000 rw-p 00000000 00:00 0 
7fc8647c4000-7fc8647c5000 rw-p 00000000 00:00 0 
7fc8647c5000-7fc864b95000 rwxp 00000000 00:00 0 
7fc864b95000-7fc8677c5000 rw-p 00000000 00:00 0 
7fc8677c5000-7fc8677cd000 r-xp 00000000 08:02 22427663                   /usr/lib/jvm/java-7-openjdk-amd64/jre/lib/amd64/libzip.so
7fc8677cd000-7fc8679cc000 ---p 00008000 08:02 22427663                   /usr/lib/jvm/java-7-openjdk-amd64/jre/lib/amd64/libzip.so
7fc8679cc000-7fc8679cd000 r--p 00007000 08:02 22427663                   /usr/lib/jvm/java-7-openjdk-amd64/jre/lib/amd64/libzip.so
7fc8679cd000-7fc8679ce000 rw-p 00008000 08:02 22427663                   /usr/lib/jvm/java-7-openjdk-amd64/jre/lib/amd64/libzip.so
7fc8679ce000-7fc8679d9000 r-xp 00000000 08:02 29098086                   /lib/x86_64-linux-gnu/libnss_files-2.19.so
7fc8679d9000-7fc867bd8000 ---p 0000b000 08:02 29098086                   /lib/x86_64-linux-gnu/libnss_files-2.19.so
7fc867bd8000-7fc867bd9000 r--p 0000a000 08:02 29098086                   /lib/x86_64-linux-gnu/libnss_files-2.19.so
7fc867bd9000-7fc867bda000 rw-p 0000b000 08:02 29098086                   /lib/x86_64-linux-gnu/libnss_files-2.19.so
7fc867bda000-7fc867be5000 r-xp 00000000 08:02 29098221                   /lib/x86_64-linux-gnu/libnss_nis-2.19.so
7fc867be5000-7fc867de4000 ---p 0000b000 08:02 29098221                   /lib/x86_64-linux-gnu/libnss_nis-2.19.so
7fc867de4000-7fc867de5000 r--p 0000a000 08:02 29098221                   /lib/x86_64-linux-gnu/libnss_nis-2.19.so
7fc867de5000-7fc867de6000 rw-p 0000b000 08:02 29098221                   /lib/x86_64-linux-gnu/libnss_nis-2.19.so
7fc867de6000-7fc867dfd000 r-xp 00000000 08:02 29098199                   /lib/x86_64-linux-gnu/libnsl-2.19.so
7fc867dfd000-7fc867ffc000 ---p 00017000 08:02 29098199                   /lib/x86_64-linux-gnu/libnsl-2.19.so
7fc867ffc000-7fc867ffd000 r--p 00016000 08:02 29098199                   /lib/x86_64-linux-gnu/libnsl-2.19.so
7fc867ffd000-7fc867ffe000 rw-p 00017000 08:02 29098199                   /lib/x86_64-linux-gnu/libnsl-2.19.so
7fc867ffe000-7fc868000000 rw-p 00000000 00:00 0 
7fc868000000-7fc8682b8000 rw-p 00000000 00:00 0 
7fc8682b8000-7fc86c000000 ---p 00000000 00:00 0 
7fc86c001000-7fc86c00c000 rw-p 00000000 00:00 0 
7fc86c00c000-7fc86c054000 rw-p 00000000 00:00 0 
7fc86c054000-7fc86c05d000 r-xp 00000000 08:02 29098197                   /lib/x86_64-linux-gnu/libnss_compat-2.19.so
7fc86c05d000-7fc86c25c000 ---p 00009000 08:02 29098197                   /lib/x86_64-linux-gnu/libnss_compat-2.19.so
7fc86c25c000-7fc86c25d000 r--p 00008000 08:02 29098197                   /lib/x86_64-linux-gnu/libnss_compat-2.19.so
7fc86c25d000-7fc86c25e000 rw-p 00009000 08:02 29098197                   /lib/x86_64-linux-gnu/libnss_compat-2.19.so
7fc86c25e000-7fc86c289000 r-xp 00000000 08:02 22427625                   /usr/lib/jvm/java-7-openjdk-amd64/jre/lib/amd64/libjava.so
7fc86c289000-7fc86c489000 ---p 0002b000 08:02 22427625                   /usr/lib/jvm/java-7-openjdk-amd64/jre/lib/amd64/libjava.so
7fc86c489000-7fc86c48a000 r--p 0002b000 08:02 22427625                   /usr/lib/jvm/java-7-openjdk-amd64/jre/lib/amd64/libjava.so
7fc86c48a000-7fc86c48c000 rw-p 0002c000 08:02 22427625                   /usr/lib/jvm/java-7-openjdk-amd64/jre/lib/amd64/libjava.so
7fc86c48c000-7fc86c49c000 r-xp 00000000 08:02 22427623                   /usr/lib/jvm/java-7-openjdk-amd64/jre/lib/amd64/libverify.so
7fc86c49c000-7fc86c69b000 ---p 00010000 08:02 22427623                   /usr/lib/jvm/java-7-openjdk-amd64/jre/lib/amd64/libverify.so
7fc86c69b000-7fc86c69d000 r--p 0000f000 08:02 22427623                   /usr/lib/jvm/java-7-openjdk-amd64/jre/lib/amd64/libverify.so
7fc86c69d000-7fc86c69e000 rw-p 00011000 08:02 22427623                   /usr/lib/jvm/java-7-openjdk-amd64/jre/lib/amd64/libverify.so
7fc86c69e000-7fc86c6a5000 r-xp 00000000 08:02 29098215                   /lib/x86_64-linux-gnu/librt-2.19.so
7fc86c6a5000-7fc86c8a4000 ---p 00007000 08:02 29098215                   /lib/x86_64-linux-gnu/librt-2.19.so
7fc86c8a4000-7fc86c8a5000 r--p 00006000 08:02 29098215                   /lib/x86_64-linux-gnu/librt-2.19.so
7fc86c8a5000-7fc86c8a6000 rw-p 00007000 08:02 29098215                   /lib/x86_64-linux-gnu/librt-2.19.so
7fc86c8a6000-7fc86c8bc000 r-xp 00000000 08:02 29101926                   /lib/x86_64-linux-gnu/libgcc_s.so.1
7fc86c8bc000-7fc86cabb000 ---p 00016000 08:02 29101926                   /lib/x86_64-linux-gnu/libgcc_s.so.1
7fc86cabb000-7fc86cabc000 rw-p 00015000 08:02 29101926                   /lib/x86_64-linux-gnu/libgcc_s.so.1
7fc86cabc000-7fc86cbc1000 r-xp 00000000 08:02 29098083                   /lib/x86_64-linux-gnu/libm-2.19.so
7fc86cbc1000-7fc86cdc0000 ---p 00105000 08:02 29098083                   /lib/x86_64-linux-gnu/libm-2.19.so
7fc86cdc0000-7fc86cdc1000 r--p 00104000 08:02 29098083                   /lib/x86_64-linux-gnu/libm-2.19.so
7fc86cdc1000-7fc86cdc2000 rw-p 00105000 08:02 29098083                   /lib/x86_64-linux-gnu/libm-2.19.so
7fc86cdc2000-7fc86cea8000 r-xp 00000000 08:02 21242122                   /usr/lib/x86_64-linux-gnu/libstdc++.so.6.0.19
7fc86cea8000-7fc86d0a7000 ---p 000e6000 08:02 21242122                   /usr/lib/x86_64-linux-gnu/libstdc++.so.6.0.19
7fc86d0a7000-7fc86d0af000 r--p 000e5000 08:02 21242122                   /usr/lib/x86_64-linux-gnu/libstdc++.so.6.0.19
7fc86d0af000-7fc86d0b1000 rw-p 000ed000 08:02 21242122                   /usr/lib/x86_64-linux-gnu/libstdc++.so.6.0.19
7fc86d0b1000-7fc86d0c6000 rw-p 00000000 00:00 0 
7fc86d0c6000-7fc86dbde000 r-xp 00000000 08:02 22566066                   /usr/lib/jvm/java-7-openjdk-amd64/jre/lib/amd64/server/libjvm.so
7fc86dbde000-7fc86ddde000 ---p 00b18000 08:02 22566066                   /usr/lib/jvm/java-7-openjdk-amd64/jre/lib/amd64/server/libjvm.so
7fc86ddde000-7fc86de78000 r--p 00b18000 08:02 22566066                   /usr/lib/jvm/java-7-openjdk-amd64/jre/lib/amd64/server/libjvm.so
7fc86de78000-7fc86de9b000 rw-p 00bb2000 08:02 22566066                   /usr/lib/jvm/java-7-openjdk-amd64/jre/lib/amd64/server/libjvm.so
7fc86de9b000-7fc86dec9000 rw-p 00000000 00:00 0 
7fc86dec9000-7fc86dee1000 r-xp 00000000 08:02 29102112                   /lib/x86_64-linux-gnu/libz.so.1.2.8
7fc86dee1000-7fc86e0e0000 ---p 00018000 08:02 29102112                   /lib/x86_64-linux-gnu/libz.so.1.2.8
7fc86e0e0000-7fc86e0e1000 r--p 00017000 08:02 29102112                   /lib/x86_64-linux-gnu/libz.so.1.2.8
7fc86e0e1000-7fc86e0e2000 rw-p 00018000 08:02 29102112                   /lib/x86_64-linux-gnu/libz.so.1.2.8
7fc86e0e2000-7fc86e0fb000 r-xp 00000000 08:02 29098211                   /lib/x86_64-linux-gnu/libpthread-2.19.so
7fc86e0fb000-7fc86e2fa000 ---p 00019000 08:02 29098211                   /lib/x86_64-linux-gnu/libpthread-2.19.so
7fc86e2fa000-7fc86e2fb000 r--p 00018000 08:02 29098211                   /lib/x86_64-linux-gnu/libpthread-2.19.so
7fc86e2fb000-7fc86e2fc000 rw-p 00019000 08:02 29098211                   /lib/x86_64-linux-gnu/libpthread-2.19.so
7fc86e2fc000-7fc86e300000 rw-p 00000000 00:00 0 
7fc86e300000-7fc86e303000 r-xp 00000000 08:02 29098187                   /lib/x86_64-linux-gnu/libdl-2.19.so
7fc86e303000-7fc86e502000 ---p 00003000 08:02 29098187                   /lib/x86_64-linux-gnu/libdl-2.19.so
7fc86e502000-7fc86e503000 r--p 00002000 08:02 29098187                   /lib/x86_64-linux-gnu/libdl-2.19.so
7fc86e503000-7fc86e504000 rw-p 00003000 08:02 29098187                   /lib/x86_64-linux-gnu/libdl-2.19.so
7fc86e504000-7fc86e6bf000 r-xp 00000000 08:02 29098209                   /lib/x86_64-linux-gnu/libc-2.19.so
7fc86e6bf000-7fc86e8be000 ---p 001bb000 08:02 29098209                   /lib/x86_64-linux-gnu/libc-2.19.so
7fc86e8be000-7fc86e8c2000 r--p 001ba000 08:02 29098209                   /lib/x86_64-linux-gnu/libc-2.19.so
7fc86e8c2000-7fc86e8c4000 rw-p 001be000 08:02 29098209                   /lib/x86_64-linux-gnu/libc-2.19.so
7fc86e8c4000-7fc86e8c9000 rw-p 00000000 00:00 0 
7fc86e8c9000-7fc86e8d6000 r-xp 00000000 08:02 22566054                   /usr/lib/jvm/java-7-openjdk-amd64/jre/lib/amd64/jli/libjli.so
7fc86e8d6000-7fc86ead5000 ---p 0000d000 08:02 22566054                   /usr/lib/jvm/java-7-openjdk-amd64/jre/lib/amd64/jli/libjli.so
7fc86ead5000-7fc86ead6000 r--p 0000c000 08:02 22566054                   /usr/lib/jvm/java-7-openjdk-amd64/jre/lib/amd64/jli/libjli.so
7fc86ead6000-7fc86ead7000 rw-p 0000d000 08:02 22566054                   /usr/lib/jvm/java-7-openjdk-amd64/jre/lib/amd64/jli/libjli.so
7fc86ead7000-7fc86eafa000 r-xp 00000000 08:02 29098203                   /lib/x86_64-linux-gnu/ld-2.19.so
7fc86eb05000-7fc86eb0b000 rw-s 00000000 00:04 49676310                   /SYSV00000000 (deleted)
7fc86eb0b000-7fc86eb14000 r--s 000b9000 08:02 22427269                   /usr/lib/jvm/java-7-openjdk-amd64/jre/lib/resources.jar
7fc86eb14000-7fc86eb24000 rw-p 00000000 00:00 0 
7fc86eb24000-7fc86ebd4000 rw-p 00000000 00:00 0 
7fc86ebd4000-7fc86ebd7000 ---p 00000000 00:00 0 
7fc86ebd7000-7fc86ecda000 rw-p 00000000 00:00 0                          [stack:30003]
7fc86ecda000-7fc86ecdd000 r--s 00086000 08:02 22695073                   /usr/lib/jvm/java-7-openjdk-amd64/jre/lib/ext/localedata.jar
7fc86ecdd000-7fc86ece1000 r--s 00034000 08:02 22695070                   /usr/lib/jvm/java-7-openjdk-amd64/jre/lib/ext/sunjce_provider.jar
7fc86ece1000-7fc86ece3000 r--s 00006000 08:02 21630820                   /usr/share/java/java-atk-wrapper.jar
7fc86ece3000-7fc86ece5000 r--s 00012000 08:02 22695071                   /usr/lib/jvm/java-7-openjdk-amd64/jre/lib/ext/zipfs.jar
7fc86ece5000-7fc86ece8000 r--s 0000f000 08:02 22695068                   /usr/lib/jvm/java-7-openjdk-amd64/jre/lib/ext/icedtea-sound.jar
7fc86ece8000-7fc86ece9000 r--s 00002000 08:02 22695072                   /usr/lib/jvm/java-7-openjdk-amd64/jre/lib/ext/dnsns.jar
7fc86ece9000-7fc86eced000 r--s 0003c000 08:02 22695069                   /usr/lib/jvm/java-7-openjdk-amd64/jre/lib/ext/sunpkcs11.jar
7fc86eced000-7fc86ecf5000 rw-s 00000000 08:02 15729207                   /tmp/hsperfdata_sohamp/29997
7fc86ecf5000-7fc86ecf6000 rw-p 00000000 00:00 0 
7fc86ecf6000-7fc86ecf7000 r--p 00000000 00:00 0 
7fc86ecf7000-7fc86ecf9000 rw-p 00000000 00:00 0 
7fc86ecf9000-7fc86ecfa000 r--p 00022000 08:02 29098203                   /lib/x86_64-linux-gnu/ld-2.19.so
7fc86ecfa000-7fc86ecfb000 rw-p 00023000 08:02 29098203                   /lib/x86_64-linux-gnu/ld-2.19.so
7fc86ecfb000-7fc86ecfc000 rw-p 00000000 00:00 0 
7ffc04b3d000-7ffc04b5e000 rw-p 00000000 00:00 0                          [stack]
7ffc04bf4000-7ffc04bf6000 r-xp 00000000 00:00 0                          [vdso]
ffffffffff600000-ffffffffff601000 r-xp 00000000 00:00 0                  [vsyscall]

VM Arguments:
jvm_args: -Dfile.encoding=UTF-8 
java_command: Driver
Launcher Type: SUN_STANDARD

Environment Variables:
PATH=/usr/local/sbin:/usr/local/bin:/usr/sbin:/usr/bin:/sbin:/bin:/usr/games:/usr/local/games
SHELL=/bin/bash
DISPLAY=:0

Signal Handlers:
SIGSEGV: [libjvm.so+0x94b4b0], sa_mask[0]=0x7ffbfeff, sa_flags=0x10000004
SIGBUS: [libjvm.so+0x94b4b0], sa_mask[0]=0x7ffbfeff, sa_flags=0x10000004
SIGFPE: [libjvm.so+0x7c3390], sa_mask[0]=0x7ffbfeff, sa_flags=0x10000004
SIGPIPE: SIG_IGN, sa_mask[0]=0x00000000, sa_flags=0x00000000
SIGXFSZ: [libjvm.so+0x7c3390], sa_mask[0]=0x7ffbfeff, sa_flags=0x10000004
SIGILL: [libjvm.so+0x7c3390], sa_mask[0]=0x7ffbfeff, sa_flags=0x10000004
SIGUSR1: SIG_DFL, sa_mask[0]=0x00000000, sa_flags=0x00000000
SIGUSR2: [libjvm.so+0x7c3230], sa_mask[0]=0x00000004, sa_flags=0x10000004
SIGHUP: [libjvm.so+0x7c3410], sa_mask[0]=0x7ffbfeff, sa_flags=0x10000004
SIGINT: [libjvm.so+0x7c3410], sa_mask[0]=0x7ffbfeff, sa_flags=0x10000004
SIGTERM: [libjvm.so+0x7c3410], sa_mask[0]=0x7ffbfeff, sa_flags=0x10000004
SIGQUIT: [libjvm.so+0x7c3410], sa_mask[0]=0x7ffbfeff, sa_flags=0x10000004
SIGTRAP: SIG_DFL, sa_mask[0]=0x00000000, sa_flags=0x00000000


---------------  S Y S T E M  ---------------

OS:Ubuntu 14.04 (trusty)
uname:Linux 3.13.0-49-generic #81-Ubuntu SMP Tue Mar 24 19:29:48 UTC 2015 x86_64
libc:glibc 2.19 NPTL 2.19 
rlimit: STACK 8192k, CORE 0k, NPROC 62149, NOFILE 4096, AS infinity
load average:15.77 4.71 2.21

/proc/meminfo:
MemTotal:        8042708 kB
MemFree:         5923928 kB
Buffers:           13844 kB
Cached:           729964 kB
SwapCached:       115868 kB
Active:          1025084 kB
Inactive:         831456 kB
Active(anon):     954216 kB
Inactive(anon):   721500 kB
Active(file):      70868 kB
Inactive(file):   109956 kB
Unevictable:           0 kB
Mlocked:               0 kB
SwapTotal:       8254460 kB
SwapFree:        7703652 kB
Dirty:              4880 kB
Writeback:             0 kB
AnonPages:        999944 kB
Mapped:           168984 kB
Shmem:            563168 kB
Slab:             135836 kB
SReclaimable:      79560 kB
SUnreclaim:        56276 kB
KernelStack:       13520 kB
PageTables:        14744 kB
NFS_Unstable:          0 kB
Bounce:                0 kB
WritebackTmp:          0 kB
CommitLimit:    12275812 kB
Committed_AS:    3810140 kB
VmallocTotal:   34359738367 kB
VmallocUsed:      586576 kB
VmallocChunk:   34359126492 kB
HardwareCorrupted:     0 kB
AnonHugePages:    907264 kB
HugePages_Total:       0
HugePages_Free:        0
HugePages_Rsvd:        0
HugePages_Surp:        0
Hugepagesize:       2048 kB
DirectMap4k:      128764 kB
DirectMap2M:     8126464 kB


CPU:total 4 (2 cores per cpu, 2 threads per core) family 6 model 58 stepping 9, cmov, cx8, fxsr, mmx, sse, sse2, sse3, ssse3, sse4.1, sse4.2, popcnt, avx, aes, erms, ht, tsc, tscinvbit, tscinv

/proc/cpuinfo:
processor	: 0
vendor_id	: GenuineIntel
cpu family	: 6
model		: 58
model name	: Intel(R) Core(TM) i7-3537U CPU @ 2.00GHz
stepping	: 9
microcode	: 0x17
cpu MHz		: 1900.000
cache size	: 4096 KB
physical id	: 0
siblings	: 4
core id		: 0
cpu cores	: 2
apicid		: 0
initial apicid	: 0
fpu		: yes
fpu_exception	: yes
cpuid level	: 13
wp		: yes
flags		: fpu vme de pse tsc msr pae mce cx8 apic sep mtrr pge mca cmov pat pse36 clflush dts acpi mmx fxsr sse sse2 ss ht tm pbe syscall nx rdtscp lm constant_tsc arch_perfmon pebs bts rep_good nopl xtopology nonstop_tsc aperfmperf eagerfpu pni pclmulqdq dtes64 monitor ds_cpl vmx est tm2 ssse3 cx16 xtpr pdcm pcid sse4_1 sse4_2 x2apic popcnt tsc_deadline_timer aes xsave avx f16c rdrand lahf_lm ida arat epb xsaveopt pln pts dtherm tpr_shadow vnmi flexpriority ept vpid fsgsbase smep erms
bogomips	: 4988.50
clflush size	: 64
cache_alignment	: 64
address sizes	: 36 bits physical, 48 bits virtual
power management:

processor	: 1
vendor_id	: GenuineIntel
cpu family	: 6
model		: 58
model name	: Intel(R) Core(TM) i7-3537U CPU @ 2.00GHz
stepping	: 9
microcode	: 0x17
cpu MHz		: 2000.000
cache size	: 4096 KB
physical id	: 0
siblings	: 4
core id		: 0
cpu cores	: 2
apicid		: 1
initial apicid	: 1
fpu		: yes
fpu_exception	: yes
cpuid level	: 13
wp		: yes
flags		: fpu vme de pse tsc msr pae mce cx8 apic sep mtrr pge mca cmov pat pse36 clflush dts acpi mmx fxsr sse sse2 ss ht tm pbe syscall nx rdtscp lm constant_tsc arch_perfmon pebs bts rep_good nopl xtopology nonstop_tsc aperfmperf eagerfpu pni pclmulqdq dtes64 monitor ds_cpl vmx est tm2 ssse3 cx16 xtpr pdcm pcid sse4_1 sse4_2 x2apic popcnt tsc_deadline_timer aes xsave avx f16c rdrand lahf_lm ida arat epb xsaveopt pln pts dtherm tpr_shadow vnmi flexpriority ept vpid fsgsbase smep erms
bogomips	: 4988.50
clflush size	: 64
cache_alignment	: 64
address sizes	: 36 bits physical, 48 bits virtual
power management:

processor	: 2
vendor_id	: GenuineIntel
cpu family	: 6
model		: 58
model name	: Intel(R) Core(TM) i7-3537U CPU @ 2.00GHz
stepping	: 9
microcode	: 0x17
cpu MHz		: 2000.000
cache size	: 4096 KB
physical id	: 0
siblings	: 4
core id		: 1
cpu cores	: 2
apicid		: 2
initial apicid	: 2
fpu		: yes
fpu_exception	: yes
cpuid level	: 13
wp		: yes
flags		: fpu vme de pse tsc msr pae mce cx8 apic sep mtrr pge mca cmov pat pse36 clflush dts acpi mmx fxsr sse sse2 ss ht tm pbe syscall nx rdtscp lm constant_tsc arch_perfmon pebs bts rep_good nopl xtopology nonstop_tsc aperfmperf eagerfpu pni pclmulqdq dtes64 monitor ds_cpl vmx est tm2 ssse3 cx16 xtpr pdcm pcid sse4_1 sse4_2 x2apic popcnt tsc_deadline_timer aes xsave avx f16c rdrand lahf_lm ida arat epb xsaveopt pln pts dtherm tpr_shadow vnmi flexpriority ept vpid fsgsbase smep erms
bogomips	: 4988.50
clflush size	: 64
cache_alignment	: 64
address sizes	: 36 bits physical, 48 bits virtual
power management:

processor	: 3
vendor_id	: GenuineIntel
cpu family	: 6
model		: 58
model name	: Intel(R) Core(TM) i7-3537U CPU @ 2.00GHz
stepping	: 9
microcode	: 0x17
cpu MHz		: 2000.000
cache size	: 4096 KB
physical id	: 0
siblings	: 4
core id		: 1
cpu cores	: 2
apicid		: 3
initial apicid	: 3
fpu		: yes
fpu_exception	: yes
cpuid level	: 13
wp		: yes
flags		: fpu vme de pse tsc msr pae mce cx8 apic sep mtrr pge mca cmov pat pse36 clflush dts acpi mmx fxsr sse sse2 ss ht tm pbe syscall nx rdtscp lm constant_tsc arch_perfmon pebs bts rep_good nopl xtopology nonstop_tsc aperfmperf eagerfpu pni pclmulqdq dtes64 monitor ds_cpl vmx est tm2 ssse3 cx16 xtpr pdcm pcid sse4_1 sse4_2 x2apic popcnt tsc_deadline_timer aes xsave avx f16c rdrand lahf_lm ida arat epb xsaveopt pln pts dtherm tpr_shadow vnmi flexpriority ept vpid fsgsbase smep erms
bogomips	: 4988.50
clflush size	: 64
cache_alignment	: 64
address sizes	: 36 bits physical, 48 bits virtual
power management:



Memory: 4k page, physical 8042708k(5923928k free), swap 8254460k(7703652k free)

vm_info: OpenJDK 64-Bit Server VM (24.75-b04) for linux-amd64 JRE (1.7.0_75-b13), built on Jan 27 2015 00:38:59 by "buildd" with gcc 4.8.2

time: Sun Apr 12 10:23:59 2015
elapsed time: 65394 seconds

