#
# A fatal error has been detected by the Java Runtime Environment:
#
#  SIGSEGV (0xb) at pc=0x00007f4dd46166fa, pid=14351, tid=139971971163904
#
# JRE version: OpenJDK Runtime Environment (7.0_75-b13) (build 1.7.0_75-b13)
# Java VM: OpenJDK 64-Bit Server VM (24.75-b04 mixed mode linux-amd64 compressed oops)
# Derivative: IcedTea 2.5.4
# Distribution: Ubuntu 14.04 LTS, package 7u75-2.5.4-1~trusty1
# Problematic frame:
# v  ~BufferBlob::jni_fast_GetLongField
#
# Failed to write core dump. Core dumps have been disabled. To enable core dumping, try "ulimit -c unlimited" before starting Java again
#
# If you would like to submit a bug report, please include
# instructions on how to reproduce the bug and visit:
#   http://icedtea.classpath.org/bugzilla
# The crash happened outside the Java Virtual Machine in native code.
# See problematic frame for where to report the bug.
#

---------------  T H R E A D  ---------------

Current thread (0x00007f4dd8219800):  JavaThread "AWT-XAWT" daemon [_thread_in_native, id=14371, stack(0x00007f4dc38ea000,0x00007f4dc39eb000)]

siginfo:si_signo=SIGSEGV: si_errno=0, si_code=1 (SEGV_MAPERR), si_addr=0x0000000000000000

Registers:
RAX=0x00007f4dddc68080, RBX=0x00007f4dd82199d8, RCX=0x00007f4dde0df320, RDX=0x0000000000000042
RSP=0x00007f4dc39e97f8, RBP=0x00007f4dc39e9820, RSI=0x0000000000000000, RDI=0x00007f4dd82199d8
R8 =0x0000000000000003, R9 =0x0000000000000000, R10=0x0000000000000308, R11=0x00007f4ddd706dd0
R12=0x00007f4d8406f4f0, R13=0x0000000000000000, R14=0x00007f4dd121dd80, R15=0x00007f4dd8219800
RIP=0x00007f4dd46166fa, EFLAGS=0x0000000000010246, CSGSFS=0xffff000000000033, ERR=0x0000000000000004
  TRAPNO=0x000000000000000e

Top of Stack: (sp=0x00007f4dc39e97f8)
0x00007f4dc39e97f8:   00007f4dd0fef6f4 000000077b213110
0x00007f4dc39e9808:   00007f4d8406f4f0 000000077b213110
0x00007f4dc39e9818:   00007f4dc39e9908 0000000000000000
0x00007f4dc39e9828:   00007f4dd0ad0ae8 000000077b213110
0x00007f4dc39e9838:   00007f4dc39e9860 0000000000000000
0x00007f4dc39e9848:   00007f4dd0ac89a3 000000077b213110
0x00007f4dc39e9858:   00007f4dd0fe420f 00007f4dc39e98d0
0x00007f4dc39e9868:   00007f4dd45cdd98 00007f4dd45c1233
0x00007f4dc39e9878:   0000000000000000 00000007d91a6920
0x00007f4dc39e9888:   0000000000000000 00007f4dc39e9890
0x00007f4dc39e9898:   0000000000000000 00007f4dc39e9908
0x00007f4dc39e98a8:   000000077b219298 0000000000000000
0x00007f4dc39e98b8:   000000077b213110 0000000000000000
0x00007f4dc39e98c8:   00007f4dc39e98f0 00007f4dc39e9950
0x00007f4dc39e98d8:   00007f4dd45c1350 00000007d91e6df8
0x00007f4dc39e98e8:   00007f4dd45c9cc0 0000000000000000
0x00007f4dc39e98f8:   00007f4dc39e9950 00007f4d8c000db0
0x00007f4dc39e9908:   00000007d9150748 00007f4dc39e9910
0x00007f4dc39e9918:   000000077b36f1bc 00007f4dc39e9998
0x00007f4dc39e9928:   000000077b37c000 000000077c126ca0
0x00007f4dc39e9938:   000000077b36f350 00007f4dc39e98f0
0x00007f4dc39e9948:   00007f4dc39e9990 00007f4dc39e99e0
0x00007f4dc39e9958:   00007f4dd45c1058 0000000000000000
0x00007f4dc39e9968:   00000007d9001300 0000000000000000
0x00007f4dc39e9978:   0000000000000000 0000000000000000
0x00007f4dc39e9988:   00000007d9150748 0000000000000000
0x00007f4dc39e9998:   00000007d9040d38 00007f4dc39e99a0
0x00007f4dc39e99a8:   000000077b36efb5 00007f4dc39e99f0
0x00007f4dc39e99b8:   000000077b37c000 0000000000000000
0x00007f4dc39e99c8:   000000077b36efd0 00007f4dc39e9990
0x00007f4dc39e99d8:   00007f4dc39e99f0 00007f4dc39e9a38
0x00007f4dc39e99e8:   00007f4dd45c1706 00000007d9040d38 

Instructions: (pc=0x00007f4dd46166fa)
0x00007f4dd46166da:   00 00 00 00 00 00 44 8b 15 7d c1 67 09 4c 8b ce
0x00007f4dd46166ea:   41 f6 c2 01 0f 85 2e 00 00 00 4d 33 ca 4d 33 ca
0x00007f4dd46166fa:   4d 8b 09 4c 8b da 49 c1 eb 02 4b 8b 04 19 49 bb
0x00007f4dd461670a:   64 28 c9 dd 4d 7f 00 00 4c 33 d8 4c 33 d8 45 3b 

Register to memory mapping:

RAX=0x00007f4dddc68080: <offset 0xdbe080> in /usr/lib/jvm/java-7-openjdk-amd64/jre/lib/amd64/server/libjvm.so at 0x00007f4ddceaa000
RBX=0x00007f4dd82199d8 is an unknown value
RCX=0x00007f4dde0df320: <offset 0x219320> in /lib/x86_64-linux-gnu/libpthread.so.0 at 0x00007f4dddec6000
RDX=0x0000000000000042 is an unknown value
RSP=0x00007f4dc39e97f8 is pointing into the stack for thread: 0x00007f4dd8219800
RBP=0x00007f4dc39e9820 is pointing into the stack for thread: 0x00007f4dd8219800
RSI=0x0000000000000000 is an unknown value
RDI=0x00007f4dd82199d8 is an unknown value
R8 =0x0000000000000003 is an unknown value
R9 =0x0000000000000000 is an unknown value
R10=0x0000000000000308 is an unknown value
R11=0x00007f4ddd706dd0: <offset 0x85cdd0> in /usr/lib/jvm/java-7-openjdk-amd64/jre/lib/amd64/server/libjvm.so at 0x00007f4ddceaa000
R12=0x00007f4d8406f4f0 is an unknown value
R13=0x0000000000000000 is an unknown value
R14=0x00007f4dd121dd80: <offset 0x24ad80> in /usr/lib/jvm/java-7-openjdk-amd64/jre/lib/amd64/xawt/libmawt.so at 0x00007f4dd0fd3000
R15=0x00007f4dd8219800 is a thread


Stack: [0x00007f4dc38ea000,0x00007f4dc39eb000],  sp=0x00007f4dc39e97f8,  free space=1021k
Native frames: (J=compiled Java code, j=interpreted, Vv=VM code, C=native code)
v  ~BufferBlob::jni_fast_GetLongField

Java frames: (J=compiled Java code, j=interpreted, Vv=VM code)
j  sun.awt.X11.XlibWrapper.XFilterEvent(JJ)Z+0
j  sun.awt.X11.XToolkit.run(Z)V+300
j  sun.awt.X11.XToolkit.run()V+5
j  java.lang.Thread.run()V+11
v  ~StubRoutines::call_stub

---------------  P R O C E S S  ---------------

Java Threads: ( => current thread )
  0x00007f4d60014800 JavaThread "XToolkt-Shutdown-Thread" [_thread_in_native, id=19276, stack(0x00007f4dc0a82000,0x00007f4dc0b83000)]
  0x00007f4da4001000 JavaThread "SIGTERM handler" daemon [_thread_blocked, id=19239, stack(0x00007f4dc0f10000,0x00007f4dc1011000)]
  0x00007f4d841fe000 JavaThread "SwingWorker-pool-1-thread-6" daemon [_thread_blocked, id=14410, stack(0x00007f4dc1213000,0x00007f4dc1314000)]
  0x00007f4d841f2800 JavaThread "SwingWorker-pool-1-thread-5" daemon [_thread_blocked, id=14409, stack(0x00007f4dc1112000,0x00007f4dc1213000)]
  0x00007f4d84248000 JavaThread "SwingWorker-pool-1-thread-4" daemon [_thread_blocked, id=14402, stack(0x00007f4dc0981000,0x00007f4dc0a82000)]
  0x00007f4d841ef000 JavaThread "SwingWorker-pool-1-thread-3" daemon [_thread_blocked, id=14392, stack(0x00007f4dc1011000,0x00007f4dc1112000)]
  0x00007f4d8424e800 JavaThread "SwingWorker-pool-1-thread-2" daemon [_thread_blocked, id=14382, stack(0x00007f4dc1314000,0x00007f4dc1415000)]
  0x00007f4d84117000 JavaThread "SwingWorker-pool-1-thread-1" daemon [_thread_blocked, id=14381, stack(0x00007f4dc1415000,0x00007f4dc1516000)]
  0x00007f4dd800a000 JavaThread "DestroyJavaVM" [_thread_blocked, id=14357, stack(0x00007f4dde9b8000,0x00007f4ddeab9000)]
  0x00007f4d84078800 JavaThread "TimerQueue" daemon [_thread_blocked, id=14374, stack(0x00007f4dc2f68000,0x00007f4dc3069000)]
  0x00007f4dd8274000 JavaThread "AWT-EventQueue-0" [_thread_blocked, id=14373, stack(0x00007f4dc36e8000,0x00007f4dc37e9000)]
  0x00007f4dd8244800 JavaThread "AWT-Shutdown" [_thread_blocked, id=14372, stack(0x00007f4dc37e9000,0x00007f4dc38ea000)]
=>0x00007f4dd8219800 JavaThread "AWT-XAWT" daemon [_thread_in_native, id=14371, stack(0x00007f4dc38ea000,0x00007f4dc39eb000)]
  0x00007f4dd81f4800 JavaThread "Java2D Disposer" daemon [_thread_blocked, id=14370, stack(0x00007f4dd00da000,0x00007f4dd01db000)]
  0x00007f4dd80ae000 JavaThread "Service Thread" daemon [_thread_blocked, id=14368, stack(0x00007f4dd15f1000,0x00007f4dd16f2000)]
  0x00007f4dd80ab800 JavaThread "C2 CompilerThread1" daemon [_thread_blocked, id=14367, stack(0x00007f4dd16f2000,0x00007f4dd17f3000)]
  0x00007f4dd80a8800 JavaThread "C2 CompilerThread0" daemon [_thread_blocked, id=14366, stack(0x00007f4dd17f3000,0x00007f4dd18f4000)]
  0x00007f4dd80a6800 JavaThread "Signal Dispatcher" daemon [_thread_blocked, id=14365, stack(0x00007f4dd18f4000,0x00007f4dd19f5000)]
  0x00007f4dd807c000 JavaThread "Finalizer" daemon [_thread_blocked, id=14364, stack(0x00007f4dd20d7000,0x00007f4dd21d8000)]
  0x00007f4dd807a000 JavaThread "Reference Handler" daemon [_thread_blocked, id=14363, stack(0x00007f4dd21d8000,0x00007f4dd22d9000)]

Other Threads:
  0x00007f4dd8075800 VMThread [stack: 0x00007f4dd22d9000,0x00007f4dd23da000] [id=14362]
  0x00007f4dd80b8800 WatcherThread [stack: 0x00007f4dd14f0000,0x00007f4dd15f1000] [id=14369]

VM state:not at safepoint (normal execution)

VM Mutex/Monitor currently owned by a thread: None

Heap
 PSYoungGen      total 36864K, used 26475K [0x00000007d7100000, 0x00000007d9a00000, 0x0000000800000000)
  eden space 31744K, 67% used [0x00000007d7100000,0x00000007d85e2a10,0x00000007d9000000)
  from space 5120K, 99% used [0x00000007d9000000,0x00000007d94f8350,0x00000007d9500000)
  to   space 5120K, 0% used [0x00000007d9500000,0x00000007d9500000,0x00000007d9a00000)
 ParOldGen       total 83456K, used 2191K [0x0000000785400000, 0x000000078a580000, 0x00000007d7100000)
  object space 83456K, 2% used [0x0000000785400000,0x0000000785623c68,0x000000078a580000)
 PSPermGen       total 21504K, used 19659K [0x000000077ae00000, 0x000000077c300000, 0x0000000785400000)
  object space 21504K, 91% used [0x000000077ae00000,0x000000077c132c10,0x000000077c300000)

Card table byte_map: [0x00007f4dd4191000,0x00007f4dd45bb000] byte_map_base: 0x00007f4dd05ba000

Polling page: 0x00007f4ddeada000

Code Cache  [0x00007f4dd45bb000, 0x00007f4dd482b000, 0x00007f4dd75bb000)
 total_blobs=1006 nmethods=439 adapters=520 free_code_cache=47576Kb largest_free_block=48679296

Compilation events (10 events):
Event: 934.694 Thread 0x00007f4dd80ab800  459             sun.awt.X11.XEvent::get_type (18 bytes)
Event: 934.696 Thread 0x00007f4dd80ab800 nmethod 459 0x00007f4dd4745490 code [0x00007f4dd4745620, 0x00007f4dd4745818]
Event: 1105.320 Thread 0x00007f4dd80a8800  460             java.lang.Long::compareTo (9 bytes)
Event: 1105.320 Thread 0x00007f4dd80ab800  461             java.lang.Long::compareTo (12 bytes)
Event: 1105.321 Thread 0x00007f4dd80ab800 nmethod 461 0x00007f4dd4738810 code [0x00007f4dd4738940, 0x00007f4dd47389d8]
Event: 1105.321 Thread 0x00007f4dd80ab800  462             java.lang.Long::compare (22 bytes)
Event: 1105.321 Thread 0x00007f4dd80ab800 nmethod 462 0x00007f4dd4745290 code [0x00007f4dd47453c0, 0x00007f4dd4745418]
Event: 1105.364 Thread 0x00007f4dd80a8800 nmethod 460 0x00007f4dd4744fd0 code [0x00007f4dd4745120, 0x00007f4dd47451d8]
Event: 2867.314 Thread 0x00007f4dd80ab800  463   !         sun.awt.X11.XToolkit::callTimeoutTasks (220 bytes)
Event: 2867.319 Thread 0x00007f4dd80ab800 nmethod 463 0x00007f4dd4736490 code [0x00007f4dd4736620, 0x00007f4dd4736898]

GC Heap History (2 events):
Event: 8.159 GC heap before
{Heap before GC invocations=1 (full 0):
 PSYoungGen      total 36864K, used 31744K [0x00000007d7100000, 0x00000007d9a00000, 0x0000000800000000)
  eden space 31744K, 100% used [0x00000007d7100000,0x00000007d9000000,0x00000007d9000000)
  from space 5120K, 0% used [0x00000007d9500000,0x00000007d9500000,0x00000007d9a00000)
  to   space 5120K, 0% used [0x00000007d9000000,0x00000007d9000000,0x00000007d9500000)
 ParOldGen       total 83456K, used 0K [0x0000000785400000, 0x000000078a580000, 0x00000007d7100000)
  object space 83456K, 0% used [0x0000000785400000,0x0000000785400000,0x000000078a580000)
 PSPermGen       total 21504K, used 19095K [0x000000077ae00000, 0x000000077c300000, 0x0000000785400000)
  object space 21504K, 88% used [0x000000077ae00000,0x000000077c0a5cb0,0x000000077c300000)
Event: 8.169 GC heap after
Heap after GC invocations=1 (full 0):
 PSYoungGen      total 36864K, used 5088K [0x00000007d7100000, 0x00000007d9a00000, 0x0000000800000000)
  eden space 31744K, 0% used [0x00000007d7100000,0x00000007d7100000,0x00000007d9000000)
  from space 5120K, 99% used [0x00000007d9000000,0x00000007d94f8350,0x00000007d9500000)
  to   space 5120K, 0% used [0x00000007d9500000,0x00000007d9500000,0x00000007d9a00000)
 ParOldGen       total 83456K, used 2191K [0x0000000785400000, 0x000000078a580000, 0x00000007d7100000)
  object space 83456K, 2% used [0x0000000785400000,0x0000000785623c68,0x000000078a580000)
 PSPermGen       total 21504K, used 19095K [0x000000077ae00000, 0x000000077c300000, 0x0000000785400000)
  object space 21504K, 88% used [0x000000077ae00000,0x000000077c0a5cb0,0x000000077c300000)
}

Deoptimization events (10 events):
Event: 27.074 Thread 0x00007f4d841fe000 Uncommon trap: reason=null_check action=make_not_entrant pc=0x00007f4dd4740c90 method=javax.swing.text.html.CSS.getAttribute(Ljava/lang/String;)Ljavax/swing/text/html/CSS$Attribute; @ 7
Event: 27.137 Thread 0x00007f4d841fe000 Uncommon trap: reason=predicate action=maybe_recompile pc=0x00007f4dd4722a64 method=java.util.Vector.indexOf(Ljava/lang/Object;I)I @ 44
Event: 27.153 Thread 0x00007f4dd8274000 Uncommon trap: reason=class_check action=maybe_recompile pc=0x00007f4dd472c124 method=javax.swing.text.StyleContext$NamedStyle.getAttribute(Ljava/lang/Object;)Ljava/lang/Object; @ 5
Event: 27.156 Thread 0x00007f4dd8274000 Uncommon trap: reason=class_check action=maybe_recompile pc=0x00007f4dd472c124 method=javax.swing.text.StyleContext$NamedStyle.getAttribute(Ljava/lang/Object;)Ljava/lang/Object; @ 5
Event: 27.156 Thread 0x00007f4d8424b000 Uncommon trap: reason=predicate action=maybe_recompile pc=0x00007f4dd46cc264 method=java.util.Vector.indexOf(Ljava/lang/Object;I)I @ 44
Event: 27.219 Thread 0x00007f4d841fe000 Uncommon trap: reason=bimorphic action=maybe_recompile pc=0x00007f4dd472de64 method=java.util.Vector.indexOf(Ljava/lang/Object;I)I @ 51
Event: 27.219 Thread 0x00007f4d841fe000 Uncommon trap: reason=bimorphic action=maybe_recompile pc=0x00007f4dd472de64 method=java.util.Vector.indexOf(Ljava/lang/Object;I)I @ 51
Event: 27.226 Thread 0x00007f4dd8274000 Uncommon trap: reason=class_check action=maybe_recompile pc=0x00007f4dd472c124 method=javax.swing.text.StyleContext$NamedStyle.getAttribute(Ljava/lang/Object;)Ljava/lang/Object; @ 5
Event: 27.423 Thread 0x00007f4d8424b000 Uncommon trap: reason=unreached action=reinterpret pc=0x00007f4dd46edb18 method=java.util.regex.Pattern.compile()V @ 249
Event: 29.976 Thread 0x00007f4dd8274000 Uncommon trap: reason=class_check action=maybe_recompile pc=0x00007f4dd472c124 method=javax.swing.text.StyleContext$NamedStyle.getAttribute(Ljava/lang/Object;)Ljava/lang/Object; @ 5

Internal exceptions (10 events):
Event: 14.927 Thread 0x00007f4d841ef000 Threw 0x00000007d7949540 at /build/buildd/openjdk-7-7u75-2.5.4/build/openjdk/hotspot/src/share/vm/interpreter/interpreterRuntime.cpp:388
Event: 15.088 Thread 0x00007f4d841ef000 Threw 0x00000007d7a137e8 at /build/buildd/openjdk-7-7u75-2.5.4/build/openjdk/hotspot/src/share/vm/interpreter/interpreterRuntime.cpp:388
Event: 15.090 Thread 0x00007f4d841ef000 Threw 0x00000007d7a16380 at /build/buildd/openjdk-7-7u75-2.5.4/build/openjdk/hotspot/src/share/vm/interpreter/interpreterRuntime.cpp:388
Event: 15.093 Thread 0x00007f4d841ef000 Threw 0x00000007d7a19130 at /build/buildd/openjdk-7-7u75-2.5.4/build/openjdk/hotspot/src/share/vm/interpreter/interpreterRuntime.cpp:388
Event: 15.100 Thread 0x00007f4d841ef000 Threw 0x00000007d7a231b0 at /build/buildd/openjdk-7-7u75-2.5.4/build/openjdk/hotspot/src/share/vm/interpreter/interpreterRuntime.cpp:388
Event: 15.115 Thread 0x00007f4d841ef000 Threw 0x00000007d7a5bc48 at /build/buildd/openjdk-7-7u75-2.5.4/build/openjdk/hotspot/src/share/vm/interpreter/interpreterRuntime.cpp:388
Event: 15.118 Thread 0x00007f4d841ef000 Threw 0x00000007d7a61130 at /build/buildd/openjdk-7-7u75-2.5.4/build/openjdk/hotspot/src/share/vm/interpreter/interpreterRuntime.cpp:388
Event: 15.119 Thread 0x00007f4d841ef000 Threw 0x00000007d7a64360 at /build/buildd/openjdk-7-7u75-2.5.4/build/openjdk/hotspot/src/share/vm/interpreter/interpreterRuntime.cpp:388
Event: 26.364 Thread 0x00007f4d841f2800 Threw 0x00000007d80077d8 at /build/buildd/openjdk-7-7u75-2.5.4/build/openjdk/hotspot/src/share/vm/runtime/objectMonitor.cpp:1463
Event: 27.074 Thread 0x00007f4d841fe000 Implicit null exception at 0x00007f4dd473cca8 to 0x00007f4dd4740c79

Events (10 events):
Event: 37.131 Executing VM operation: RevokeBias done
Event: 37.132 Executing VM operation: RevokeBias
Event: 37.132 Executing VM operation: RevokeBias done
Event: 37.132 Thread 0x00007f4d74016800 Thread exited: 0x00007f4d74016800
Event: 37973.839 loading class 0x00007f4dd81ca070
Event: 37974.525 loading class 0x00007f4dd81ca070 done
Event: 37974.526 loading class 0x00007f4dd81cb240
Event: 37974.564 loading class 0x00007f4dd81cb240 done
Event: 38063.046 loading class 0x00007f4d98047170
Event: 38063.536 loading class 0x00007f4d98047170 done


Dynamic libraries:
00400000-00401000 r-xp 00000000 08:02 22818494                           /usr/lib/jvm/java-7-openjdk-amd64/jre/bin/java
00600000-00601000 r--p 00000000 08:02 22818494                           /usr/lib/jvm/java-7-openjdk-amd64/jre/bin/java
00601000-00602000 rw-p 00001000 08:02 22818494                           /usr/lib/jvm/java-7-openjdk-amd64/jre/bin/java
00635000-00656000 rw-p 00000000 00:00 0                                  [heap]
77ae00000-77c300000 rw-p 00000000 00:00 0 
77c300000-785400000 rw-p 00000000 00:00 0 
785400000-78a580000 rw-p 00000000 00:00 0 
78a580000-7d7100000 rw-p 00000000 00:00 0 
7d7100000-7d9a00000 rw-p 00000000 00:00 0 
7d9a00000-800000000 rw-p 00000000 00:00 0 
7f4d58000000-7f4d58021000 rw-p 00000000 00:00 0 
7f4d58021000-7f4d5c000000 ---p 00000000 00:00 0 
7f4d5c000000-7f4d5c021000 rw-p 00000000 00:00 0 
7f4d5c021000-7f4d60000000 ---p 00000000 00:00 0 
7f4d60000000-7f4d60021000 rw-p 00000000 00:00 0 
7f4d60021000-7f4d64000000 ---p 00000000 00:00 0 
7f4d64000000-7f4d64021000 rw-p 00000000 00:00 0 
7f4d64021000-7f4d68000000 ---p 00000000 00:00 0 
7f4d68000000-7f4d68021000 rw-p 00000000 00:00 0 
7f4d68021000-7f4d6c000000 ---p 00000000 00:00 0 
7f4d6c000000-7f4d6c021000 rw-p 00000000 00:00 0 
7f4d6c021000-7f4d70000000 ---p 00000000 00:00 0 
7f4d70000000-7f4d70164000 rw-p 00000000 00:00 0 
7f4d70164000-7f4d74000000 ---p 00000000 00:00 0 
7f4d74000000-7f4d74021000 rw-p 00000000 00:00 0 
7f4d74021000-7f4d78000000 ---p 00000000 00:00 0 
7f4d78000000-7f4d78021000 rw-p 00000000 00:00 0 
7f4d78021000-7f4d7c000000 ---p 00000000 00:00 0 
7f4d7c000000-7f4d7c021000 rw-p 00000000 00:00 0 
7f4d7c021000-7f4d80000000 ---p 00000000 00:00 0 
7f4d80000000-7f4d80021000 rw-p 00000000 00:00 0 
7f4d80021000-7f4d84000000 ---p 00000000 00:00 0 
7f4d84000000-7f4d842b1000 rw-p 00000000 00:00 0 
7f4d842b1000-7f4d88000000 ---p 00000000 00:00 0 
7f4d88000000-7f4d88021000 rw-p 00000000 00:00 0 
7f4d88021000-7f4d8c000000 ---p 00000000 00:00 0 
7f4d8c000000-7f4d8c021000 rw-p 00000000 00:00 0 
7f4d8c021000-7f4d90000000 ---p 00000000 00:00 0 
7f4d90000000-7f4d90021000 rw-p 00000000 00:00 0 
7f4d90021000-7f4d94000000 ---p 00000000 00:00 0 
7f4d94000000-7f4d94021000 rw-p 00000000 00:00 0 
7f4d94021000-7f4d98000000 ---p 00000000 00:00 0 
7f4d98000000-7f4d98891000 rw-p 00000000 00:00 0 
7f4d98891000-7f4d9c000000 ---p 00000000 00:00 0 
7f4d9c000000-7f4d9c7cf000 rw-p 00000000 00:00 0 
7f4d9c7cf000-7f4da0000000 ---p 00000000 00:00 0 
7f4da0000000-7f4da0021000 rw-p 00000000 00:00 0 
7f4da0021000-7f4da4000000 ---p 00000000 00:00 0 
7f4da4000000-7f4da4021000 rw-p 00000000 00:00 0 
7f4da4021000-7f4da8000000 ---p 00000000 00:00 0 
7f4da8000000-7f4da8021000 rw-p 00000000 00:00 0 
7f4da8021000-7f4dac000000 ---p 00000000 00:00 0 
7f4dafd70000-7f4db4000000 rw-p 00000000 00:00 0 
7f4db4000000-7f4db4021000 rw-p 00000000 00:00 0 
7f4db4021000-7f4db8000000 ---p 00000000 00:00 0 
7f4db8000000-7f4db8039000 rw-p 00000000 00:00 0 
7f4db8039000-7f4dbc000000 ---p 00000000 00:00 0 
7f4dbc000000-7f4dbc021000 rw-p 00000000 00:00 0 
7f4dbc021000-7f4dc0000000 ---p 00000000 00:00 0 
7f4dc0880000-7f4dc0883000 ---p 00000000 00:00 0 
7f4dc0883000-7f4dc0981000 rw-p 00000000 00:00 0 
7f4dc0981000-7f4dc0984000 ---p 00000000 00:00 0 
7f4dc0984000-7f4dc0a82000 rw-p 00000000 00:00 0                          [stack:14402]
7f4dc0a82000-7f4dc0a85000 ---p 00000000 00:00 0 
7f4dc0a85000-7f4dc0b83000 rw-p 00000000 00:00 0                          [stack:19276]
7f4dc0b83000-7f4dc0f10000 rw-s 00000000 00:04 94634062                   /SYSV00000000 (deleted)
7f4dc0f10000-7f4dc0f13000 ---p 00000000 00:00 0 
7f4dc0f13000-7f4dc1011000 rw-p 00000000 00:00 0                          [stack:19239]
7f4dc1011000-7f4dc1014000 ---p 00000000 00:00 0 
7f4dc1014000-7f4dc1112000 rw-p 00000000 00:00 0                          [stack:14392]
7f4dc1112000-7f4dc1115000 ---p 00000000 00:00 0 
7f4dc1115000-7f4dc1213000 rw-p 00000000 00:00 0                          [stack:14409]
7f4dc1213000-7f4dc1216000 ---p 00000000 00:00 0 
7f4dc1216000-7f4dc1314000 rw-p 00000000 00:00 0                          [stack:14410]
7f4dc1314000-7f4dc1317000 ---p 00000000 00:00 0 
7f4dc1317000-7f4dc1415000 rw-p 00000000 00:00 0                          [stack:14382]
7f4dc1415000-7f4dc1418000 ---p 00000000 00:00 0 
7f4dc1418000-7f4dc1516000 rw-p 00000000 00:00 0                          [stack:14381]
7f4dc1516000-7f4dc151b000 r-xp 00000000 08:02 29098185                   /lib/x86_64-linux-gnu/libnss_dns-2.19.so
7f4dc151b000-7f4dc171a000 ---p 00005000 08:02 29098185                   /lib/x86_64-linux-gnu/libnss_dns-2.19.so
7f4dc171a000-7f4dc171b000 r--p 00004000 08:02 29098185                   /lib/x86_64-linux-gnu/libnss_dns-2.19.so
7f4dc171b000-7f4dc171c000 rw-p 00005000 08:02 29098185                   /lib/x86_64-linux-gnu/libnss_dns-2.19.so
7f4dc171c000-7f4dc171e000 r-xp 00000000 08:02 29102030                   /lib/x86_64-linux-gnu/libnss_mdns4_minimal.so.2
7f4dc171e000-7f4dc191d000 ---p 00002000 08:02 29102030                   /lib/x86_64-linux-gnu/libnss_mdns4_minimal.so.2
7f4dc191d000-7f4dc191e000 r--p 00001000 08:02 29102030                   /lib/x86_64-linux-gnu/libnss_mdns4_minimal.so.2
7f4dc191e000-7f4dc191f000 rw-p 00002000 08:02 29102030                   /lib/x86_64-linux-gnu/libnss_mdns4_minimal.so.2
7f4dc19b1000-7f4dc1a29000 r-xp 00000000 08:02 21633402                   /usr/lib/x86_64-linux-gnu/nss/libfreebl3.so
7f4dc1a29000-7f4dc1c29000 ---p 00078000 08:02 21633402                   /usr/lib/x86_64-linux-gnu/nss/libfreebl3.so
7f4dc1c29000-7f4dc1c2b000 r--p 00078000 08:02 21633402                   /usr/lib/x86_64-linux-gnu/nss/libfreebl3.so
7f4dc1c2b000-7f4dc1c2c000 rw-p 0007a000 08:02 21633402                   /usr/lib/x86_64-linux-gnu/nss/libfreebl3.so
7f4dc1c2c000-7f4dc1c30000 rw-p 00000000 00:00 0 
7f4dc1c30000-7f4dc1ce4000 r-xp 00000000 08:02 21242112                   /usr/lib/x86_64-linux-gnu/libsqlite3.so.0.8.6
7f4dc1ce4000-7f4dc1ee4000 ---p 000b4000 08:02 21242112                   /usr/lib/x86_64-linux-gnu/libsqlite3.so.0.8.6
7f4dc1ee4000-7f4dc1ee6000 r--p 000b4000 08:02 21242112                   /usr/lib/x86_64-linux-gnu/libsqlite3.so.0.8.6
7f4dc1ee6000-7f4dc1ee8000 rw-p 000b6000 08:02 21242112                   /usr/lib/x86_64-linux-gnu/libsqlite3.so.0.8.6
7f4dc1ee8000-7f4dc1ee9000 rw-p 00000000 00:00 0 
7f4dc1ee9000-7f4dc1f29000 r-xp 00000000 08:02 21633400                   /usr/lib/x86_64-linux-gnu/nss/libsoftokn3.so
7f4dc1f29000-7f4dc2129000 ---p 00040000 08:02 21633400                   /usr/lib/x86_64-linux-gnu/nss/libsoftokn3.so
7f4dc2129000-7f4dc212a000 r--p 00040000 08:02 21633400                   /usr/lib/x86_64-linux-gnu/nss/libsoftokn3.so
7f4dc212a000-7f4dc212b000 rw-p 00041000 08:02 21633400                   /usr/lib/x86_64-linux-gnu/nss/libsoftokn3.so
7f4dc212b000-7f4dc2163000 r-xp 00000000 08:02 21235920                   /usr/lib/x86_64-linux-gnu/libnspr4.so
7f4dc2163000-7f4dc2363000 ---p 00038000 08:02 21235920                   /usr/lib/x86_64-linux-gnu/libnspr4.so
7f4dc2363000-7f4dc2364000 r--p 00038000 08:02 21235920                   /usr/lib/x86_64-linux-gnu/libnspr4.so
7f4dc2364000-7f4dc2365000 rw-p 00039000 08:02 21235920                   /usr/lib/x86_64-linux-gnu/libnspr4.so
7f4dc2365000-7f4dc2368000 rw-p 00000000 00:00 0 
7f4dc2368000-7f4dc236b000 r-xp 00000000 08:02 21235918                   /usr/lib/x86_64-linux-gnu/libplds4.so
7f4dc236b000-7f4dc256a000 ---p 00003000 08:02 21235918                   /usr/lib/x86_64-linux-gnu/libplds4.so
7f4dc256a000-7f4dc256b000 r--p 00002000 08:02 21235918                   /usr/lib/x86_64-linux-gnu/libplds4.so
7f4dc256b000-7f4dc256c000 rw-p 00003000 08:02 21235918                   /usr/lib/x86_64-linux-gnu/libplds4.so
7f4dc256c000-7f4dc2570000 r-xp 00000000 08:02 21235919                   /usr/lib/x86_64-linux-gnu/libplc4.so
7f4dc2570000-7f4dc276f000 ---p 00004000 08:02 21235919                   /usr/lib/x86_64-linux-gnu/libplc4.so
7f4dc276f000-7f4dc2770000 r--p 00003000 08:02 21235919                   /usr/lib/x86_64-linux-gnu/libplc4.so
7f4dc2770000-7f4dc2771000 rw-p 00004000 08:02 21235919                   /usr/lib/x86_64-linux-gnu/libplc4.so
7f4dc2771000-7f4dc2796000 r-xp 00000000 08:02 21233763                   /usr/lib/x86_64-linux-gnu/libnssutil3.so
7f4dc2796000-7f4dc2995000 ---p 00025000 08:02 21233763                   /usr/lib/x86_64-linux-gnu/libnssutil3.so
7f4dc2995000-7f4dc299b000 r--p 00024000 08:02 21233763                   /usr/lib/x86_64-linux-gnu/libnssutil3.so
7f4dc299b000-7f4dc299c000 rw-p 0002a000 08:02 21233763                   /usr/lib/x86_64-linux-gnu/libnssutil3.so
7f4dc299c000-7f4dc2acf000 r-xp 00000000 08:02 21233764                   /usr/lib/x86_64-linux-gnu/libnss3.so
7f4dc2acf000-7f4dc2cce000 ---p 00133000 08:02 21233764                   /usr/lib/x86_64-linux-gnu/libnss3.so
7f4dc2cce000-7f4dc2cd3000 r--p 00132000 08:02 21233764                   /usr/lib/x86_64-linux-gnu/libnss3.so
7f4dc2cd3000-7f4dc2cd5000 rw-p 00137000 08:02 21233764                   /usr/lib/x86_64-linux-gnu/libnss3.so
7f4dc2cd5000-7f4dc2cd6000 rw-p 00000000 00:00 0 
7f4dc2cf3000-7f4dc2d03000 r-xp 00000000 08:02 22427647                   /usr/lib/jvm/java-7-openjdk-amd64/jre/lib/amd64/libj2pkcs11.so
7f4dc2d03000-7f4dc2f02000 ---p 00010000 08:02 22427647                   /usr/lib/jvm/java-7-openjdk-amd64/jre/lib/amd64/libj2pkcs11.so
7f4dc2f02000-7f4dc2f03000 r--p 0000f000 08:02 22427647                   /usr/lib/jvm/java-7-openjdk-amd64/jre/lib/amd64/libj2pkcs11.so
7f4dc2f03000-7f4dc2f04000 rw-p 00010000 08:02 22427647                   /usr/lib/jvm/java-7-openjdk-amd64/jre/lib/amd64/libj2pkcs11.so
7f4dc2f04000-7f4dc2f14000 r--s 00000000 08:02 25167923                   /usr/share/texlive/texmf-dist/fonts/type1/adobe/courier/pcrb8a.pfb
7f4dc2f14000-7f4dc2f2c000 r--s 00000000 08:02 22285132                   /usr/share/fonts/type1/gsfonts/n022003l.pfb
7f4dc2f2c000-7f4dc2f3d000 r--s 00000000 08:02 22285105                   /usr/share/fonts/type1/gsfonts/n019024l.pfb
7f4dc2f56000-7f4dc2f68000 r--s 00000000 08:02 22285099                   /usr/share/fonts/type1/gsfonts/n019004l.pfb
7f4dc2f68000-7f4dc2f6b000 ---p 00000000 00:00 0 
7f4dc2f6b000-7f4dc3069000 rw-p 00000000 00:00 0                          [stack:14374]
7f4dc3069000-7f4dc3079000 r-xp 00000000 08:02 22427291                   /usr/lib/jvm/java-7-openjdk-amd64/jre/lib/amd64/libnio.so
7f4dc3079000-7f4dc3279000 ---p 00010000 08:02 22427291                   /usr/lib/jvm/java-7-openjdk-amd64/jre/lib/amd64/libnio.so
7f4dc3279000-7f4dc327a000 r--p 00010000 08:02 22427291                   /usr/lib/jvm/java-7-openjdk-amd64/jre/lib/amd64/libnio.so
7f4dc327a000-7f4dc327b000 rw-p 00011000 08:02 22427291                   /usr/lib/jvm/java-7-openjdk-amd64/jre/lib/amd64/libnio.so
7f4dc327b000-7f4dc3292000 r-xp 00000000 08:02 22427299                   /usr/lib/jvm/java-7-openjdk-amd64/jre/lib/amd64/libnet.so
7f4dc3292000-7f4dc3491000 ---p 00017000 08:02 22427299                   /usr/lib/jvm/java-7-openjdk-amd64/jre/lib/amd64/libnet.so
7f4dc3491000-7f4dc3492000 r--p 00016000 08:02 22427299                   /usr/lib/jvm/java-7-openjdk-amd64/jre/lib/amd64/libnet.so
7f4dc3492000-7f4dc3493000 rw-p 00017000 08:02 22427299                   /usr/lib/jvm/java-7-openjdk-amd64/jre/lib/amd64/libnet.so
7f4dc3493000-7f4dc34e4000 r-xp 00000000 08:02 22427619                   /usr/lib/jvm/java-7-openjdk-amd64/jre/lib/amd64/libfontmanager.so
7f4dc34e4000-7f4dc36e4000 ---p 00051000 08:02 22427619                   /usr/lib/jvm/java-7-openjdk-amd64/jre/lib/amd64/libfontmanager.so
7f4dc36e4000-7f4dc36e7000 r--p 00051000 08:02 22427619                   /usr/lib/jvm/java-7-openjdk-amd64/jre/lib/amd64/libfontmanager.so
7f4dc36e7000-7f4dc36e8000 rw-p 00054000 08:02 22427619                   /usr/lib/jvm/java-7-openjdk-amd64/jre/lib/amd64/libfontmanager.so
7f4dc36e8000-7f4dc36eb000 ---p 00000000 00:00 0 
7f4dc36eb000-7f4dc37e9000 rw-p 00000000 00:00 0                          [stack:14373]
7f4dc37e9000-7f4dc37ec000 ---p 00000000 00:00 0 
7f4dc37ec000-7f4dc38ea000 rw-p 00000000 00:00 0                          [stack:14372]
7f4dc38ea000-7f4dc38ed000 ---p 00000000 00:00 0 
7f4dc38ed000-7f4dc39eb000 rw-p 00000000 00:00 0                          [stack:14371]
7f4dc39eb000-7f4dc39f0000 r-xp 00000000 08:02 21241231                   /usr/lib/x86_64-linux-gnu/libXfixes.so.3.1.0
7f4dc39f0000-7f4dc3bef000 ---p 00005000 08:02 21241231                   /usr/lib/x86_64-linux-gnu/libXfixes.so.3.1.0
7f4dc3bef000-7f4dc3bf0000 r--p 00004000 08:02 21241231                   /usr/lib/x86_64-linux-gnu/libXfixes.so.3.1.0
7f4dc3bf0000-7f4dc3bf1000 rw-p 00005000 08:02 21241231                   /usr/lib/x86_64-linux-gnu/libXfixes.so.3.1.0
7f4dc3bf1000-7f4dc3bfa000 r-xp 00000000 08:02 21241223                   /usr/lib/x86_64-linux-gnu/libXcursor.so.1.0.2
7f4dc3bfa000-7f4dc3df9000 ---p 00009000 08:02 21241223                   /usr/lib/x86_64-linux-gnu/libXcursor.so.1.0.2
7f4dc3df9000-7f4dc3dfa000 r--p 00008000 08:02 21241223                   /usr/lib/x86_64-linux-gnu/libXcursor.so.1.0.2
7f4dc3dfa000-7f4dc3dfb000 rw-p 00009000 08:02 21241223                   /usr/lib/x86_64-linux-gnu/libXcursor.so.1.0.2
7f4dc3dfb000-7f4dc3dff000 r-xp 00000000 08:02 29101982                   /lib/x86_64-linux-gnu/libgpg-error.so.0.10.0
7f4dc3dff000-7f4dc3ffe000 ---p 00004000 08:02 29101982                   /lib/x86_64-linux-gnu/libgpg-error.so.0.10.0
7f4dc3ffe000-7f4dc3fff000 r--p 00003000 08:02 29101982                   /lib/x86_64-linux-gnu/libgpg-error.so.0.10.0
7f4dc3fff000-7f4dc4000000 rw-p 00004000 08:02 29101982                   /lib/x86_64-linux-gnu/libgpg-error.so.0.10.0
7f4dc4000000-7f4dc4021000 rw-p 00000000 00:00 0 
7f4dc4021000-7f4dc8000000 ---p 00000000 00:00 0 
7f4dc800b000-7f4dc800d000 r-xp 00000000 08:02 29101992                   /lib/x86_64-linux-gnu/libkeyutils.so.1.4
7f4dc800d000-7f4dc820d000 ---p 00002000 08:02 29101992                   /lib/x86_64-linux-gnu/libkeyutils.so.1.4
7f4dc820d000-7f4dc820e000 r--p 00002000 08:02 29101992                   /lib/x86_64-linux-gnu/libkeyutils.so.1.4
7f4dc820e000-7f4dc820f000 rw-p 00003000 08:02 29101992                   /lib/x86_64-linux-gnu/libkeyutils.so.1.4
7f4dc820f000-7f4dc824c000 r-xp 00000000 08:02 29102052                   /lib/x86_64-linux-gnu/libpcre.so.3.13.1
7f4dc824c000-7f4dc844b000 ---p 0003d000 08:02 29102052                   /lib/x86_64-linux-gnu/libpcre.so.3.13.1
7f4dc844b000-7f4dc844c000 r--p 0003c000 08:02 29102052                   /lib/x86_64-linux-gnu/libpcre.so.3.13.1
7f4dc844c000-7f4dc844d000 rw-p 0003d000 08:02 29102052                   /lib/x86_64-linux-gnu/libpcre.so.3.13.1
7f4dc844d000-7f4dc8472000 r-xp 00000000 08:02 29102064                   /lib/x86_64-linux-gnu/libpng12.so.0.50.0
7f4dc8472000-7f4dc8671000 ---p 00025000 08:02 29102064                   /lib/x86_64-linux-gnu/libpng12.so.0.50.0
7f4dc8671000-7f4dc8672000 r--p 00024000 08:02 29102064                   /lib/x86_64-linux-gnu/libpng12.so.0.50.0
7f4dc8672000-7f4dc8673000 rw-p 00025000 08:02 29102064                   /lib/x86_64-linux-gnu/libpng12.so.0.50.0
7f4dc8673000-7f4dc86b7000 r-xp 00000000 08:02 29101967                   /lib/x86_64-linux-gnu/libdbus-1.so.3.7.6
7f4dc86b7000-7f4dc88b6000 ---p 00044000 08:02 29101967                   /lib/x86_64-linux-gnu/libdbus-1.so.3.7.6
7f4dc88b6000-7f4dc88b7000 r--p 00043000 08:02 29101967                   /lib/x86_64-linux-gnu/libdbus-1.so.3.7.6
7f4dc88b7000-7f4dc88b8000 rw-p 00044000 08:02 29101967                   /lib/x86_64-linux-gnu/libdbus-1.so.3.7.6
7f4dc88b8000-7f4dc88f3000 r-xp 00000000 08:02 21241943                   /usr/lib/x86_64-linux-gnu/libp11-kit.so.0.0.0
7f4dc88f3000-7f4dc8af2000 ---p 0003b000 08:02 21241943                   /usr/lib/x86_64-linux-gnu/libp11-kit.so.0.0.0
7f4dc8af2000-7f4dc8af8000 r--p 0003a000 08:02 21241943                   /usr/lib/x86_64-linux-gnu/libp11-kit.so.0.0.0
7f4dc8af8000-7f4dc8afa000 rw-p 00040000 08:02 21241943                   /usr/lib/x86_64-linux-gnu/libp11-kit.so.0.0.0
7f4dc8afa000-7f4dc8b0c000 r-xp 00000000 08:02 21233894                   /usr/lib/x86_64-linux-gnu/libtasn1.so.6.2.0
7f4dc8b0c000-7f4dc8d0c000 ---p 00012000 08:02 21233894                   /usr/lib/x86_64-linux-gnu/libtasn1.so.6.2.0
7f4dc8d0c000-7f4dc8d0d000 r--p 00012000 08:02 21233894                   /usr/lib/x86_64-linux-gnu/libtasn1.so.6.2.0
7f4dc8d0d000-7f4dc8d0e000 rw-p 00013000 08:02 21233894                   /usr/lib/x86_64-linux-gnu/libtasn1.so.6.2.0
7f4dc8d0e000-7f4dc8d8a000 r-xp 00000000 08:02 29098248                   /lib/x86_64-linux-gnu/libgcrypt.so.11.8.2
7f4dc8d8a000-7f4dc8f8a000 ---p 0007c000 08:02 29098248                   /lib/x86_64-linux-gnu/libgcrypt.so.11.8.2
7f4dc8f8a000-7f4dc8f8b000 r--p 0007c000 08:02 29098248                   /lib/x86_64-linux-gnu/libgcrypt.so.11.8.2
7f4dc8f8b000-7f4dc8f8e000 rw-p 0007d000 08:02 29098248                   /lib/x86_64-linux-gnu/libgcrypt.so.11.8.2
7f4dc8f8e000-7f4dc8f98000 r-xp 00000000 08:02 21234515                   /usr/lib/x86_64-linux-gnu/libkrb5support.so.0.1
7f4dc8f98000-7f4dc9197000 ---p 0000a000 08:02 21234515                   /usr/lib/x86_64-linux-gnu/libkrb5support.so.0.1
7f4dc9197000-7f4dc9198000 r--p 00009000 08:02 21234515                   /usr/lib/x86_64-linux-gnu/libkrb5support.so.0.1
7f4dc9198000-7f4dc9199000 rw-p 0000a000 08:02 21234515                   /usr/lib/x86_64-linux-gnu/libkrb5support.so.0.1
7f4dc9199000-7f4dc919c000 r-xp 00000000 08:02 29098802                   /lib/x86_64-linux-gnu/libcom_err.so.2.1
7f4dc919c000-7f4dc939b000 ---p 00003000 08:02 29098802                   /lib/x86_64-linux-gnu/libcom_err.so.2.1
7f4dc939b000-7f4dc939c000 r--p 00002000 08:02 29098802                   /lib/x86_64-linux-gnu/libcom_err.so.2.1
7f4dc939c000-7f4dc939d000 rw-p 00003000 08:02 29098802                   /lib/x86_64-linux-gnu/libcom_err.so.2.1
7f4dc939d000-7f4dc93c9000 r-xp 00000000 08:02 21234061                   /usr/lib/x86_64-linux-gnu/libk5crypto.so.3.1
7f4dc93c9000-7f4dc95c8000 ---p 0002c000 08:02 21234061                   /usr/lib/x86_64-linux-gnu/libk5crypto.so.3.1
7f4dc95c8000-7f4dc95ca000 r--p 0002b000 08:02 21234061                   /usr/lib/x86_64-linux-gnu/libk5crypto.so.3.1
7f4dc95ca000-7f4dc95cb000 rw-p 0002d000 08:02 21234061                   /usr/lib/x86_64-linux-gnu/libk5crypto.so.3.1
7f4dc95cb000-7f4dc95cc000 rw-p 00000000 00:00 0 
7f4dc95cc000-7f4dc9688000 r-xp 00000000 08:02 21234369                   /usr/lib/x86_64-linux-gnu/libkrb5.so.3.3
7f4dc9688000-7f4dc9888000 ---p 000bc000 08:02 21234369                   /usr/lib/x86_64-linux-gnu/libkrb5.so.3.3
7f4dc9888000-7f4dc9895000 r--p 000bc000 08:02 21234369                   /usr/lib/x86_64-linux-gnu/libkrb5.so.3.3
7f4dc9895000-7f4dc9897000 rw-p 000c9000 08:02 21234369                   /usr/lib/x86_64-linux-gnu/libkrb5.so.3.3
7f4dc9897000-7f4dc989c000 r-xp 00000000 08:02 21241227                   /usr/lib/x86_64-linux-gnu/libXdmcp.so.6.0.0
7f4dc989c000-7f4dc9a9b000 ---p 00005000 08:02 21241227                   /usr/lib/x86_64-linux-gnu/libXdmcp.so.6.0.0
7f4dc9a9b000-7f4dc9a9c000 r--p 00004000 08:02 21241227                   /usr/lib/x86_64-linux-gnu/libXdmcp.so.6.0.0
7f4dc9a9c000-7f4dc9a9d000 rw-p 00005000 08:02 21241227                   /usr/lib/x86_64-linux-gnu/libXdmcp.so.6.0.0
7f4dc9a9d000-7f4dc9a9f000 r-xp 00000000 08:02 21241216                   /usr/lib/x86_64-linux-gnu/libXau.so.6.0.0
7f4dc9a9f000-7f4dc9c9f000 ---p 00002000 08:02 21241216                   /usr/lib/x86_64-linux-gnu/libXau.so.6.0.0
7f4dc9c9f000-7f4dc9ca0000 r--p 00002000 08:02 21241216                   /usr/lib/x86_64-linux-gnu/libXau.so.6.0.0
7f4dc9ca0000-7f4dc9ca1000 rw-p 00003000 08:02 21241216                   /usr/lib/x86_64-linux-gnu/libXau.so.6.0.0
7f4dc9ca1000-7f4dc9ca8000 r-xp 00000000 08:02 21241494                   /usr/lib/x86_64-linux-gnu/libffi.so.6.0.1
7f4dc9ca8000-7f4dc9ea7000 ---p 00007000 08:02 21241494                   /usr/lib/x86_64-linux-gnu/libffi.so.6.0.1
7f4dc9ea7000-7f4dc9ea8000 r--p 00006000 08:02 21241494                   /usr/lib/x86_64-linux-gnu/libffi.so.6.0.1
7f4dc9ea8000-7f4dc9ea9000 rw-p 00007000 08:02 21241494                   /usr/lib/x86_64-linux-gnu/libffi.so.6.0.1
7f4dc9ea9000-7f4dc9ec0000 r-xp 00000000 08:02 29098080                   /lib/x86_64-linux-gnu/libresolv-2.19.so
7f4dc9ec0000-7f4dca0c0000 ---p 00017000 08:02 29098080                   /lib/x86_64-linux-gnu/libresolv-2.19.so
7f4dca0c0000-7f4dca0c1000 r--p 00017000 08:02 29098080                   /lib/x86_64-linux-gnu/libresolv-2.19.so
7f4dca0c1000-7f4dca0c2000 rw-p 00018000 08:02 29098080                   /lib/x86_64-linux-gnu/libresolv-2.19.so
7f4dca0c2000-7f4dca0c4000 rw-p 00000000 00:00 0 
7f4dca0c4000-7f4dca0e4000 r-xp 00000000 08:02 29102079                   /lib/x86_64-linux-gnu/libselinux.so.1
7f4dca0e4000-7f4dca2e3000 ---p 00020000 08:02 29102079                   /lib/x86_64-linux-gnu/libselinux.so.1
7f4dca2e3000-7f4dca2e4000 r--p 0001f000 08:02 29102079                   /lib/x86_64-linux-gnu/libselinux.so.1
7f4dca2e4000-7f4dca2e5000 rw-p 00020000 08:02 29102079                   /lib/x86_64-linux-gnu/libselinux.so.1
7f4dca2e5000-7f4dca2e7000 rw-p 00000000 00:00 0 
7f4dca2e7000-7f4dca3ed000 r-xp 00000000 08:02 29101894                   /lib/x86_64-linux-gnu/libglib-2.0.so.0.4002.0
7f4dca3ed000-7f4dca5ec000 ---p 00106000 08:02 29101894                   /lib/x86_64-linux-gnu/libglib-2.0.so.0.4002.0
7f4dca5ec000-7f4dca5ed000 r--p 00105000 08:02 29101894                   /lib/x86_64-linux-gnu/libglib-2.0.so.0.4002.0
7f4dca5ed000-7f4dca5ee000 rw-p 00106000 08:02 29101894                   /lib/x86_64-linux-gnu/libglib-2.0.so.0.4002.0
7f4dca5ee000-7f4dca5ef000 rw-p 00000000 00:00 0 
7f4dca5ef000-7f4dca5f2000 r-xp 00000000 08:02 21234028                   /usr/lib/x86_64-linux-gnu/libgmodule-2.0.so.0.4002.0
7f4dca5f2000-7f4dca7f1000 ---p 00003000 08:02 21234028                   /usr/lib/x86_64-linux-gnu/libgmodule-2.0.so.0.4002.0
7f4dca7f1000-7f4dca7f2000 r--p 00002000 08:02 21234028                   /usr/lib/x86_64-linux-gnu/libgmodule-2.0.so.0.4002.0
7f4dca7f2000-7f4dca7f3000 rw-p 00003000 08:02 21234028                   /usr/lib/x86_64-linux-gnu/libgmodule-2.0.so.0.4002.0
7f4dca7f3000-7f4dca81a000 r-xp 00000000 08:02 29101971                   /lib/x86_64-linux-gnu/libexpat.so.1.6.0
7f4dca81a000-7f4dcaa1a000 ---p 00027000 08:02 29101971                   /lib/x86_64-linux-gnu/libexpat.so.1.6.0
7f4dcaa1a000-7f4dcaa1c000 r--p 00027000 08:02 29101971                   /lib/x86_64-linux-gnu/libexpat.so.1.6.0
7f4dcaa1c000-7f4dcaa1d000 rw-p 00029000 08:02 29101971                   /lib/x86_64-linux-gnu/libexpat.so.1.6.0
7f4dcaa1d000-7f4dcaaba000 r-xp 00000000 08:02 21233752                   /usr/lib/x86_64-linux-gnu/libfreetype.so.6.11.1
7f4dcaaba000-7f4dcacb9000 ---p 0009d000 08:02 21233752                   /usr/lib/x86_64-linux-gnu/libfreetype.so.6.11.1
7f4dcacb9000-7f4dcacbf000 r--p 0009c000 08:02 21233752                   /usr/lib/x86_64-linux-gnu/libfreetype.so.6.11.1
7f4dcacbf000-7f4dcacc0000 rw-p 000a2000 08:02 21233752                   /usr/lib/x86_64-linux-gnu/libfreetype.so.6.11.1
7f4dcacc0000-7f4dcaccf000 r-xp 00000000 08:02 21241320                   /usr/lib/x86_64-linux-gnu/libavahi-client.so.3.2.9
7f4dcaccf000-7f4dcaecf000 ---p 0000f000 08:02 21241320                   /usr/lib/x86_64-linux-gnu/libavahi-client.so.3.2.9
7f4dcaecf000-7f4dcaed0000 r--p 0000f000 08:02 21241320                   /usr/lib/x86_64-linux-gnu/libavahi-client.so.3.2.9
7f4dcaed0000-7f4dcaed1000 rw-p 00010000 08:02 21241320                   /usr/lib/x86_64-linux-gnu/libavahi-client.so.3.2.9
7f4dcaed1000-7f4dcaedc000 r-xp 00000000 08:02 21241322                   /usr/lib/x86_64-linux-gnu/libavahi-common.so.3.5.3
7f4dcaedc000-7f4dcb0db000 ---p 0000b000 08:02 21241322                   /usr/lib/x86_64-linux-gnu/libavahi-common.so.3.5.3
7f4dcb0db000-7f4dcb0dc000 r--p 0000a000 08:02 21241322                   /usr/lib/x86_64-linux-gnu/libavahi-common.so.3.5.3
7f4dcb0dc000-7f4dcb0dd000 rw-p 0000b000 08:02 21241322                   /usr/lib/x86_64-linux-gnu/libavahi-common.so.3.5.3
7f4dcb0dd000-7f4dcb193000 r-xp 00000000 08:02 21235744                   /usr/lib/x86_64-linux-gnu/libgnutls.so.26.22.6
7f4dcb193000-7f4dcb393000 ---p 000b6000 08:02 21235744                   /usr/lib/x86_64-linux-gnu/libgnutls.so.26.22.6
7f4dcb393000-7f4dcb399000 r--p 000b6000 08:02 21235744                   /usr/lib/x86_64-linux-gnu/libgnutls.so.26.22.6
7f4dcb399000-7f4dcb39a000 rw-p 000bc000 08:02 21235744                   /usr/lib/x86_64-linux-gnu/libgnutls.so.26.22.6
7f4dcb39a000-7f4dcb39b000 rw-p 00000000 00:00 0 
7f4dcb39b000-7f4dcb3de000 r-xp 00000000 08:02 21234145                   /usr/lib/x86_64-linux-gnu/libgssapi_krb5.so.2.2
7f4dcb3de000-7f4dcb5de000 ---p 00043000 08:02 21234145                   /usr/lib/x86_64-linux-gnu/libgssapi_krb5.so.2.2
7f4dcb5de000-7f4dcb5df000 r--p 00043000 08:02 21234145                   /usr/lib/x86_64-linux-gnu/libgssapi_krb5.so.2.2
7f4dcb5df000-7f4dcb5e1000 rw-p 00044000 08:02 21234145                   /usr/lib/x86_64-linux-gnu/libgssapi_krb5.so.2.2
7f4dcb5e1000-7f4dcb5fe000 r-xp 00000000 08:02 21242286                   /usr/lib/x86_64-linux-gnu/libxcb.so.1.1.0
7f4dcb5fe000-7f4dcb7fe000 ---p 0001d000 08:02 21242286                   /usr/lib/x86_64-linux-gnu/libxcb.so.1.1.0
7f4dcb7fe000-7f4dcb7ff000 r--p 0001d000 08:02 21242286                   /usr/lib/x86_64-linux-gnu/libxcb.so.1.1.0
7f4dcb7ff000-7f4dcb800000 rw-p 0001e000 08:02 21242286                   /usr/lib/x86_64-linux-gnu/libxcb.so.1.1.0
7f4dcb800000-7f4dcb84f000 r-xp 00000000 08:02 21234046                   /usr/lib/x86_64-linux-gnu/libgobject-2.0.so.0.4002.0
7f4dcb84f000-7f4dcba4f000 ---p 0004f000 08:02 21234046                   /usr/lib/x86_64-linux-gnu/libgobject-2.0.so.0.4002.0
7f4dcba4f000-7f4dcba50000 r--p 0004f000 08:02 21234046                   /usr/lib/x86_64-linux-gnu/libgobject-2.0.so.0.4002.0
7f4dcba50000-7f4dcba51000 rw-p 00050000 08:02 21234046                   /usr/lib/x86_64-linux-gnu/libgobject-2.0.so.0.4002.0
7f4dcba51000-7f4dcbbbd000 r-xp 00000000 08:02 21234050                   /usr/lib/x86_64-linux-gnu/libgio-2.0.so.0.4002.0
7f4dcbbbd000-7f4dcbdbc000 ---p 0016c000 08:02 21234050                   /usr/lib/x86_64-linux-gnu/libgio-2.0.so.0.4002.0
7f4dcbdbc000-7f4dcbdc0000 r--p 0016b000 08:02 21234050                   /usr/lib/x86_64-linux-gnu/libgio-2.0.so.0.4002.0
7f4dcbdc0000-7f4dcbdc2000 rw-p 0016f000 08:02 21234050                   /usr/lib/x86_64-linux-gnu/libgio-2.0.so.0.4002.0
7f4dcbdc2000-7f4dcbdc4000 rw-p 00000000 00:00 0 
7f4dcbdc4000-7f4dcbdfe000 r-xp 00000000 08:02 21241508                   /usr/lib/x86_64-linux-gnu/libfontconfig.so.1.8.0
7f4dcbdfe000-7f4dcbffd000 ---p 0003a000 08:02 21241508                   /usr/lib/x86_64-linux-gnu/libfontconfig.so.1.8.0
7f4dcbffd000-7f4dcbfff000 r--p 00039000 08:02 21241508                   /usr/lib/x86_64-linux-gnu/libfontconfig.so.1.8.0
7f4dcbfff000-7f4dcc000000 rw-p 0003b000 08:02 21241508                   /usr/lib/x86_64-linux-gnu/libfontconfig.so.1.8.0
7f4dcc000000-7f4dcc021000 rw-p 00000000 00:00 0 
7f4dcc021000-7f4dd0000000 ---p 00000000 00:00 0 
7f4dd000a000-7f4dd0019000 r--s 00000000 08:02 25167924                   /usr/share/texlive/texmf-dist/fonts/type1/adobe/courier/pcrro8a.pfb
7f4dd0019000-7f4dd0032000 r--s 00000000 08:02 22285135                   /usr/share/fonts/type1/gsfonts/n022004l.pfb
7f4dd0032000-7f4dd004b000 r--s 00000000 08:02 22285120                   /usr/share/fonts/type1/gsfonts/n021003l.pfb
7f4dd004b000-7f4dd0061000 r--s 00000000 08:02 22285129                   /usr/share/fonts/type1/gsfonts/n021024l.pfb
7f4dd0088000-7f4dd00a9000 rw-s 00000000 00:04 95354912                   /SYSV00000000 (deleted)
7f4dd00a9000-7f4dd00da000 rw-p 00000000 00:00 0 
7f4dd00da000-7f4dd00dd000 ---p 00000000 00:00 0 
7f4dd00dd000-7f4dd01db000 rw-p 00000000 00:00 0                          [stack:14370]
7f4dd01db000-7f4dd0247000 r-xp 00000000 08:02 21234526                   /usr/lib/x86_64-linux-gnu/libcups.so.2
7f4dd0247000-7f4dd0447000 ---p 0006c000 08:02 21234526                   /usr/lib/x86_64-linux-gnu/libcups.so.2
7f4dd0447000-7f4dd044e000 r--p 0006c000 08:02 21234526                   /usr/lib/x86_64-linux-gnu/libcups.so.2
7f4dd044e000-7f4dd044f000 rw-p 00073000 08:02 21234526                   /usr/lib/x86_64-linux-gnu/libcups.so.2
7f4dd044f000-7f4dd045e000 r-xp 00000000 08:02 21241237                   /usr/lib/x86_64-linux-gnu/libXi.so.6.1.0
7f4dd045e000-7f4dd065d000 ---p 0000f000 08:02 21241237                   /usr/lib/x86_64-linux-gnu/libXi.so.6.1.0
7f4dd065d000-7f4dd065e000 r--p 0000e000 08:02 21241237                   /usr/lib/x86_64-linux-gnu/libXi.so.6.1.0
7f4dd065e000-7f4dd065f000 rw-p 0000f000 08:02 21241237                   /usr/lib/x86_64-linux-gnu/libXi.so.6.1.0
7f4dd065f000-7f4dd0664000 r-xp 00000000 08:02 21241257                   /usr/lib/x86_64-linux-gnu/libXtst.so.6.1.0
7f4dd0664000-7f4dd0863000 ---p 00005000 08:02 21241257                   /usr/lib/x86_64-linux-gnu/libXtst.so.6.1.0
7f4dd0863000-7f4dd0864000 r--p 00004000 08:02 21241257                   /usr/lib/x86_64-linux-gnu/libXtst.so.6.1.0
7f4dd0864000-7f4dd0865000 rw-p 00005000 08:02 21241257                   /usr/lib/x86_64-linux-gnu/libXtst.so.6.1.0
7f4dd0865000-7f4dd086e000 r-xp 00000000 08:02 21241251                   /usr/lib/x86_64-linux-gnu/libXrender.so.1.3.0
7f4dd086e000-7f4dd0a6d000 ---p 00009000 08:02 21241251                   /usr/lib/x86_64-linux-gnu/libXrender.so.1.3.0
7f4dd0a6d000-7f4dd0a6e000 r--p 00008000 08:02 21241251                   /usr/lib/x86_64-linux-gnu/libXrender.so.1.3.0
7f4dd0a6e000-7f4dd0a6f000 rw-p 00009000 08:02 21241251                   /usr/lib/x86_64-linux-gnu/libXrender.so.1.3.0
7f4dd0a6f000-7f4dd0b9f000 r-xp 00000000 08:02 21241212                   /usr/lib/x86_64-linux-gnu/libX11.so.6.3.0
7f4dd0b9f000-7f4dd0d9f000 ---p 00130000 08:02 21241212                   /usr/lib/x86_64-linux-gnu/libX11.so.6.3.0
7f4dd0d9f000-7f4dd0da0000 r--p 00130000 08:02 21241212                   /usr/lib/x86_64-linux-gnu/libX11.so.6.3.0
7f4dd0da0000-7f4dd0da4000 rw-p 00131000 08:02 21241212                   /usr/lib/x86_64-linux-gnu/libX11.so.6.3.0
7f4dd0da4000-7f4dd0db5000 r-xp 00000000 08:02 21241229                   /usr/lib/x86_64-linux-gnu/libXext.so.6.4.0
7f4dd0db5000-7f4dd0fb4000 ---p 00011000 08:02 21241229                   /usr/lib/x86_64-linux-gnu/libXext.so.6.4.0
7f4dd0fb4000-7f4dd0fb5000 r--p 00010000 08:02 21241229                   /usr/lib/x86_64-linux-gnu/libXext.so.6.4.0
7f4dd0fb5000-7f4dd0fb6000 rw-p 00011000 08:02 21241229                   /usr/lib/x86_64-linux-gnu/libXext.so.6.4.0
7f4dd0fd3000-7f4dd101b000 r-xp 00000000 08:02 25429955                   /usr/lib/jvm/java-7-openjdk-amd64/jre/lib/amd64/xawt/libmawt.so
7f4dd101b000-7f4dd121a000 ---p 00048000 08:02 25429955                   /usr/lib/jvm/java-7-openjdk-amd64/jre/lib/amd64/xawt/libmawt.so
7f4dd121a000-7f4dd121b000 r--p 00047000 08:02 25429955                   /usr/lib/jvm/java-7-openjdk-amd64/jre/lib/amd64/xawt/libmawt.so
7f4dd121b000-7f4dd121e000 rw-p 00048000 08:02 25429955                   /usr/lib/jvm/java-7-openjdk-amd64/jre/lib/amd64/xawt/libmawt.so
7f4dd121e000-7f4dd121f000 rw-p 00000000 00:00 0 
7f4dd121f000-7f4dd12bf000 r-xp 00000000 08:02 22427627                   /usr/lib/jvm/java-7-openjdk-amd64/jre/lib/amd64/libawt.so
7f4dd12bf000-7f4dd14bf000 ---p 000a0000 08:02 22427627                   /usr/lib/jvm/java-7-openjdk-amd64/jre/lib/amd64/libawt.so
7f4dd14bf000-7f4dd14c0000 r--p 000a0000 08:02 22427627                   /usr/lib/jvm/java-7-openjdk-amd64/jre/lib/amd64/libawt.so
7f4dd14c0000-7f4dd14cb000 rw-p 000a1000 08:02 22427627                   /usr/lib/jvm/java-7-openjdk-amd64/jre/lib/amd64/libawt.so
7f4dd14cb000-7f4dd14f0000 rw-p 00000000 00:00 0 
7f4dd14f0000-7f4dd14f1000 ---p 00000000 00:00 0 
7f4dd14f1000-7f4dd15f1000 rw-p 00000000 00:00 0                          [stack:14369]
7f4dd15f1000-7f4dd15f4000 ---p 00000000 00:00 0 
7f4dd15f4000-7f4dd16f2000 rw-p 00000000 00:00 0                          [stack:14368]
7f4dd16f2000-7f4dd16f5000 ---p 00000000 00:00 0 
7f4dd16f5000-7f4dd17f3000 rw-p 00000000 00:00 0                          [stack:14367]
7f4dd17f3000-7f4dd17f6000 ---p 00000000 00:00 0 
7f4dd17f6000-7f4dd18f4000 rw-p 00000000 00:00 0                          [stack:14366]
7f4dd18f4000-7f4dd18f7000 ---p 00000000 00:00 0 
7f4dd18f7000-7f4dd19f5000 rw-p 00000000 00:00 0                          [stack:14365]
7f4dd19f5000-7f4dd20d7000 r--p 00000000 08:02 21240327                   /usr/lib/locale/locale-archive
7f4dd20d7000-7f4dd20da000 ---p 00000000 00:00 0 
7f4dd20da000-7f4dd21d8000 rw-p 00000000 00:00 0                          [stack:14364]
7f4dd21d8000-7f4dd21db000 ---p 00000000 00:00 0 
7f4dd21db000-7f4dd22d9000 rw-p 00000000 00:00 0                          [stack:14363]
7f4dd22d9000-7f4dd22da000 ---p 00000000 00:00 0 
7f4dd22da000-7f4dd33d7000 rw-p 00000000 00:00 0                          [stack:14362]
7f4dd33d7000-7f4dd3589000 r--s 01d23000 08:02 22427265                   /usr/lib/jvm/java-7-openjdk-amd64/jre/lib/rt.jar
7f4dd3589000-7f4dd3aab000 rw-p 00000000 00:00 0 
7f4dd3aab000-7f4dd3aac000 ---p 00000000 00:00 0 
7f4dd3aac000-7f4dd3bac000 rw-p 00000000 00:00 0                          [stack:14361]
7f4dd3bac000-7f4dd3bad000 ---p 00000000 00:00 0 
7f4dd3bad000-7f4dd3cad000 rw-p 00000000 00:00 0                          [stack:14360]
7f4dd3cad000-7f4dd3cae000 ---p 00000000 00:00 0 
7f4dd3cae000-7f4dd3dae000 rw-p 00000000 00:00 0                          [stack:14359]
7f4dd3dae000-7f4dd3daf000 ---p 00000000 00:00 0 
7f4dd3daf000-7f4dd3eba000 rw-p 00000000 00:00 0                          [stack:14358]
7f4dd3eba000-7f4dd3f02000 rw-p 00000000 00:00 0 
7f4dd3f02000-7f4dd3f2b000 rw-p 00000000 00:00 0 
7f4dd3f2b000-7f4dd4191000 rw-p 00000000 00:00 0 
7f4dd4191000-7f4dd419c000 rw-p 00000000 00:00 0 
7f4dd419c000-7f4dd41e4000 rw-p 00000000 00:00 0 
7f4dd41e4000-7f4dd420d000 rw-p 00000000 00:00 0 
7f4dd420d000-7f4dd4472000 rw-p 00000000 00:00 0 
7f4dd4472000-7f4dd4487000 rw-p 00000000 00:00 0 
7f4dd4487000-7f4dd45ba000 rw-p 00000000 00:00 0 
7f4dd45ba000-7f4dd45bb000 rw-p 00000000 00:00 0 
7f4dd45bb000-7f4dd482b000 rwxp 00000000 00:00 0 
7f4dd482b000-7f4dd75bb000 rw-p 00000000 00:00 0 
7f4dd75bb000-7f4dd75c3000 r-xp 00000000 08:02 22427663                   /usr/lib/jvm/java-7-openjdk-amd64/jre/lib/amd64/libzip.so
7f4dd75c3000-7f4dd77c2000 ---p 00008000 08:02 22427663                   /usr/lib/jvm/java-7-openjdk-amd64/jre/lib/amd64/libzip.so
7f4dd77c2000-7f4dd77c3000 r--p 00007000 08:02 22427663                   /usr/lib/jvm/java-7-openjdk-amd64/jre/lib/amd64/libzip.so
7f4dd77c3000-7f4dd77c4000 rw-p 00008000 08:02 22427663                   /usr/lib/jvm/java-7-openjdk-amd64/jre/lib/amd64/libzip.so
7f4dd77c4000-7f4dd77cf000 r-xp 00000000 08:02 29098086                   /lib/x86_64-linux-gnu/libnss_files-2.19.so
7f4dd77cf000-7f4dd79ce000 ---p 0000b000 08:02 29098086                   /lib/x86_64-linux-gnu/libnss_files-2.19.so
7f4dd79ce000-7f4dd79cf000 r--p 0000a000 08:02 29098086                   /lib/x86_64-linux-gnu/libnss_files-2.19.so
7f4dd79cf000-7f4dd79d0000 rw-p 0000b000 08:02 29098086                   /lib/x86_64-linux-gnu/libnss_files-2.19.so
7f4dd79d0000-7f4dd79db000 r-xp 00000000 08:02 29098221                   /lib/x86_64-linux-gnu/libnss_nis-2.19.so
7f4dd79db000-7f4dd7bda000 ---p 0000b000 08:02 29098221                   /lib/x86_64-linux-gnu/libnss_nis-2.19.so
7f4dd7bda000-7f4dd7bdb000 r--p 0000a000 08:02 29098221                   /lib/x86_64-linux-gnu/libnss_nis-2.19.so
7f4dd7bdb000-7f4dd7bdc000 rw-p 0000b000 08:02 29098221                   /lib/x86_64-linux-gnu/libnss_nis-2.19.so
7f4dd7bdc000-7f4dd7bf3000 r-xp 00000000 08:02 29098199                   /lib/x86_64-linux-gnu/libnsl-2.19.so
7f4dd7bf3000-7f4dd7df2000 ---p 00017000 08:02 29098199                   /lib/x86_64-linux-gnu/libnsl-2.19.so
7f4dd7df2000-7f4dd7df3000 r--p 00016000 08:02 29098199                   /lib/x86_64-linux-gnu/libnsl-2.19.so
7f4dd7df3000-7f4dd7df4000 rw-p 00017000 08:02 29098199                   /lib/x86_64-linux-gnu/libnsl-2.19.so
7f4dd7df4000-7f4dd7df6000 rw-p 00000000 00:00 0 
7f4dd7df6000-7f4dd7dff000 r-xp 00000000 08:02 29098197                   /lib/x86_64-linux-gnu/libnss_compat-2.19.so
7f4dd7dff000-7f4dd7ffe000 ---p 00009000 08:02 29098197                   /lib/x86_64-linux-gnu/libnss_compat-2.19.so
7f4dd7ffe000-7f4dd7fff000 r--p 00008000 08:02 29098197                   /lib/x86_64-linux-gnu/libnss_compat-2.19.so
7f4dd7fff000-7f4dd8000000 rw-p 00009000 08:02 29098197                   /lib/x86_64-linux-gnu/libnss_compat-2.19.so
7f4dd8000000-7f4dd82cd000 rw-p 00000000 00:00 0 
7f4dd82cd000-7f4ddc000000 ---p 00000000 00:00 0 
7f4ddc001000-7f4ddc004000 r--s 00017000 08:02 22424099                   /usr/lib/jvm/java-7-openjdk-amd64/jre/lib/jce.jar
7f4ddc004000-7f4ddc008000 r--s 0004d000 08:02 22427271                   /usr/lib/jvm/java-7-openjdk-amd64/jre/lib/jsse.jar
7f4ddc018000-7f4ddc042000 rw-p 00000000 00:00 0 
7f4ddc042000-7f4ddc06d000 r-xp 00000000 08:02 22427625                   /usr/lib/jvm/java-7-openjdk-amd64/jre/lib/amd64/libjava.so
7f4ddc06d000-7f4ddc26d000 ---p 0002b000 08:02 22427625                   /usr/lib/jvm/java-7-openjdk-amd64/jre/lib/amd64/libjava.so
7f4ddc26d000-7f4ddc26e000 r--p 0002b000 08:02 22427625                   /usr/lib/jvm/java-7-openjdk-amd64/jre/lib/amd64/libjava.so
7f4ddc26e000-7f4ddc270000 rw-p 0002c000 08:02 22427625                   /usr/lib/jvm/java-7-openjdk-amd64/jre/lib/amd64/libjava.so
7f4ddc270000-7f4ddc280000 r-xp 00000000 08:02 22427623                   /usr/lib/jvm/java-7-openjdk-amd64/jre/lib/amd64/libverify.so
7f4ddc280000-7f4ddc47f000 ---p 00010000 08:02 22427623                   /usr/lib/jvm/java-7-openjdk-amd64/jre/lib/amd64/libverify.so
7f4ddc47f000-7f4ddc481000 r--p 0000f000 08:02 22427623                   /usr/lib/jvm/java-7-openjdk-amd64/jre/lib/amd64/libverify.so
7f4ddc481000-7f4ddc482000 rw-p 00011000 08:02 22427623                   /usr/lib/jvm/java-7-openjdk-amd64/jre/lib/amd64/libverify.so
7f4ddc482000-7f4ddc489000 r-xp 00000000 08:02 29098215                   /lib/x86_64-linux-gnu/librt-2.19.so
7f4ddc489000-7f4ddc688000 ---p 00007000 08:02 29098215                   /lib/x86_64-linux-gnu/librt-2.19.so
7f4ddc688000-7f4ddc689000 r--p 00006000 08:02 29098215                   /lib/x86_64-linux-gnu/librt-2.19.so
7f4ddc689000-7f4ddc68a000 rw-p 00007000 08:02 29098215                   /lib/x86_64-linux-gnu/librt-2.19.so
7f4ddc68a000-7f4ddc6a0000 r-xp 00000000 08:02 29101926                   /lib/x86_64-linux-gnu/libgcc_s.so.1
7f4ddc6a0000-7f4ddc89f000 ---p 00016000 08:02 29101926                   /lib/x86_64-linux-gnu/libgcc_s.so.1
7f4ddc89f000-7f4ddc8a0000 rw-p 00015000 08:02 29101926                   /lib/x86_64-linux-gnu/libgcc_s.so.1
7f4ddc8a0000-7f4ddc9a5000 r-xp 00000000 08:02 29098083                   /lib/x86_64-linux-gnu/libm-2.19.so
7f4ddc9a5000-7f4ddcba4000 ---p 00105000 08:02 29098083                   /lib/x86_64-linux-gnu/libm-2.19.so
7f4ddcba4000-7f4ddcba5000 r--p 00104000 08:02 29098083                   /lib/x86_64-linux-gnu/libm-2.19.so
7f4ddcba5000-7f4ddcba6000 rw-p 00105000 08:02 29098083                   /lib/x86_64-linux-gnu/libm-2.19.so
7f4ddcba6000-7f4ddcc8c000 r-xp 00000000 08:02 21242122                   /usr/lib/x86_64-linux-gnu/libstdc++.so.6.0.19
7f4ddcc8c000-7f4ddce8b000 ---p 000e6000 08:02 21242122                   /usr/lib/x86_64-linux-gnu/libstdc++.so.6.0.19
7f4ddce8b000-7f4ddce93000 r--p 000e5000 08:02 21242122                   /usr/lib/x86_64-linux-gnu/libstdc++.so.6.0.19
7f4ddce93000-7f4ddce95000 rw-p 000ed000 08:02 21242122                   /usr/lib/x86_64-linux-gnu/libstdc++.so.6.0.19
7f4ddce95000-7f4ddceaa000 rw-p 00000000 00:00 0 
7f4ddceaa000-7f4ddd9c2000 r-xp 00000000 08:02 22566066                   /usr/lib/jvm/java-7-openjdk-amd64/jre/lib/amd64/server/libjvm.so
7f4ddd9c2000-7f4dddbc2000 ---p 00b18000 08:02 22566066                   /usr/lib/jvm/java-7-openjdk-amd64/jre/lib/amd64/server/libjvm.so
7f4dddbc2000-7f4dddc5c000 r--p 00b18000 08:02 22566066                   /usr/lib/jvm/java-7-openjdk-amd64/jre/lib/amd64/server/libjvm.so
7f4dddc5c000-7f4dddc7f000 rw-p 00bb2000 08:02 22566066                   /usr/lib/jvm/java-7-openjdk-amd64/jre/lib/amd64/server/libjvm.so
7f4dddc7f000-7f4dddcad000 rw-p 00000000 00:00 0 
7f4dddcad000-7f4dddcc5000 r-xp 00000000 08:02 29102112                   /lib/x86_64-linux-gnu/libz.so.1.2.8
7f4dddcc5000-7f4dddec4000 ---p 00018000 08:02 29102112                   /lib/x86_64-linux-gnu/libz.so.1.2.8
7f4dddec4000-7f4dddec5000 r--p 00017000 08:02 29102112                   /lib/x86_64-linux-gnu/libz.so.1.2.8
7f4dddec5000-7f4dddec6000 rw-p 00018000 08:02 29102112                   /lib/x86_64-linux-gnu/libz.so.1.2.8
7f4dddec6000-7f4dddedf000 r-xp 00000000 08:02 29098211                   /lib/x86_64-linux-gnu/libpthread-2.19.so
7f4dddedf000-7f4dde0de000 ---p 00019000 08:02 29098211                   /lib/x86_64-linux-gnu/libpthread-2.19.so
7f4dde0de000-7f4dde0df000 r--p 00018000 08:02 29098211                   /lib/x86_64-linux-gnu/libpthread-2.19.so
7f4dde0df000-7f4dde0e0000 rw-p 00019000 08:02 29098211                   /lib/x86_64-linux-gnu/libpthread-2.19.so
7f4dde0e0000-7f4dde0e4000 rw-p 00000000 00:00 0 
7f4dde0e4000-7f4dde0e7000 r-xp 00000000 08:02 29098187                   /lib/x86_64-linux-gnu/libdl-2.19.so
7f4dde0e7000-7f4dde2e6000 ---p 00003000 08:02 29098187                   /lib/x86_64-linux-gnu/libdl-2.19.so
7f4dde2e6000-7f4dde2e7000 r--p 00002000 08:02 29098187                   /lib/x86_64-linux-gnu/libdl-2.19.so
7f4dde2e7000-7f4dde2e8000 rw-p 00003000 08:02 29098187                   /lib/x86_64-linux-gnu/libdl-2.19.so
7f4dde2e8000-7f4dde4a3000 r-xp 00000000 08:02 29098209                   /lib/x86_64-linux-gnu/libc-2.19.so
7f4dde4a3000-7f4dde6a2000 ---p 001bb000 08:02 29098209                   /lib/x86_64-linux-gnu/libc-2.19.so
7f4dde6a2000-7f4dde6a6000 r--p 001ba000 08:02 29098209                   /lib/x86_64-linux-gnu/libc-2.19.so
7f4dde6a6000-7f4dde6a8000 rw-p 001be000 08:02 29098209                   /lib/x86_64-linux-gnu/libc-2.19.so
7f4dde6a8000-7f4dde6ad000 rw-p 00000000 00:00 0 
7f4dde6ad000-7f4dde6ba000 r-xp 00000000 08:02 22566054                   /usr/lib/jvm/java-7-openjdk-amd64/jre/lib/amd64/jli/libjli.so
7f4dde6ba000-7f4dde8b9000 ---p 0000d000 08:02 22566054                   /usr/lib/jvm/java-7-openjdk-amd64/jre/lib/amd64/jli/libjli.so
7f4dde8b9000-7f4dde8ba000 r--p 0000c000 08:02 22566054                   /usr/lib/jvm/java-7-openjdk-amd64/jre/lib/amd64/jli/libjli.so
7f4dde8ba000-7f4dde8bb000 rw-p 0000d000 08:02 22566054                   /usr/lib/jvm/java-7-openjdk-amd64/jre/lib/amd64/jli/libjli.so
7f4dde8bb000-7f4dde8de000 r-xp 00000000 08:02 29098203                   /lib/x86_64-linux-gnu/ld-2.19.so
7f4dde8e1000-7f4dde8e6000 rw-s 00000000 00:04 95944783                   /SYSV00000000 (deleted)
7f4dde8ef000-7f4dde8f8000 r--s 000b9000 08:02 22427269                   /usr/lib/jvm/java-7-openjdk-amd64/jre/lib/resources.jar
7f4dde8f8000-7f4dde902000 rw-p 00000000 00:00 0 
7f4dde902000-7f4dde9b8000 rw-p 00000000 00:00 0 
7f4dde9b8000-7f4dde9bb000 ---p 00000000 00:00 0 
7f4dde9bb000-7f4ddeabe000 rw-p 00000000 00:00 0                          [stack:14357]
7f4ddeabe000-7f4ddeac1000 r--s 00086000 08:02 22695073                   /usr/lib/jvm/java-7-openjdk-amd64/jre/lib/ext/localedata.jar
7f4ddeac1000-7f4ddeac5000 r--s 00034000 08:02 22695070                   /usr/lib/jvm/java-7-openjdk-amd64/jre/lib/ext/sunjce_provider.jar
7f4ddeac5000-7f4ddeac7000 r--s 00006000 08:02 21630820                   /usr/share/java/java-atk-wrapper.jar
7f4ddeac7000-7f4ddeac9000 r--s 00012000 08:02 22695071                   /usr/lib/jvm/java-7-openjdk-amd64/jre/lib/ext/zipfs.jar
7f4ddeac9000-7f4ddeacc000 r--s 0000f000 08:02 22695068                   /usr/lib/jvm/java-7-openjdk-amd64/jre/lib/ext/icedtea-sound.jar
7f4ddeacc000-7f4ddeacd000 r--s 00002000 08:02 22695072                   /usr/lib/jvm/java-7-openjdk-amd64/jre/lib/ext/dnsns.jar
7f4ddeacd000-7f4ddead1000 r--s 0003c000 08:02 22695069                   /usr/lib/jvm/java-7-openjdk-amd64/jre/lib/ext/sunpkcs11.jar
7f4ddead1000-7f4ddead9000 rw-s 00000000 08:02 15729240                   /tmp/hsperfdata_sohamp/14351
7f4ddead9000-7f4ddeada000 rw-p 00000000 00:00 0 
7f4ddeada000-7f4ddeadb000 r--p 00000000 00:00 0 
7f4ddeadb000-7f4ddeadd000 rw-p 00000000 00:00 0 
7f4ddeadd000-7f4ddeade000 r--p 00022000 08:02 29098203                   /lib/x86_64-linux-gnu/ld-2.19.so
7f4ddeade000-7f4ddeadf000 rw-p 00023000 08:02 29098203                   /lib/x86_64-linux-gnu/ld-2.19.so
7f4ddeadf000-7f4ddeae0000 rw-p 00000000 00:00 0 
7ffc75dbe000-7ffc75ddf000 rw-p 00000000 00:00 0                          [stack]
7ffc75df6000-7ffc75df8000 r-xp 00000000 00:00 0                          [vdso]
ffffffffff600000-ffffffffff601000 r-xp 00000000 00:00 0                  [vsyscall]

VM Arguments:
jvm_args: -Dfile.encoding=UTF-8 
java_command: Driver
Launcher Type: SUN_STANDARD

Environment Variables:
PATH=/usr/local/sbin:/usr/local/bin:/usr/sbin:/usr/bin:/sbin:/bin:/usr/games:/usr/local/games
SHELL=/bin/bash
DISPLAY=:0

Signal Handlers:
SIGSEGV: [libjvm.so+0x94b4b0], sa_mask[0]=0x7ffbfeff, sa_flags=0x10000004
SIGBUS: [libjvm.so+0x94b4b0], sa_mask[0]=0x7ffbfeff, sa_flags=0x10000004
SIGFPE: [libjvm.so+0x7c3390], sa_mask[0]=0x7ffbfeff, sa_flags=0x10000004
SIGPIPE: SIG_IGN, sa_mask[0]=0x00000000, sa_flags=0x00000000
SIGXFSZ: [libjvm.so+0x7c3390], sa_mask[0]=0x7ffbfeff, sa_flags=0x10000004
SIGILL: [libjvm.so+0x7c3390], sa_mask[0]=0x7ffbfeff, sa_flags=0x10000004
SIGUSR1: SIG_DFL, sa_mask[0]=0x00000000, sa_flags=0x00000000
SIGUSR2: [libjvm.so+0x7c3230], sa_mask[0]=0x00000004, sa_flags=0x10000004
SIGHUP: [libjvm.so+0x7c3410], sa_mask[0]=0x7ffbfeff, sa_flags=0x10000004
SIGINT: [libjvm.so+0x7c3410], sa_mask[0]=0x7ffbfeff, sa_flags=0x10000004
SIGTERM: [libjvm.so+0x7c3410], sa_mask[0]=0x7ffbfeff, sa_flags=0x10000004
SIGQUIT: [libjvm.so+0x7c3410], sa_mask[0]=0x7ffbfeff, sa_flags=0x10000004
SIGTRAP: SIG_DFL, sa_mask[0]=0x00000000, sa_flags=0x00000000


---------------  S Y S T E M  ---------------

OS:Ubuntu 14.04 (trusty)
uname:Linux 3.13.0-49-generic #81-Ubuntu SMP Tue Mar 24 19:29:48 UTC 2015 x86_64
libc:glibc 2.19 NPTL 2.19 
rlimit: STACK 8192k, CORE 0k, NPROC 62149, NOFILE 4096, AS infinity
load average:15.77 4.71 2.21

/proc/meminfo:
MemTotal:        8042708 kB
MemFree:         1906788 kB
Buffers:           13580 kB
Cached:           801236 kB
SwapCached:       122808 kB
Active:          4731544 kB
Inactive:        1088356 kB
Active(anon):    4662364 kB
Inactive(anon):   978488 kB
Active(file):      69180 kB
Inactive(file):   109868 kB
Unevictable:           0 kB
Mlocked:               0 kB
SwapTotal:       8254460 kB
SwapFree:        7671320 kB
Dirty:              4780 kB
Writeback:             0 kB
AnonPages:       4887164 kB
Mapped:           214072 kB
Shmem:            635484 kB
Slab:             140948 kB
SReclaimable:      80408 kB
SUnreclaim:        60540 kB
KernelStack:       16216 kB
PageTables:        52636 kB
NFS_Unstable:          0 kB
Bounce:                0 kB
WritebackTmp:          0 kB
CommitLimit:    12275812 kB
Committed_AS:   18868036 kB
VmallocTotal:   34359738367 kB
VmallocUsed:      570412 kB
VmallocChunk:   34359143420 kB
HardwareCorrupted:     0 kB
AnonHugePages:   2588672 kB
HugePages_Total:       0
HugePages_Free:        0
HugePages_Rsvd:        0
HugePages_Surp:        0
Hugepagesize:       2048 kB
DirectMap4k:      128764 kB
DirectMap2M:     8126464 kB


CPU:total 4 (2 cores per cpu, 2 threads per core) family 6 model 58 stepping 9, cmov, cx8, fxsr, mmx, sse, sse2, sse3, ssse3, sse4.1, sse4.2, popcnt, avx, aes, erms, ht, tsc, tscinvbit, tscinv

/proc/cpuinfo:
processor	: 0
vendor_id	: GenuineIntel
cpu family	: 6
model		: 58
model name	: Intel(R) Core(TM) i7-3537U CPU @ 2.00GHz
stepping	: 9
microcode	: 0x17
cpu MHz		: 2000.000
cache size	: 4096 KB
physical id	: 0
siblings	: 4
core id		: 0
cpu cores	: 2
apicid		: 0
initial apicid	: 0
fpu		: yes
fpu_exception	: yes
cpuid level	: 13
wp		: yes
flags		: fpu vme de pse tsc msr pae mce cx8 apic sep mtrr pge mca cmov pat pse36 clflush dts acpi mmx fxsr sse sse2 ss ht tm pbe syscall nx rdtscp lm constant_tsc arch_perfmon pebs bts rep_good nopl xtopology nonstop_tsc aperfmperf eagerfpu pni pclmulqdq dtes64 monitor ds_cpl vmx est tm2 ssse3 cx16 xtpr pdcm pcid sse4_1 sse4_2 x2apic popcnt tsc_deadline_timer aes xsave avx f16c rdrand lahf_lm ida arat epb xsaveopt pln pts dtherm tpr_shadow vnmi flexpriority ept vpid fsgsbase smep erms
bogomips	: 4988.50
clflush size	: 64
cache_alignment	: 64
address sizes	: 36 bits physical, 48 bits virtual
power management:

processor	: 1
vendor_id	: GenuineIntel
cpu family	: 6
model		: 58
model name	: Intel(R) Core(TM) i7-3537U CPU @ 2.00GHz
stepping	: 9
microcode	: 0x17
cpu MHz		: 2000.000
cache size	: 4096 KB
physical id	: 0
siblings	: 4
core id		: 0
cpu cores	: 2
apicid		: 1
initial apicid	: 1
fpu		: yes
fpu_exception	: yes
cpuid level	: 13
wp		: yes
flags		: fpu vme de pse tsc msr pae mce cx8 apic sep mtrr pge mca cmov pat pse36 clflush dts acpi mmx fxsr sse sse2 ss ht tm pbe syscall nx rdtscp lm constant_tsc arch_perfmon pebs bts rep_good nopl xtopology nonstop_tsc aperfmperf eagerfpu pni pclmulqdq dtes64 monitor ds_cpl vmx est tm2 ssse3 cx16 xtpr pdcm pcid sse4_1 sse4_2 x2apic popcnt tsc_deadline_timer aes xsave avx f16c rdrand lahf_lm ida arat epb xsaveopt pln pts dtherm tpr_shadow vnmi flexpriority ept vpid fsgsbase smep erms
bogomips	: 4988.50
clflush size	: 64
cache_alignment	: 64
address sizes	: 36 bits physical, 48 bits virtual
power management:

processor	: 2
vendor_id	: GenuineIntel
cpu family	: 6
model		: 58
model name	: Intel(R) Core(TM) i7-3537U CPU @ 2.00GHz
stepping	: 9
microcode	: 0x17
cpu MHz		: 2000.000
cache size	: 4096 KB
physical id	: 0
siblings	: 4
core id		: 1
cpu cores	: 2
apicid		: 2
initial apicid	: 2
fpu		: yes
fpu_exception	: yes
cpuid level	: 13
wp		: yes
flags		: fpu vme de pse tsc msr pae mce cx8 apic sep mtrr pge mca cmov pat pse36 clflush dts acpi mmx fxsr sse sse2 ss ht tm pbe syscall nx rdtscp lm constant_tsc arch_perfmon pebs bts rep_good nopl xtopology nonstop_tsc aperfmperf eagerfpu pni pclmulqdq dtes64 monitor ds_cpl vmx est tm2 ssse3 cx16 xtpr pdcm pcid sse4_1 sse4_2 x2apic popcnt tsc_deadline_timer aes xsave avx f16c rdrand lahf_lm ida arat epb xsaveopt pln pts dtherm tpr_shadow vnmi flexpriority ept vpid fsgsbase smep erms
bogomips	: 4988.50
clflush size	: 64
cache_alignment	: 64
address sizes	: 36 bits physical, 48 bits virtual
power management:

processor	: 3
vendor_id	: GenuineIntel
cpu family	: 6
model		: 58
model name	: Intel(R) Core(TM) i7-3537U CPU @ 2.00GHz
stepping	: 9
microcode	: 0x17
cpu MHz		: 2000.000
cache size	: 4096 KB
physical id	: 0
siblings	: 4
core id		: 1
cpu cores	: 2
apicid		: 3
initial apicid	: 3
fpu		: yes
fpu_exception	: yes
cpuid level	: 13
wp		: yes
flags		: fpu vme de pse tsc msr pae mce cx8 apic sep mtrr pge mca cmov pat pse36 clflush dts acpi mmx fxsr sse sse2 ss ht tm pbe syscall nx rdtscp lm constant_tsc arch_perfmon pebs bts rep_good nopl xtopology nonstop_tsc aperfmperf eagerfpu pni pclmulqdq dtes64 monitor ds_cpl vmx est tm2 ssse3 cx16 xtpr pdcm pcid sse4_1 sse4_2 x2apic popcnt tsc_deadline_timer aes xsave avx f16c rdrand lahf_lm ida arat epb xsaveopt pln pts dtherm tpr_shadow vnmi flexpriority ept vpid fsgsbase smep erms
bogomips	: 4988.50
clflush size	: 64
cache_alignment	: 64
address sizes	: 36 bits physical, 48 bits virtual
power management:



Memory: 4k page, physical 8042708k(1906788k free), swap 8254460k(7671320k free)

vm_info: OpenJDK 64-Bit Server VM (24.75-b04) for linux-amd64 JRE (1.7.0_75-b13), built on Jan 27 2015 00:38:59 by "buildd" with gcc 4.8.2

time: Sun Apr 12 10:23:59 2015
elapsed time: 38077 seconds

